Query: 1
Nearest Neighbor-1: 1885
distanceHypercube: 313.076668
distanceTrue: 276.781502
Nearest Neighbor-2: 3626
distanceHypercube: 323.783879
distanceTrue: 277.495946
Nearest Neighbor-3: 1065
distanceHypercube: 328.612233
distanceTrue: 282.315426
Nearest Neighbor-4: 8888
distanceHypercube: 332.963962
distanceTrue: 283.637092
Nearest Neighbor-5: 2777
distanceHypercube: 334.644588
distanceTrue: 284.596205
tHypercube:  0.002092
tTrue: 0.019810
R-near neighbors:
1885
3626
1065
8888
2777
2649
2775
124
98
6140
Query: 2
Nearest Neighbor-1: 146
distanceHypercube: 278.204960
distanceTrue: 256.852098
Nearest Neighbor-2: 4098
distanceHypercube: 280.212419
distanceTrue: 259.913447
Nearest Neighbor-3: 9577
distanceHypercube: 283.070663
distanceTrue: 262.895416
Nearest Neighbor-4: 2909
distanceHypercube: 299.182219
distanceTrue: 262.925845
Nearest Neighbor-5: 3568
distanceHypercube: 299.230680
distanceTrue: 264.932067
tHypercube:  0.002514
tTrue: 0.019419
R-near neighbors:
146
4098
9577
2909
3568
801
9524
530
950
3850
9694
612
404
990
2041
9213
3544
9702
3013
643
2106
9527
1917
2936
508
3263
3945
9578
8800
684
1379
5384
6831
954
123
3615
3955
925
3816
610
4302
3249
9806
863
2031
2039
4184
4487
806
1989
1759
1460
319
2440
1464
5624
3231
1867
2945
1519
1972
3336
Query: 3
Nearest Neighbor-1: 9973
distanceHypercube: 227.725712
distanceTrue: 206.736547
Nearest Neighbor-2: 7415
distanceHypercube: 262.169792
distanceTrue: 219.460703
Nearest Neighbor-3: 9721
distanceHypercube: 268.877295
distanceTrue: 222.551118
Nearest Neighbor-4: 1289
distanceHypercube: 269.206241
distanceTrue: 227.725712
Nearest Neighbor-5: 6029
distanceHypercube: 275.632001
distanceTrue: 241.754007
tHypercube:  0.002711
tTrue: 0.019920
R-near neighbors:
9973
7415
9721
1289
6029
5339
8196
1322
5712
4826
7050
6823
6911
8600
7060
7726
9298
6680
634
9841
8981
238
7997
4982
4274
6057
4864
7582
6742
3581
9876
6758
7614
1276
9232
9800
5904
1278
4725
426
2749
7580
5216
4109
4312
537
4704
7457
7411
6740
4597
6827
3962
1719
766
4720
6895
6849
5519
7025
7262
2656
2676
444
4355
7543
8142
6404
2826
7423
352
8719
6703
Query: 4
Nearest Neighbor-1: 9826
distanceHypercube: 216.843261
distanceTrue: 215.176672
Nearest Neighbor-2: 9577
distanceHypercube: 258.706397
distanceTrue: 216.843261
Nearest Neighbor-3: 2309
distanceHypercube: 277.315705
distanceTrue: 236.137672
Nearest Neighbor-4: 9806
distanceHypercube: 278.761547
distanceTrue: 242.206523
Nearest Neighbor-5: 9212
distanceHypercube: 279.370721
distanceTrue: 249.621714
tHypercube:  0.002505
tTrue: 0.019810
R-near neighbors:
9826
9577
2309
9806
9212
3999
8800
3544
2113
9527
9694
2740
9845
1880
2590
2744
4301
2006
132
3067
1896
2331
508
1917
9647
9213
1835
3241
9630
1897
27
2751
839
3531
2176
3955
3347
4290
4103
4015
Query: 5
Nearest Neighbor-1: 5898
distanceHypercube: 279.383249
distanceTrue: 250.509481
Nearest Neighbor-2: 4765
distanceHypercube: 282.361470
distanceTrue: 257.538347
Nearest Neighbor-3: 4560
distanceHypercube: 282.733090
distanceTrue: 265.067916
Nearest Neighbor-4: 918
distanceHypercube: 295.276142
distanceTrue: 267.277010
Nearest Neighbor-5: 4716
distanceHypercube: 303.641236
distanceTrue: 279.383249
tHypercube:  0.002518
tTrue: 0.019928
R-near neighbors:
5898
4765
4560
918
4716
8398
1587
4625
8631
7124
1331
5304
732
1824
166
7302
3053
4784
5835
9530
725
6524
1392
1348
5832
7549
3901
2857
5147
2546
5778
1657
731
113
4877
Query: 6
Nearest Neighbor-1: 3228
distanceHypercube: 300.524541
distanceTrue: 275.150868
Nearest Neighbor-2: 4247
distanceHypercube: 317.998428
distanceTrue: 287.503043
Nearest Neighbor-3: 1404
distanceHypercube: 325.385925
distanceTrue: 293.819673
Nearest Neighbor-4: 6768
distanceHypercube: 331.134414
distanceTrue: 300.524541
Nearest Neighbor-5: 8845
distanceHypercube: 336.113076
distanceTrue: 304.816338
tHypercube:  0.002669
tTrue: 0.020261
R-near neighbors:
3228
4247
1404
6768
8845
122
Query: 7
Nearest Neighbor-1: 9652
distanceHypercube: 283.889063
distanceTrue: 246.609002
Nearest Neighbor-2: 3997
distanceHypercube: 284.652420
distanceTrue: 252.816139
Nearest Neighbor-3: 3795
distanceHypercube: 300.326489
distanceTrue: 255.804613
Nearest Neighbor-4: 2696
distanceHypercube: 308.731275
distanceTrue: 256.105447
Nearest Neighbor-5: 2742
distanceHypercube: 309.846736
distanceTrue: 258.336989
tHypercube:  0.002501
tTrue: 0.020155
R-near neighbors:
9652
3997
3795
2696
2742
3830
2757
9808
3450
504
1318
2544
3380
1251
147
9127
408
172
673
525
663
9565
1255
1998
4088
8888
2359
1164
8773
1610
4379
3062
2579
1994
2906
616
2959
3122
1699
2376
3712
4413
6982
2766
3968
9541
6900
1292
2098
3363
1013
958
8480
3305
3856
7830
Query: 8
Nearest Neighbor-1: 4598
distanceHypercube: 205.092662
distanceTrue: 173.948268
Nearest Neighbor-2: 7587
distanceHypercube: 210.819828
distanceTrue: 177.727319
Nearest Neighbor-3: 7119
distanceHypercube: 253.523174
distanceTrue: 196.402648
Nearest Neighbor-4: 859
distanceHypercube: 265.885314
distanceTrue: 197.560117
Nearest Neighbor-5: 6022
distanceHypercube: 282.090411
distanceTrue: 205.092662
tHypercube:  0.002549
tTrue: 0.019765
R-near neighbors:
4598
7587
7119
859
6022
6442
2373
6721
8483
2722
7057
4455
9927
7281
8056
1091
7507
9653
510
3720
2567
8344
9638
3512
7356
8966
5099
5874
965
3495
7848
3472
818
1464
5272
4070
6196
8560
3743
2250
5270
Query: 9
Nearest Neighbor-1: 9629
distanceHypercube: 248.473339
distanceTrue: 248.473339
Nearest Neighbor-2: 8223
distanceHypercube: 294.170019
distanceTrue: 256.214754
Nearest Neighbor-3: 4480
distanceHypercube: 294.986440
distanceTrue: 259.011583
Nearest Neighbor-4: 5056
distanceHypercube: 297.460922
distanceTrue: 259.137029
Nearest Neighbor-5: 9770
distanceHypercube: 298.913031
distanceTrue: 263.945070
tHypercube:  0.002693
tTrue: 0.019491
R-near neighbors:
9629
8223
4480
5056
9770
4794
2981
8189
4623
8974
356
6766
9465
6684
4508
1466
562
4561
5555
5321
5304
6840
8719
5732
9458
1351
9856
7840
1889
5320
5058
1271
9707
9559
4737
442
9601
4985
9819
8649
1154
8895
3151
4986
8898
1392
4702
158
5260
312
1691
101
8662
5087
9333
1745
7886
5172
2829
8983
548
2422
481
164
2552
8392
6479
936
6491
4729
7154
2660
1279
3565
4463
9618
6816
4400
67
811
1265
8984
Query: 10
Nearest Neighbor-1: 1587
distanceHypercube: 274.269940
distanceTrue: 250.014000
Nearest Neighbor-2: 1824
distanceHypercube: 286.085652
distanceTrue: 251.722069
Nearest Neighbor-3: 4477
distanceHypercube: 289.701571
distanceTrue: 254.680192
Nearest Neighbor-4: 9708
distanceHypercube: 294.110523
distanceTrue: 262.716577
Nearest Neighbor-5: 1056
distanceHypercube: 297.328102
distanceTrue: 263.374258
tHypercube:  0.002601
tTrue: 0.019895
R-near neighbors:
1587
1824
4477
9708
1056
4554
3403
6319
6827
7906
3358
5162
4578
5541
7843
1298
2559
938
9549
168
4651
1420
3901
7423
2141
1589
9964
8972
1814
4154
5904
1508
8558
9415
9413
5850
1473
8177
2749
2257
3769
4705
3963
4717
4354
1515
Query: 11
Nearest Neighbor-1: 2961
distanceHypercube: 324.077151
distanceTrue: 293.882630
Nearest Neighbor-2: 1615
distanceHypercube: 324.847657
distanceTrue: 308.914228
Nearest Neighbor-3: 2330
distanceHypercube: 326.179398
distanceTrue: 309.307291
Nearest Neighbor-4: 3066
distanceHypercube: 338.345977
distanceTrue: 311.014469
Nearest Neighbor-5: 7962
distanceHypercube: 342.619322
distanceTrue: 312.784271
tHypercube:  0.002562
tTrue: 0.019819
R-near neighbors:
2961
1615
2330
3066
7962
1489
1098
3873
3683
3770
4302
Query: 12
Nearest Neighbor-1: 1450
distanceHypercube: 234.416296
distanceTrue: 172.162714
Nearest Neighbor-2: 1661
distanceHypercube: 236.146141
distanceTrue: 206.608325
Nearest Neighbor-3: 6492
distanceHypercube: 237.434201
distanceTrue: 224.483852
Nearest Neighbor-4: 4606
distanceHypercube: 239.223745
distanceTrue: 225.108863
Nearest Neighbor-5: 4484
distanceHypercube: 240.497401
distanceTrue: 227.336755
tHypercube:  0.002608
tTrue: 0.019622
R-near neighbors:
1450
1661
6492
4606
4484
4681
4604
4726
5719
4647
5653
253
9299
2829
9884
5540
6563
3
7479
4711
5541
333
3890
7015
4505
8916
4776
4742
4477
590
5944
6449
5619
7124
1827
2375
7330
6266
4480
7921
7631
6206
1078
5244
4672
367
305
1995
9334
4570
7574
5042
7298
2661
308
8099
893
6521
1009
6416
726
5031
8288
4705
767
4190
4979
8795
7764
4663
4794
4560
7308
4554
732
1891
7859
2058
4658
7982
7887
4779
51
5851
3141
1424
5405
591
8977
619
3035
9310
90
3961
8696
7125
6867
2404
5018
313
9768
1079
454
4117
8077
2653
2656
1398
8663
5628
5589
890
3882
13
1810
1336
7312
4481
514
903
3674
582
5497
9900
4359
1662
4004
5165
5710
6009
4040
2324
8762
7373
4682
258
675
4824
4868
5568
7156
6263
8337
5964
6
4832
9506
444
9548
5387
9597
160
3730
3763
7578
8500
Query: 13
Nearest Neighbor-1: 507
distanceHypercube: 251.238930
distanceTrue: 238.549785
Nearest Neighbor-2: 1363
distanceHypercube: 255.656019
distanceTrue: 250.071990
Nearest Neighbor-3: 9582
distanceHypercube: 257.147817
distanceTrue: 251.238930
Nearest Neighbor-4: 1835
distanceHypercube: 261.445979
distanceTrue: 252.566823
Nearest Neighbor-5: 9544
distanceHypercube: 265.766815
distanceTrue: 252.737017
tHypercube:  0.002545
tTrue: 0.020041
R-near neighbors:
507
1363
9582
1835
9544
9716
3983
2115
2494
2254
9526
3263
8799
5375
4244
3597
4323
3885
508
5570
2711
9213
9694
1505
618
3269
2625
9781
2176
149
4447
156
9844
1963
2434
2435
140
2377
132
3417
4290
2960
3241
2250
3167
2945
8353
1511
1775
2280
2393
2744
1665
3734
9212
9456
2151
146
3615
189
1729
9521
4217
1313
2909
2392
2041
2439
2026
9835
887
2213
2145
5603
1379
2938
192
Query: 14
Nearest Neighbor-1: 9664
distanceHypercube: 268.372875
distanceTrue: 244.677339
Nearest Neighbor-2: 1683
distanceHypercube: 278.118680
distanceTrue: 256.739167
Nearest Neighbor-3: 8128
distanceHypercube: 281.312993
distanceTrue: 259.674797
Nearest Neighbor-4: 1152
distanceHypercube: 296.949491
distanceTrue: 262.133554
Nearest Neighbor-5: 404
distanceHypercube: 299.078585
distanceTrue: 268.372875
tHypercube:  0.002531
tTrue: 0.019873
R-near neighbors:
9664
1683
8128
1152
404
1151
801
1499
2175
4103
1117
5727
2643
643
2435
1716
2756
364
2113
2153
3945
6764
229
1538
3444
3451
3409
2358
1857
220
3346
2078
2494
9212
289
3693
2372
398
2164
4016
4014
485
4141
Query: 15
Nearest Neighbor-1: 2772
distanceHypercube: 297.082480
distanceTrue: 273.316666
Nearest Neighbor-2: 3240
distanceHypercube: 306.233571
distanceTrue: 278.307384
Nearest Neighbor-3: 1723
distanceHypercube: 317.148230
distanceTrue: 282.740163
Nearest Neighbor-4: 1612
distanceHypercube: 323.318728
distanceTrue: 288.399029
Nearest Neighbor-5: 1399
distanceHypercube: 326.392402
distanceTrue: 291.307398
tHypercube:  0.002514
tTrue: 0.019497
R-near neighbors:
2772
3240
1723
1612
1399
4735
374
5961
360
3932
5459
8505
9749
855
7717
3689
354
6439
3871
236
Query: 16
Nearest Neighbor-1: 3326
distanceHypercube: 262.032441
distanceTrue: 253.682873
Nearest Neighbor-2: 8577
distanceHypercube: 302.838241
distanceTrue: 254.823468
Nearest Neighbor-3: 6532
distanceHypercube: 304.189086
distanceTrue: 256.752799
Nearest Neighbor-4: 9041
distanceHypercube: 305.913386
distanceTrue: 257.421833
Nearest Neighbor-5: 2560
distanceHypercube: 308.624367
distanceTrue: 259.079138
tHypercube:  0.002594
tTrue: 0.019913
R-near neighbors:
3326
8577
6532
9041
2560
8974
30
4004
5257
6206
3965
75
2983
1672
4705
162
1918
6440
4841
17
9770
6389
3505
9333
8589
1636
810
9464
1154
2467
9919
4561
7599
257
5165
548
3077
79
7866
4917
5965
3517
3388
3546
4600
106
1781
2430
8855
1343
4464
7932
4212
5418
9993
8958
6490
9356
4957
Query: 17
Nearest Neighbor-1: 3830
distanceHypercube: 248.199517
distanceTrue: 248.199517
Nearest Neighbor-2: 2579
distanceHypercube: 255.317449
distanceTrue: 248.324385
Nearest Neighbor-3: 263
distanceHypercube: 264.933954
distanceTrue: 250.667110
Nearest Neighbor-4: 6982
distanceHypercube: 273.199561
distanceTrue: 255.190125
Nearest Neighbor-5: 1087
distanceHypercube: 276.280654
distanceTrue: 255.317449
tHypercube:  0.002543
tTrue: 0.019809
R-near neighbors:
3830
2579
263
6982
1087
2650
4297
2851
9569
9759
3972
1046
4096
9646
1369
317
9555
1545
3741
525
9598
1626
1446
9754
1183
2275
8941
1708
3650
504
1666
9814
4247
9583
465
9374
9934
2516
173
9639
108
579
1998
4445
9631
2651
3114
1521
847
4315
2281
9543
9605
9923
2691
9807
2797
4063
1817
9898
9534
2204
4061
2414
3887
303
9760
3332
626
2906
1699
2628
4413
7879
611
2867
2532
3506
9691
3829
734
2464
1391
2562
792
1403
4387
9558
566
5666
4003
3399
3592
3914
8207
2977
8888
Query: 18
Nearest Neighbor-1: 9630
distanceHypercube: 263.431205
distanceTrue: 254.635033
Nearest Neighbor-2: 997
distanceHypercube: 283.693497
distanceTrue: 260.852449
Nearest Neighbor-3: 3628
distanceHypercube: 289.230012
distanceTrue: 263.279319
Nearest Neighbor-4: 9811
distanceHypercube: 296.177312
distanceTrue: 263.431205
Nearest Neighbor-5: 3886
distanceHypercube: 301.001661
distanceTrue: 263.675937
tHypercube:  0.002628
tTrue: 0.020161
R-near neighbors:
9630
997
3628
9811
3886
9595
9970
1987
9937
3299
2495
1689
130
3138
110
684
4384
3997
390
3829
320
2766
8732
9457
273
126
1519
614
4611
757
4059
8499
3136
342
1973
9823
4295
1505
3249
8773
1054
186
9803
4413
9550
3816
3752
124
2626
2125
4503
8290
564
2290
958
9827
6791
9779
2590
5739
2108
2851
736
9114
1287
3491
3345
3132
3815
979
9654
1620
850
Query: 19
Nearest Neighbor-1: 904
distanceHypercube: 266.889490
distanceTrue: 266.889490
Nearest Neighbor-2: 308
distanceHypercube: 277.706680
distanceTrue: 268.527466
Nearest Neighbor-3: 1457
distanceHypercube: 297.476049
distanceTrue: 274.341029
Nearest Neighbor-4: 9334
distanceHypercube: 306.936476
distanceTrue: 275.601161
Nearest Neighbor-5: 3545
distanceHypercube: 307.148173
distanceTrue: 276.523055
tHypercube:  0.002628
tTrue: 0.019821
R-near neighbors:
904
308
1457
9334
3545
1526
3792
8000
208
2714
106
5297
1651
6031
1178
8501
4890
4715
1061
893
5381
4710
8466
1179
1590
1015
4464
8077
447
5980
5571
3600
1547
2483
6033
1958
2445
4664
7264
5587
7432
4595
3051
2854
1290
4127
5086
4156
1782
4155
Query: 20
Nearest Neighbor-1: 9807
distanceHypercube: 230.212945
distanceTrue: 224.750973
Nearest Neighbor-2: 4008
distanceHypercube: 241.103712
distanceTrue: 230.212945
Nearest Neighbor-3: 412
distanceHypercube: 245.336504
distanceTrue: 233.495182
Nearest Neighbor-4: 2114
distanceHypercube: 254.499509
distanceTrue: 236.900823
Nearest Neighbor-5: 4059
distanceHypercube: 265.589909
distanceTrue: 239.551665
tHypercube:  0.002544
tTrue: 0.020152
R-near neighbors:
9807
4008
412
2114
4059
8390
9543
2608
3516
3212
3249
2108
8849
3366
155
1850
8643
6855
1514
684
3242
943
126
3997
1753
806
2628
3829
4061
7438
1118
3400
2281
1175
3285
2321
1371
6419
9555
2003
3137
2376
2651
9673
186
9970
8732
125
871
4387
121
1689
533
4247
541
612
4384
2732
2505
4009
3345
4265
8391
3337
2043
1971
8831
495
3230
9898
1670
997
3114
941
8701
2242
9778
3319
3624
1200
1287
6838
25
4968
7874
342
695
7534
464
1054
3713
2782
3850
4003
1295
1664
3686
2383
6941
6288
9724
4050
3144
9646
138
4514
5378
4495
5120
2886
4163
631
Query: 21
Nearest Neighbor-1: 7724
distanceHypercube: 223.501678
distanceTrue: 192.984455
Nearest Neighbor-2: 9997
distanceHypercube: 233.899551
distanceTrue: 193.248545
Nearest Neighbor-3: 8225
distanceHypercube: 250.195923
distanceTrue: 196.007653
Nearest Neighbor-4: 3722
distanceHypercube: 250.786762
distanceTrue: 198.841646
Nearest Neighbor-5: 9153
distanceHypercube: 256.596960
distanceTrue: 199.839936
tHypercube:  0.002603
tTrue: 0.019891
R-near neighbors:
7724
9997
8225
3722
9153
4910
6608
4607
4850
4186
6048
8073
3548
5040
8200
8019
4819
4891
4216
71
8218
7338
6746
5649
4925
8126
7996
4965
5072
5866
1702
1196
2012
4230
4734
6226
8818
3924
1767
552
3108
4571
5134
5462
7482
6781
6738
7004
8299
7517
5159
2453
6996
2231
6342
9208
4666
972
3371
502
7503
9035
3432
5513
5905
7749
7222
24
Query: 22
Nearest Neighbor-1: 8721
distanceHypercube: 225.479489
distanceTrue: 80.845532
Nearest Neighbor-2: 7135
distanceHypercube: 235.677746
distanceTrue: 87.732548
Nearest Neighbor-3: 9398
distanceHypercube: 254.297070
distanceTrue: 207.301712
Nearest Neighbor-4: 5732
distanceHypercube: 256.483918
distanceTrue: 218.577217
Nearest Neighbor-5: 6479
distanceHypercube: 259.642061
distanceTrue: 220.420054
tHypercube:  0.002911
tTrue: 0.020092
R-near neighbors:
8721
7135
9398
5732
6479
6680
5721
9465
7840
8231
9964
114
4597
63
5380
4496
4822
169
1289
4501
8217
4827
5027
5643
434
475
9040
8719
7590
5216
7773
4875
4462
4793
7399
4358
1123
55
1525
537
4577
141
4640
803
8600
4982
8650
6336
861
5322
2553
254
535
8665
4634
5043
3011
67
59
4
7054
1546
7050
7690
5261
5759
9459
6565
6840
5354
3876
4701
6604
6507
3719
8481
8399
5979
4918
4721
8981
8649
9210
6648
3469
9729
7060
9258
9556
9232
153
1745
1733
352
1361
5222
1214
6457
4669
1276
6657
1226
5114
6817
6866
8184
332
6321
852
8176
481
4992
5904
5320
9417
3941
7550
7291
6046
3106
3294
7688
1592
8418
2984
975
9701
7948
6625
2343
3666
Query: 23
Nearest Neighbor-1: 4785
distanceHypercube: 175.641681
distanceTrue: 173.052015
Nearest Neighbor-2: 5409
distanceHypercube: 182.641726
distanceTrue: 175.641681
Nearest Neighbor-3: 5526
distanceHypercube: 199.426678
distanceTrue: 182.641726
Nearest Neighbor-4: 4740
distanceHypercube: 207.074866
distanceTrue: 199.426678
Nearest Neighbor-5: 5653
distanceHypercube: 209.102846
distanceTrue: 199.582063
tHypercube:  0.002616
tTrue: 0.019909
R-near neighbors:
4785
5409
5526
4740
5653
4604
4743
5132
4591
8567
2
4711
6448
6449
4106
4561
4505
4798
9416
4481
2985
7574
7744
4739
5062
4631
4700
4742
1358
9333
5540
2423
6521
746
1827
2919
9900
2557
5026
6503
8215
313
4317
5009
9460
1330
4400
6780
9385
1424
3035
7851
3912
9618
4331
5667
2422
7136
4260
274
4794
5138
5550
9548
1466
159
9046
2360
4886
1960
7400
4702
3748
388
4508
5703
6873
3054
4395
4191
2680
8984
3662
1084
2803
9085
558
7860
8919
4689
1271
5572
460
515
5210
872
1911
5777
5621
6206
7146
1154
3757
5861
5418
8392
6172
305
1336
903
3280
2558
Query: 24
Nearest Neighbor-1: 7906
distanceHypercube: 254.876441
distanceTrue: 253.940938
Nearest Neighbor-2: 4725
distanceHypercube: 262.575703
distanceTrue: 254.876441
Nearest Neighbor-3: 5759
distanceHypercube: 264.336906
distanceTrue: 256.676840
Nearest Neighbor-4: 6827
distanceHypercube: 280.524509
distanceTrue: 260.042304
Nearest Neighbor-5: 159
distanceHypercube: 285.525831
distanceTrue: 261.575993
tHypercube:  0.002524
tTrue: 0.020036
R-near neighbors:
7906
4725
5759
6827
159
8519
4597
4554
1596
7574
4647
9876
2917
2132
4742
8048
5625
6933
1289
4632
4720
9624
7265
7859
4109
3962
8152
4560
5865
3581
6758
9186
4469
5031
5904
6742
8271
2749
2596
7794
5043
1234
Query: 25
Nearest Neighbor-1: 5833
distanceHypercube: 251.097591
distanceTrue: 154.227105
Nearest Neighbor-2: 5210
distanceHypercube: 253.086942
distanceTrue: 156.547118
Nearest Neighbor-3: 4561
distanceHypercube: 266.122152
distanceTrue: 191.185774
Nearest Neighbor-4: 5568
distanceHypercube: 267.175972
distanceTrue: 232.079728
Nearest Neighbor-5: 586
distanceHypercube: 276.300561
distanceTrue: 239.459809
tHypercube:  0.003069
tTrue: 0.020493
R-near neighbors:
5833
5210
4561
5568
586
8722
519
1903
5266
58
8363
4737
7948
79
872
5667
2423
5071
4739
1450
5978
9416
9920
4771
4828
4711
3962
7851
4680
4592
1719
254
5745
2211
7594
8215
7154
9819
5260
4590
766
5837
257
1821
1398
10
1171
9097
8919
4080
1891
20
116
5162
968
5261
3844
1
4721
2468
4986
1734
197
4729
9723
434
557
5008
5702
1456
6702
9333
9618
4794
2541
7126
13
499
5555
1749
460
4278
6324
8705
4681
2521
768
7638
8147
9797
4779
7491
5052
4511
8399
5328
1827
Query: 26
Nearest Neighbor-1: 6839
distanceHypercube: 314.208529
distanceTrue: 271.610015
Nearest Neighbor-2: 775
distanceHypercube: 319.084628
distanceTrue: 286.567619
Nearest Neighbor-3: 4957
distanceHypercube: 319.200564
distanceTrue: 288.806163
Nearest Neighbor-4: 246
distanceHypercube: 322.491860
distanceTrue: 292.817349
Nearest Neighbor-5: 6369
distanceHypercube: 332.460524
distanceTrue: 294.994915
tHypercube:  0.002537
tTrue: 0.019924
R-near neighbors:
6839
775
4957
246
6369
6031
966
7783
5405
8099
5449
Query: 27
Nearest Neighbor-1: 4587
distanceHypercube: 250.014000
distanceTrue: 183.442089
Nearest Neighbor-2: 5133
distanceHypercube: 260.255644
distanceTrue: 199.702278
Nearest Neighbor-3: 5738
distanceHypercube: 261.057465
distanceTrue: 220.018181
Nearest Neighbor-4: 1360
distanceHypercube: 263.368563
distanceTrue: 223.098633
Nearest Neighbor-5: 5109
distanceHypercube: 263.427409
distanceTrue: 224.325656
tHypercube:  0.002664
tTrue: 0.020152
R-near neighbors:
4587
5133
5738
1360
5109
9209
6266
5086
7981
5949
5224
207
1067
4672
4873
6354
5288
5184
4981
160
6236
4943
2185
605
5851
8105
5720
2980
8928
1002
751
2609
1926
6609
4663
2298
4855
4510
10
551
8794
4584
7018
1826
9549
4477
7807
5273
1810
86
3962
5163
5431
6990
6447
7265
4635
2790
4329
7118
4889
591
4665
3050
5274
5358
9484
1452
3389
7921
204
8039
8146
9186
4647
1191
3439
4625
492
4661
6052
3470
7182
501
2941
4359
236
6827
9144
3217
3408
9299
4705
4211
621
5179
5387
8005
8
779
1248
2688
5511
4931
9530
3764
6916
5904
8863
2661
1180
8647
928
8802
874
2252
4726
2400
2536
9185
242
5215
3756
1443
1912
2318
4776
8907
1589
8788
8829
4538
5589
Query: 28
Nearest Neighbor-1: 4657
distanceHypercube: 256.478069
distanceTrue: 175.516381
Nearest Neighbor-2: 1640
distanceHypercube: 256.649567
distanceTrue: 200.888029
Nearest Neighbor-3: 8175
distanceHypercube: 265.693432
distanceTrue: 212.548818
Nearest Neighbor-4: 9216
distanceHypercube: 269.302804
distanceTrue: 220.474488
Nearest Neighbor-5: 4716
distanceHypercube: 278.522890
distanceTrue: 227.468679
tHypercube:  0.002721
tTrue: 0.020216
R-near neighbors:
4657
1640
8175
9216
4716
2927
1527
4077
118
307
810
5007
2073
5101
5280
7024
4508
5089
1378
8200
9259
4390
4698
8866
359
4727
1479
1702
2386
6883
4585
3546
63
6738
443
8477
3001
4485
6086
2068
8262
2896
7420
9107
5559
8973
259
576
4740
4586
2484
7813
1227
5761
5074
1221
5132
291
9041
5297
9003
4692
2830
1549
5298
7252
7165
1064
4765
6383
3096
6382
2912
3847
3275
1040
4079
3956
3077
144
9523
1432
6348
7843
6424
4887
6355
4841
8978
4879
247
4636
Query: 29
Nearest Neighbor-1: 9610
distanceHypercube: 249.751877
distanceTrue: 224.859956
Nearest Neighbor-2: 6217
distanceHypercube: 268.026118
distanceTrue: 229.828197
Nearest Neighbor-3: 4512
distanceHypercube: 270.928035
distanceTrue: 230.377950
Nearest Neighbor-4: 4314
distanceHypercube: 271.576877
distanceTrue: 235.860128
Nearest Neighbor-5: 4479
distanceHypercube: 278.212149
distanceTrue: 235.932194
tHypercube:  0.002590
tTrue: 0.019799
R-near neighbors:
9610
6217
4512
4314
4479
2549
7575
5403
551
5971
7788
1068
5380
4511
9474
2468
6215
7051
8722
6417
1966
4694
4578
4916
4780
3601
4435
2994
4596
1014
4114
6354
2086
4958
6347
6501
7495
3667
3979
2559
4466
7496
4614
733
169
7050
5084
6130
5133
8338
5878
8972
6701
9758
9097
6932
6008
6096
4875
9270
5247
4625
66
2980
5527
5512
183
5065
7023
6801
332
3446
935
3279
5556
5479
5871
3581
4329
243
4982
119
586
4738
3756
9964
3603
938
1322
434
3572
Query: 30
Nearest Neighbor-1: 6429
distanceHypercube: 186.777943
distanceTrue: 125.379424
Nearest Neighbor-2: 6029
distanceHypercube: 194.774228
distanceTrue: 167.821334
Nearest Neighbor-3: 5811
distanceHypercube: 208.348266
distanceTrue: 170.868370
Nearest Neighbor-4: 5200
distanceHypercube: 216.543298
distanceTrue: 184.089652
Nearest Neighbor-5: 7207
distanceHypercube: 247.281216
distanceTrue: 185.369900
tHypercube:  0.002579
tTrue: 0.020043
R-near neighbors:
6429
6029
5811
5200
7207
7963
4857
9355
4867
5712
9841
8790
6744
4575
8660
8597
5823
8054
6524
9298
5528
5107
6343
7286
9987
6456
8811
5096
8820
7580
705
4109
5414
4952
1956
5714
8050
2427
Query: 31
Nearest Neighbor-1: 5208
distanceHypercube: 265.377090
distanceTrue: 265.377090
Nearest Neighbor-2: 4648
distanceHypercube: 285.531084
distanceTrue: 267.007491
Nearest Neighbor-3: 8852
distanceHypercube: 294.923719
distanceTrue: 272.205804
Nearest Neighbor-4: 4862
distanceHypercube: 297.106042
distanceTrue: 273.959851
Nearest Neighbor-5: 4478
distanceHypercube: 297.363414
distanceTrue: 275.341606
tHypercube:  0.002577
tTrue: 0.020195
R-near neighbors:
5208
4648
8852
4862
4478
4562
4710
9311
4942
1750
8414
4706
80
8973
6610
3599
2911
2994
609
357
1078
9211
62
7512
120
3339
6448
8265
3052
1394
5029
7329
1693
4926
5088
7100
549
5389
1718
7432
1350
608
432
Query: 32
Nearest Neighbor-1: 4963
distanceHypercube: 175.772580
distanceTrue: 109.192491
Nearest Neighbor-2: 582
distanceHypercube: 299.626434
distanceTrue: 126.952747
Nearest Neighbor-3: 8340
distanceHypercube: 311.793201
distanceTrue: 175.772580
Nearest Neighbor-4: 8339
distanceHypercube: 314.130546
distanceTrue: 231.650599
Nearest Neighbor-5: 1570
distanceHypercube: 319.990625
distanceTrue: 240.449579
tHypercube:  0.003121
tTrue: 0.020666
R-near neighbors:
4963
582
8340
8339
1570
5405
3890
9590
8898
2779
1270
3209
8392
6628
Query: 33
Nearest Neighbor-1: 7631
distanceHypercube: 272.730636
distanceTrue: 187.563323
Nearest Neighbor-2: 4500
distanceHypercube: 279.519230
distanceTrue: 232.768125
Nearest Neighbor-3: 4793
distanceHypercube: 302.135731
distanceTrue: 236.243518
Nearest Neighbor-4: 430
distanceHypercube: 305.296577
distanceTrue: 246.604947
Nearest Neighbor-5: 9258
distanceHypercube: 308.716699
distanceTrue: 250.519460
tHypercube:  0.003099
tTrue: 0.019928
R-near neighbors:
7631
4500
4793
430
9258
7177
5940
4190
101
4554
1248
6165
9464
434
8649
5602
184
8974
8721
4484
7154
1508
4660
5978
9556
8919
2919
4681
8589
5651
165
5320
9020
67
Query: 34
Nearest Neighbor-1: 9056
distanceHypercube: 348.505380
distanceTrue: 328.278845
Nearest Neighbor-2: 8531
distanceHypercube: 353.065150
distanceTrue: 340.102926
Nearest Neighbor-3: 3069
distanceHypercube: 379.973683
distanceTrue: 348.505380
Nearest Neighbor-4: 1244
distanceHypercube: 388.288552
distanceTrue: 351.408594
Nearest Neighbor-5: 3044
distanceHypercube: 389.069403
distanceTrue: 353.065150
tHypercube:  0.003088
tTrue: 0.020372
R-near neighbors:
9056
Query: 35
Nearest Neighbor-1: 8863
distanceHypercube: 262.463331
distanceTrue: 248.553817
Nearest Neighbor-2: 6801
distanceHypercube: 278.662879
distanceTrue: 262.463331
Nearest Neighbor-3: 4512
distanceHypercube: 282.757847
distanceTrue: 272.189272
Nearest Neighbor-4: 7496
distanceHypercube: 297.107725
distanceTrue: 274.829038
Nearest Neighbor-5: 2980
distanceHypercube: 308.923939
distanceTrue: 274.936356
tHypercube:  0.003038
tTrue: 0.020611
R-near neighbors:
8863
6801
4512
7496
2980
22
881
5512
1926
8414
4006
5749
7860
6150
5969
7210
581
1137
5479
4207
720
7495
4539
8261
2956
2267
8764
8647
6944
4521
8972
5526
5653
Query: 36
Nearest Neighbor-1: 6708
distanceHypercube: 179.596771
distanceTrue: 120.975204
Nearest Neighbor-2: 8536
distanceHypercube: 303.549008
distanceTrue: 140.353126
Nearest Neighbor-3: 2140
distanceHypercube: 304.317269
distanceTrue: 179.596771
Nearest Neighbor-4: 4280
distanceHypercube: 304.793373
distanceTrue: 263.564034
Nearest Neighbor-5: 3614
distanceHypercube: 311.615147
distanceTrue: 288.083321
tHypercube:  0.003012
tTrue: 0.019956
R-near neighbors:
6708
8536
2140
4280
3614
3292
3231
4838
2629
3363
4248
2348
4482
3554
Query: 37
Nearest Neighbor-1: 1949
distanceHypercube: 312.389180
distanceTrue: 111.458512
Nearest Neighbor-2: 2139
distanceHypercube: 313.544255
distanceTrue: 140.135649
Nearest Neighbor-3: 2773
distanceHypercube: 316.779103
distanceTrue: 159.909349
Nearest Neighbor-4: 8657
distanceHypercube: 320.636866
distanceTrue: 282.729553
Nearest Neighbor-5: 3539
distanceHypercube: 330.239307
distanceTrue: 284.761304
tHypercube:  0.002713
tTrue: 0.020237
R-near neighbors:
1949
2139
2773
8657
3539
981
1152
1463
1833
9735
1096
6783
2775
272
3098
4320
1739
Query: 38
Nearest Neighbor-1: 3272
distanceHypercube: 309.908051
distanceTrue: 166.856226
Nearest Neighbor-2: 7063
distanceHypercube: 327.304140
distanceTrue: 247.868917
Nearest Neighbor-3: 796
distanceHypercube: 346.186366
distanceTrue: 298.412466
Nearest Neighbor-4: 2618
distanceHypercube: 355.938197
distanceTrue: 302.373941
Nearest Neighbor-5: 5416
distanceHypercube: 357.555590
distanceTrue: 304.752358
tHypercube:  0.002732
tTrue: 0.020789
R-near neighbors:
3272
7063
796
Query: 39
Nearest Neighbor-1: 3564
distanceHypercube: 305.681206
distanceTrue: 156.358562
Nearest Neighbor-2: 7040
distanceHypercube: 330.564668
distanceTrue: 159.245094
Nearest Neighbor-3: 8072
distanceHypercube: 332.704073
distanceTrue: 162.033947
Nearest Neighbor-4: 7210
distanceHypercube: 351.281938
distanceTrue: 177.302002
Nearest Neighbor-5: 8223
distanceHypercube: 356.115150
distanceTrue: 214.532049
tHypercube:  0.003106
tTrue: 0.020365
R-near neighbors:
3564
7040
8072
Query: 40
Nearest Neighbor-1: 9722
distanceHypercube: 211.097134
distanceTrue: 193.976803
Nearest Neighbor-2: 9893
distanceHypercube: 245.224387
distanceTrue: 202.262206
Nearest Neighbor-3: 8076
distanceHypercube: 251.732000
distanceTrue: 207.537948
Nearest Neighbor-4: 7007
distanceHypercube: 258.789490
distanceTrue: 210.767645
Nearest Neighbor-5: 5054
distanceHypercube: 261.564524
distanceTrue: 210.788994
tHypercube:  0.003143
tTrue: 0.020297
R-near neighbors:
9722
9893
8076
7007
5054
3623
8103
4844
6289
5435
4858
236
6704
9121
8153
6977
1662
4753
5994
5824
2612
5616
9485
5330
5676
3192
5469
5917
9025
1337
6981
7519
8505
5997
5009
4403
7945
2790
7386
5634
4852
6027
6193
60
2423
2209
4542
5742
7612
8807
9920
6351
8742
1399
1407
690
4994
2237
7032
7480
6388
Query: 41
Nearest Neighbor-1: 8308
distanceHypercube: 153.564319
distanceTrue: 153.564319
Nearest Neighbor-2: 4868
distanceHypercube: 188.196706
distanceTrue: 185.372598
Nearest Neighbor-3: 2222
distanceHypercube: 278.178001
distanceTrue: 188.196706
Nearest Neighbor-4: 481
distanceHypercube: 296.802965
distanceTrue: 193.938134
Nearest Neighbor-5: 963
distanceHypercube: 302.127457
distanceTrue: 194.414506
tHypercube:  0.003019
tTrue: 0.020039
R-near neighbors:
8308
4868
2222
481
963
1277
2482
528
8231
7840
1613
4616
9346
861
4404
8349
7517
9953
4546
5355
577
Query: 42
Nearest Neighbor-1: 9345
distanceHypercube: 219.492597
distanceTrue: 200.494389
Nearest Neighbor-2: 4772
distanceHypercube: 220.735135
distanceTrue: 202.667215
Nearest Neighbor-3: 9958
distanceHypercube: 223.769971
distanceTrue: 203.605010
Nearest Neighbor-4: 9455
distanceHypercube: 229.235687
distanceTrue: 206.649462
Nearest Neighbor-5: 7539
distanceHypercube: 237.271996
distanceTrue: 213.269782
tHypercube:  0.002625
tTrue: 0.020402
R-near neighbors:
9345
4772
9958
9455
7539
6159
9492
82
6612
5038
4896
7197
8967
9936
9671
4421
9840
2667
2499
9230
5395
2450
471
9177
4235
1991
1391
4436
4439
9295
1888
9646
48
3744
6776
2040
704
5988
6592
9196
8499
1143
8654
1666
4286
2313
8994
2363
3114
3592
6245
1193
2575
1244
9545
9691
9478
1685
450
9002
663
7796
6639
127
8124
1240
8999
6577
3024
2650
8351
9198
6630
817
4321
Query: 43
Nearest Neighbor-1: 6748
distanceHypercube: 291.571604
distanceTrue: 236.772042
Nearest Neighbor-2: 5163
distanceHypercube: 314.478934
distanceTrue: 245.409861
Nearest Neighbor-3: 3359
distanceHypercube: 317.083585
distanceTrue: 247.911274
Nearest Neighbor-4: 386
distanceHypercube: 317.548422
distanceTrue: 255.350739
Nearest Neighbor-5: 7982
distanceHypercube: 318.818130
distanceTrue: 258.843582
tHypercube:  0.002609
tTrue: 0.020432
R-near neighbors:
6748
5163
3359
386
7982
5981
1044
3954
5872
720
2444
9769
6518
4006
8551
4756
1809
4586
4366
5554
5717
501
143
1422
Query: 44
Nearest Neighbor-1: 5030
distanceHypercube: 292.029108
distanceTrue: 165.339046
Nearest Neighbor-2: 8392
distanceHypercube: 295.044065
distanceTrue: 193.633675
Nearest Neighbor-3: 2327
distanceHypercube: 308.734514
distanceTrue: 272.383920
Nearest Neighbor-4: 5714
distanceHypercube: 313.461321
distanceTrue: 282.317197
Nearest Neighbor-5: 6680
distanceHypercube: 314.463034
distanceTrue: 283.058298
tHypercube:  0.002743
tTrue: 0.021429
R-near neighbors:
5030
8392
2327
5714
6680
8898
548
5971
4508
4479
8399
7886
5403
3279
3373
5769
3404
101
4703
8159
5665
919
4694
1154
6063
4952
3089
2601
8719
1682
1769
2861
1270
Query: 45
Nearest Neighbor-1: 7250
distanceHypercube: 260.614658
distanceTrue: 256.353272
Nearest Neighbor-2: 6421
distanceHypercube: 278.815351
distanceTrue: 257.079754
Nearest Neighbor-3: 5392
distanceHypercube: 293.477427
distanceTrue: 260.084602
Nearest Neighbor-4: 9644
distanceHypercube: 297.090895
distanceTrue: 260.614658
Nearest Neighbor-5: 4067
distanceHypercube: 313.258679
distanceTrue: 260.898448
tHypercube:  0.002733
tTrue: 0.020002
R-near neighbors:
7250
6421
5392
9644
4067
6167
8118
9338
9645
4800
7067
4967
3354
1507
9605
602
2158
8948
6257
172
598
9234
920
2922
560
9408
1110
9442
8056
3042
Query: 46
Nearest Neighbor-1: 4461
distanceHypercube: 271.199189
distanceTrue: 261.361818
Nearest Neighbor-2: 6755
distanceHypercube: 276.490506
distanceTrue: 265.663321
Nearest Neighbor-3: 1767
distanceHypercube: 282.072686
distanceTrue: 266.150333
Nearest Neighbor-4: 1697
distanceHypercube: 287.013937
distanceTrue: 269.401188
Nearest Neighbor-5: 5628
distanceHypercube: 287.221169
distanceTrue: 271.199189
tHypercube:  0.002538
tTrue: 0.019934
R-near neighbors:
4461
6755
1767
1697
5628
5879
9922
7124
7850
634
6201
5196
5134
8075
7338
7444
8883
6883
4765
6608
6343
7101
4668
3543
6811
3015
2068
6526
6806
1225
4716
8521
4703
4925
7002
1682
Query: 47
Nearest Neighbor-1: 8998
distanceHypercube: 224.006696
distanceTrue: 99.629313
Nearest Neighbor-2: 5858
distanceHypercube: 239.991667
distanceTrue: 215.715090
Nearest Neighbor-3: 5347
distanceHypercube: 256.247927
distanceTrue: 224.006696
Nearest Neighbor-4: 8607
distanceHypercube: 256.526802
distanceTrue: 226.070785
Nearest Neighbor-5: 9453
distanceHypercube: 263.776420
distanceTrue: 234.140983
tHypercube:  0.002627
tTrue: 0.019811
R-near neighbors:
8998
5858
5347
8607
9453
3902
2449
8434
2736
819
5974
2364
6010
2190
9348
6317
45
1704
8522
6541
9169
1795
401
7842
6112
9379
8808
6386
8731
7637
7855
1110
9897
9852
8740
Query: 48
Nearest Neighbor-1: 3293
distanceHypercube: 324.140402
distanceTrue: 294.394293
Nearest Neighbor-2: 1870
distanceHypercube: 350.138544
distanceTrue: 312.920118
Nearest Neighbor-3: 3815
distanceHypercube: 352.519503
distanceTrue: 314.474164
Nearest Neighbor-4: 2192
distanceHypercube: 363.280883
distanceTrue: 321.330048
Nearest Neighbor-5: 3935
distanceHypercube: 363.593179
distanceTrue: 324.140402
tHypercube:  0.002799
tTrue: 0.020141
R-near neighbors:
3293
Query: 49
Nearest Neighbor-1: 6579
distanceHypercube: 297.144746
distanceTrue: 155.762640
Nearest Neighbor-2: 7649
distanceHypercube: 301.444854
distanceTrue: 215.633949
Nearest Neighbor-3: 4628
distanceHypercube: 339.860265
distanceTrue: 265.311138
Nearest Neighbor-4: 7854
distanceHypercube: 342.121324
distanceTrue: 275.192660
Nearest Neighbor-5: 1008
distanceHypercube: 352.205906
distanceTrue: 288.638182
tHypercube:  0.002613
tTrue: 0.020760
R-near neighbors:
6579
7649
4628
7854
Query: 50
Nearest Neighbor-1: 169
distanceHypercube: 217.170440
distanceTrue: 128.782763
Nearest Neighbor-2: 5166
distanceHypercube: 234.420562
distanceTrue: 172.397796
Nearest Neighbor-3: 5358
distanceHypercube: 240.773753
distanceTrue: 215.016278
Nearest Neighbor-4: 55
distanceHypercube: 253.152128
distanceTrue: 217.170440
Nearest Neighbor-5: 8147
distanceHypercube: 260.505278
distanceTrue: 219.783985
tHypercube:  0.002677
tTrue: 0.019791
R-near neighbors:
169
5166
5358
55
8147
9561
3011
4806
690
5978
5542
8217
7851
5261
7310
1232
334
2512
9556
4680
59
5019
254
5027
7638
2553
5945
153
1734
4702
6336
4797
4631
4864
475
5837
8650
352
4778
5328
4496
4640
4829
7328
8719
75
3165
5009
7135
9720
4
6490
8482
766
434
1727
1749
3594
2917
7291
7060
1525
7840
2984
5721
4260
4865
1123
919
5114
1901
5260
934
9333
6680
2655
1726
553
8393
535
1903
Query: 51
Nearest Neighbor-1: 5013
distanceHypercube: 199.604609
distanceTrue: 181.140829
Nearest Neighbor-2: 5560
distanceHypercube: 308.630847
distanceTrue: 199.604609
Nearest Neighbor-3: 1301
distanceHypercube: 312.259507
distanceTrue: 219.815832
Nearest Neighbor-4: 6378
distanceHypercube: 333.585072
distanceTrue: 256.591114
Nearest Neighbor-5: 2866
distanceHypercube: 344.258624
distanceTrue: 267.159129
tHypercube:  0.002593
tTrue: 0.020017
R-near neighbors:
5013
5560
1301
6378
2866
Query: 52
Nearest Neighbor-1: 4108
distanceHypercube: 288.980968
distanceTrue: 130.812843
Nearest Neighbor-2: 8396
distanceHypercube: 293.134781
distanceTrue: 200.399601
Nearest Neighbor-3: 2800
distanceHypercube: 304.808136
distanceTrue: 219.824930
Nearest Neighbor-4: 6696
distanceHypercube: 304.854063
distanceTrue: 248.328412
Nearest Neighbor-5: 6812
distanceHypercube: 307.081422
distanceTrue: 254.123985
tHypercube:  0.002714
tTrue: 0.020433
R-near neighbors:
4108
8396
2800
6696
6812
8528
9008
2335
9855
3107
70
5796
5636
2632
6938
9309
9801
6666
6757
4608
4961
7347
5363
5005
8040
2258
8147
6381
7515
5328
9467
297
6997
268
5789
7191
8120
5238
1279
Query: 53
Nearest Neighbor-1: 8907
distanceHypercube: 230.670761
distanceTrue: 198.776256
Nearest Neighbor-2: 4477
distanceHypercube: 249.661771
distanceTrue: 220.748726
Nearest Neighbor-3: 2913
distanceHypercube: 250.503493
distanceTrue: 221.670927
Nearest Neighbor-4: 1826
distanceHypercube: 251.207086
distanceTrue: 225.716637
Nearest Neighbor-5: 9474
distanceHypercube: 258.265367
distanceTrue: 227.074878
tHypercube:  0.002732
tTrue: 0.021052
R-near neighbors:
8907
4477
2913
1826
9474
5998
9951
7028
6383
7788
6558
9997
4511
5046
9549
9499
7126
4912
1277
2893
9530
9458
5089
5964
168
9062
7805
6293
874
6243
7477
2670
5532
2633
4850
6355
8770
3436
5541
4780
5103
3959
9708
4578
9312
5804
8442
3963
8565
4624
6162
4458
9421
4196
6108
6084
733
2252
4510
1905
4555
7784
658
7139
6276
9946
5527
751
1587
336
6416
1652
5619
3377
4473
6021
9512
4512
7288
1602
4784
5711
6784
3463
4168
5776
4842
7148
960
3168
6150
8256
2468
4606
4505
182
9884
6008
959
5280
8972
1424
7678
2559
5526
4601
8337
7801
5569
1908
8916
4560
1420
8590
6847
7015
3924
8403
7125
745
9362
8542
Query: 54
Nearest Neighbor-1: 1278
distanceHypercube: 281.476464
distanceTrue: 194.177754
Nearest Neighbor-2: 4794
distanceHypercube: 282.212686
distanceTrue: 227.820104
Nearest Neighbor-3: 8392
distanceHypercube: 284.905247
distanceTrue: 233.122286
Nearest Neighbor-4: 2467
distanceHypercube: 290.292955
distanceTrue: 241.149331
Nearest Neighbor-5: 5461
distanceHypercube: 294.901679
distanceTrue: 251.529322
tHypercube:  0.002653
tTrue: 0.019906
R-near neighbors:
1278
4794
8392
2467
5461
6823
4952
4513
5196
2981
5855
5440
2942
4826
9809
7726
9590
7589
9721
7549
8883
7207
3572
7614
3188
6732
9171
7738
9624
9960
4582
4226
1289
7758
5257
9466
9619
1925
1260
3089
1682
5970
6502
7859
4725
5056
4703
3086
705
3280
6986
2442
9356
5454
5784
1276
8898
375
5674
9006
4158
8042
4567
5252
Query: 55
Nearest Neighbor-1: 5401
distanceHypercube: 176.909581
distanceTrue: 159.307878
Nearest Neighbor-2: 7597
distanceHypercube: 182.183973
distanceTrue: 164.240677
Nearest Neighbor-3: 4896
distanceHypercube: 185.078362
distanceTrue: 164.626851
Nearest Neighbor-4: 4565
distanceHypercube: 191.224998
distanceTrue: 164.784708
Nearest Neighbor-5: 6376
distanceHypercube: 193.152789
distanceTrue: 166.631330
tHypercube:  0.002761
tTrue: 0.019868
R-near neighbors:
5401
7597
4896
4565
6376
6184
7958
7684
8069
1310
5049
722
7984
6053
7703
6406
6520
6834
5292
6207
8486
6005
6668
665
8165
7115
8229
6833
3270
331
2219
9754
7508
6064
3448
6724
5839
6890
1430
886
5857
8628
6966
9755
4023
4160
3552
9426
8969
3717
8449
5120
138
6146
4342
3220
6962
7460
6422
2730
7368
225
8508
Query: 56
Nearest Neighbor-1: 5831
distanceHypercube: 184.043473
distanceTrue: 184.043473
Nearest Neighbor-2: 5952
distanceHypercube: 253.745936
distanceTrue: 197.474049
Nearest Neighbor-3: 9750
distanceHypercube: 285.669389
distanceTrue: 197.914123
Nearest Neighbor-4: 6962
distanceHypercube: 298.742364
distanceTrue: 207.810009
Nearest Neighbor-5: 9194
distanceHypercube: 300.581104
distanceTrue: 212.169743
tHypercube:  0.002571
tTrue: 0.020120
R-near neighbors:
5831
5952
9750
6962
9194
9887
9803
6282
2499
5067
9345
9230
5318
8462
7841
2450
7076
3418
50
6576
Query: 57
Nearest Neighbor-1: 7840
distanceHypercube: 226.400088
distanceTrue: 190.735419
Nearest Neighbor-2: 2917
distanceHypercube: 226.870007
distanceTrue: 209.062192
Nearest Neighbor-3: 4591
distanceHypercube: 237.554204
distanceTrue: 210.713075
Nearest Neighbor-4: 5019
distanceHypercube: 241.938009
distanceTrue: 210.793738
Nearest Neighbor-5: 4740
distanceHypercube: 244.591496
distanceTrue: 211.605766
tHypercube:  0.002552
tTrue: 0.020946
R-near neighbors:
7840
2917
4591
5019
4740
5003
4496
7264
4640
5138
1526
5132
4508
4703
9333
5058
353
4739
9384
5540
1466
5018
4463
9525
9434
4402
4641
6503
4396
1234
4785
4716
4680
7328
8973
334
476
6656
945
433
80
2404
2981
8392
5056
2423
557
9305
4806
1171
2919
9115
1726
3547
9611
93
5048
2256
6206
608
637
4865
1358
3373
5220
4942
5062
425
1649
70
1682
7458
5226
811
936
7165
2791
729
8898
548
4395
575
417
4260
1169
5389
5759
8600
2596
355
3779
8852
3457
4546
4725
6424
435
4638
7905
6188
1861
8984
1818
5206
2714
636
559
8072
5838
101
1271
5523
5027
8521
144
15
1145
5415
4669
7024
3435
3577
6563
585
3151
4952
1995
209
1253
6509
8308
909
1671
4400
8098
7136
2122
815
1953
5970
8452
7291
4682
3480
7053
3291
972
5861
1640
6526
705
6892
9216
7
7095
537
6434
4668
5297
6658
5346
1343
4405
1394
8592
3602
8444
3374
1274
2467
5158
7497
1484
Query: 58
Nearest Neighbor-1: 9779
distanceHypercube: 246.105668
distanceTrue: 167.146642
Nearest Neighbor-2: 823
distanceHypercube: 253.065209
distanceTrue: 211.688450
Nearest Neighbor-3: 9886
distanceHypercube: 261.608486
distanceTrue: 220.517573
Nearest Neighbor-4: 107
distanceHypercube: 265.335637
distanceTrue: 227.294963
Nearest Neighbor-5: 9901
distanceHypercube: 266.182268
distanceTrue: 237.709907
tHypercube:  0.002896
tTrue: 0.020070
R-near neighbors:
9779
823
9886
107
9901
3250
979
4975
9823
4323
3752
3066
2176
2784
2330
1404
175
9568
5041
2457
1102
8559
3698
150
1786
9761
9753
8799
1273
505
3812
2250
3269
8510
9826
5982
9212
3430
8954
1618
7525
4423
6338
9638
1281
8478
3149
4301
4451
7379
4371
3536
6767
1807
6213
883
507
2672
5987
3646
2741
9845
6550
5603
9409
4939
1757
122
2976
1981
1785
284
9682
3795
6807
Query: 59
Nearest Neighbor-1: 7503
distanceHypercube: 342.512773
distanceTrue: 65.741920
Nearest Neighbor-2: 3452
distanceHypercube: 351.994318
distanceTrue: 281.767635
Nearest Neighbor-3: 8986
distanceHypercube: 356.478611
distanceTrue: 302.607006
Nearest Neighbor-4: 2729
distanceHypercube: 365.372413
distanceTrue: 316.142373
Nearest Neighbor-5: 8655
distanceHypercube: 365.754016
distanceTrue: 319.785866
tHypercube:  0.002664
tTrue: 0.020690
R-near neighbors:
7503
Query: 60
Nearest Neighbor-1: 7179
distanceHypercube: 175.786803
distanceTrue: 114.415908
Nearest Neighbor-2: 6983
distanceHypercube: 200.676356
distanceTrue: 117.149477
Nearest Neighbor-3: 8306
distanceHypercube: 215.011628
distanceTrue: 125.179871
Nearest Neighbor-4: 4773
distanceHypercube: 245.959346
distanceTrue: 140.182025
Nearest Neighbor-5: 7848
distanceHypercube: 250.165945
distanceTrue: 140.459959
tHypercube:  0.002658
tTrue: 0.019810
R-near neighbors:
7179
6983
8306
4773
7848
9193
6257
8014
6281
8966
9653
2922
7281
8221
7587
6496
5392
6672
8056
6020
2036
7507
9730
5923
3152
3512
2567
638
3743
8344
6859
6022
5272
6881
7628
9690
Query: 61
Nearest Neighbor-1: 9525
distanceHypercube: 284.322001
distanceTrue: 170.308544
Nearest Neighbor-2: 5048
distanceHypercube: 298.867864
distanceTrue: 264.022726
Nearest Neighbor-3: 2659
distanceHypercube: 301.845987
distanceTrue: 265.339405
Nearest Neighbor-4: 4803
distanceHypercube: 302.725949
distanceTrue: 268.350517
Nearest Neighbor-5: 7399
distanceHypercube: 305.694292
distanceTrue: 270.628897
tHypercube:  0.002652
tTrue: 0.019933
R-near neighbors:
9525
5048
2659
4803
7399
1953
8714
8959
5058
3501
4481
8981
9384
679
353
8392
4725
9522
7049
2256
2981
254
8231
4435
7840
1861
411
83
5396
80
9334
4591
5220
6605
729
7191
7773
8217
3772
8719
9097
2225
1862
7606
4703
9103
2122
7643
8983
5015
3279
1026
3373
Query: 62
Nearest Neighbor-1: 5382
distanceHypercube: 271.797719
distanceTrue: 140.356688
Nearest Neighbor-2: 5771
distanceHypercube: 286.131089
distanceTrue: 151.993421
Nearest Neighbor-3: 9809
distanceHypercube: 289.858586
distanceTrue: 242.295274
Nearest Neighbor-4: 2708
distanceHypercube: 292.342265
distanceTrue: 249.188684
Nearest Neighbor-5: 7018
distanceHypercube: 295.243967
distanceTrue: 249.795917
tHypercube:  0.003110
tTrue: 0.020178
R-near neighbors:
5382
5771
9809
2708
7018
1252
2875
977
5712
3254
3771
1180
6633
5851
8885
5738
9948
3141
Query: 63
Nearest Neighbor-1: 5775
distanceHypercube: 253.365349
distanceTrue: 131.651054
Nearest Neighbor-2: 5913
distanceHypercube: 260.677962
distanceTrue: 182.057683
Nearest Neighbor-3: 6125
distanceHypercube: 262.925845
distanceTrue: 193.220082
Nearest Neighbor-4: 3192
distanceHypercube: 289.444295
distanceTrue: 203.580451
Nearest Neighbor-5: 6747
distanceHypercube: 290.179255
distanceTrue: 207.016908
tHypercube:  0.002672
tTrue: 0.020421
R-near neighbors:
5775
5913
6125
3192
6747
6027
8908
5951
6733
4691
5746
6410
3214
4960
4557
2790
8076
2298
3389
5922
8639
8606
Query: 64
Nearest Neighbor-1: 6441
distanceHypercube: 207.766696
distanceTrue: 94.915752
Nearest Neighbor-2: 5777
distanceHypercube: 240.401747
distanceTrue: 124.225601
Nearest Neighbor-3: 297
distanceHypercube: 244.470857
distanceTrue: 133.502809
Nearest Neighbor-4: 5054
distanceHypercube: 246.574532
distanceTrue: 152.417191
Nearest Neighbor-5: 5434
distanceHypercube: 255.595383
distanceTrue: 207.766696
tHypercube:  0.002720
tTrue: 0.020321
R-near neighbors:
6441
5777
297
5054
5434
865
1089
7519
3107
6265
6047
5755
8964
4608
4693
6124
8076
8829
1146
5201
971
1915
8960
5258
5557
7817
4678
2185
5234
8920
5917
605
935
6356
1655
9484
7419
4820
9046
5273
3389
7127
5337
3497
3925
Query: 65
Nearest Neighbor-1: 5636
distanceHypercube: 138.275088
distanceTrue: 138.275088
Nearest Neighbor-2: 6938
distanceHypercube: 240.696905
distanceTrue: 226.823720
Nearest Neighbor-3: 6104
distanceHypercube: 301.788005
distanceTrue: 240.696905
Nearest Neighbor-4: 6927
distanceHypercube: 301.879115
distanceTrue: 243.963112
Nearest Neighbor-5: 8243
distanceHypercube: 315.187246
distanceTrue: 247.390380
tHypercube:  0.003144
tTrue: 0.020423
R-near neighbors:
5636
6938
6104
6927
8243
6727
2049
5251
6182
1851
8179
5606
Query: 66
Nearest Neighbor-1: 799
distanceHypercube: 234.469614
distanceTrue: 173.381083
Nearest Neighbor-2: 4580
distanceHypercube: 238.073518
distanceTrue: 219.861320
Nearest Neighbor-3: 7601
distanceHypercube: 238.595893
distanceTrue: 224.194112
Nearest Neighbor-4: 6679
distanceHypercube: 254.045272
distanceTrue: 233.008584
Nearest Neighbor-5: 377
distanceHypercube: 254.501473
distanceTrue: 234.469614
tHypercube:  0.003092
tTrue: 0.019860
R-near neighbors:
799
4580
7601
6679
377
6411
6639
6111
9977
6376
6798
6159
7841
2667
8909
5120
6461
7548
5671
7684
5447
7392
48
8484
9764
9621
5797
8165
7283
5870
1579
6660
1430
5924
322
8831
5705
6834
7703
6229
9273
898
4913
5932
3069
1772
94
7080
3872
2040
Query: 67
Nearest Neighbor-1: 5670
distanceHypercube: 225.698914
distanceTrue: 200.865627
Nearest Neighbor-2: 7759
distanceHypercube: 241.447717
distanceTrue: 225.698914
Nearest Neighbor-3: 6940
distanceHypercube: 300.184943
distanceTrue: 230.047821
Nearest Neighbor-4: 8197
distanceHypercube: 341.850845
distanceTrue: 241.447717
Nearest Neighbor-5: 2611
distanceHypercube: 342.857113
distanceTrue: 247.917325
tHypercube:  0.003099
tTrue: 0.020086
R-near neighbors:
5670
7759
6940
8197
2611
Query: 68
Nearest Neighbor-1: 8280
distanceHypercube: 253.379163
distanceTrue: 224.225333
Nearest Neighbor-2: 8449
distanceHypercube: 284.358928
distanceTrue: 244.237589
Nearest Neighbor-3: 2617
distanceHypercube: 308.209344
distanceTrue: 251.035854
Nearest Neighbor-4: 9396
distanceHypercube: 317.200252
distanceTrue: 253.379163
Nearest Neighbor-5: 9251
distanceHypercube: 317.449209
distanceTrue: 260.224903
tHypercube:  0.002904
tTrue: 0.020108
R-near neighbors:
8280
8449
2617
9396
9251
5446
8854
7133
1949
9909
2023
6768
2278
6253
Query: 69
Nearest Neighbor-1: 5200
distanceHypercube: 201.310705
distanceTrue: 201.310705
Nearest Neighbor-2: 7218
distanceHypercube: 211.860803
distanceTrue: 201.335541
Nearest Neighbor-3: 4226
distanceHypercube: 220.510771
distanceTrue: 202.770807
Nearest Neighbor-4: 3237
distanceHypercube: 239.267633
distanceTrue: 203.179723
Nearest Neighbor-5: 6440
distanceHypercube: 240.468293
distanceTrue: 206.893693
tHypercube:  0.002687
tTrue: 0.020952
R-near neighbors:
5200
7218
4226
3237
6440
6117
5440
7207
9721
5788
9483
5741
5461
7409
4609
5196
7028
6911
4556
6413
6608
6595
9466
7484
705
2613
6732
5776
1154
375
4567
5433
1918
312
1893
3791
8119
2921
6597
8605
7859
4041
7112
970
5289
2422
4952
1925
6917
4725
1891
7502
101
255
3039
5056
8048
8231
7691
Query: 70
Nearest Neighbor-1: 6215
distanceHypercube: 276.108674
distanceTrue: 266.812668
Nearest Neighbor-2: 9720
distanceHypercube: 284.713891
distanceTrue: 268.536776
Nearest Neighbor-3: 589
distanceHypercube: 303.805859
distanceTrue: 276.108674
Nearest Neighbor-4: 5403
distanceHypercube: 321.189975
distanceTrue: 276.219116
Nearest Neighbor-5: 7907
distanceHypercube: 321.219551
distanceTrue: 283.869688
tHypercube:  0.002680
tTrue: 0.020297
R-near neighbors:
6215
9720
589
5403
7907
576
551
1337
1010
935
6932
2557
4106
492
9186
2185
6236
2980
6874
881
3979
8764
Query: 71
Nearest Neighbor-1: 7487
distanceHypercube: 132.280006
distanceTrue: 46.818800
Nearest Neighbor-2: 5236
distanceHypercube: 170.320287
distanceTrue: 80.367904
Nearest Neighbor-3: 3192
distanceHypercube: 195.632308
distanceTrue: 100.772020
Nearest Neighbor-4: 5435
distanceHypercube: 203.879867
distanceTrue: 112.049096
Nearest Neighbor-5: 8076
distanceHypercube: 221.803968
distanceTrue: 132.280006
tHypercube:  0.003253
tTrue: 0.019821
R-near neighbors:
7487
5236
3192
5435
8076
6739
8153
7593
6410
5803
4162
6954
5828
1528
7679
5641
7480
8598
5288
9998
8110
8482
6441
4542
8103
4493
6801
6138
6925
7360
5054
5824
2621
6704
4693
8791
1876
6042
6425
7145
6735
7785
Query: 72
Nearest Neighbor-1: 5635
distanceHypercube: 272.754468
distanceTrue: 193.674985
Nearest Neighbor-2: 9798
distanceHypercube: 275.833283
distanceTrue: 205.701240
Nearest Neighbor-3: 6797
distanceHypercube: 282.506637
distanceTrue: 222.800359
Nearest Neighbor-4: 6703
distanceHypercube: 287.116701
distanceTrue: 252.331132
Nearest Neighbor-5: 7004
distanceHypercube: 309.365480
distanceTrue: 253.369296
tHypercube:  0.003118
tTrue: 0.020040
R-near neighbors:
5635
9798
6797
6703
7004
4559
7148
7078
3959
3517
7159
4232
Query: 73
Nearest Neighbor-1: 9770
distanceHypercube: 320.728857
distanceTrue: 303.211148
Nearest Neighbor-2: 5247
distanceHypercube: 325.416656
distanceTrue: 320.128099
Nearest Neighbor-3: 153
distanceHypercube: 341.364907
distanceTrue: 320.728857
Nearest Neighbor-4: 1232
distanceHypercube: 348.491033
distanceTrue: 322.632918
Nearest Neighbor-5: 3462
distanceHypercube: 352.339325
distanceTrue: 322.722791
tHypercube:  0.002572
tTrue: 0.019669
R-near neighbors:
9770
5247
153
1232
Query: 74
Nearest Neighbor-1: 3803
distanceHypercube: 295.585859
distanceTrue: 230.458239
Nearest Neighbor-2: 2454
distanceHypercube: 302.122492
distanceTrue: 289.490933
Nearest Neighbor-3: 1851
distanceHypercube: 321.417174
distanceTrue: 289.594544
Nearest Neighbor-4: 3385
distanceHypercube: 322.546121
distanceTrue: 291.890390
Nearest Neighbor-5: 7928
distanceHypercube: 328.508752
distanceTrue: 295.585859
tHypercube:  0.002654
tTrue: 0.019933
R-near neighbors:
3803
2454
1851
3385
7928
6546
1780
Query: 75
Nearest Neighbor-1: 9531
distanceHypercube: 240.000000
distanceTrue: 131.095385
Nearest Neighbor-2: 4662
distanceHypercube: 240.177018
distanceTrue: 220.020454
Nearest Neighbor-3: 5731
distanceHypercube: 245.006122
distanceTrue: 220.503968
Nearest Neighbor-4: 9523
distanceHypercube: 249.313056
distanceTrue: 222.186858
Nearest Neighbor-5: 4715
distanceHypercube: 249.867965
distanceTrue: 223.597853
tHypercube:  0.002591
tTrue: 0.020261
R-near neighbors:
9531
4662
5731
9523
4715
4878
4578
4512
1015
6416
8503
9623
8722
8567
8590
9474
3546
63
1226
7183
8337
7860
873
22
5512
5042
4705
7496
4652
1966
6784
2941
268
7298
3035
4597
1424
8651
5653
5479
221
7495
3600
689
4798
6934
2980
3963
3848
4646
7886
4505
7312
7844
5527
8442
2460
9921
9624
159
4570
160
6931
4684
4776
8040
9770
9484
9418
8077
360
9171
5998
4763
2800
577
9346
6
7788
7050
4560
2208
1414
270
5322
650
7329
3246
6867
4006
8863
4827
9445
8303
5087
6230
4473
432
4558
8540
9740
2926
1137
7292
4982
9095
5620
1135
828
8339
726
5769
4225
7859
8336
4499
2394
5733
6008
6275
619
3031
1478
874
111
6449
5667
3504
3769
9108
5405
181
6264
3436
9819
5083
182
5749
473
4040
3723
1735
5871
9458
396
9884
9771
3463
6340
3974
1733
8778
3946
2587
7400
2600
6944
8787
967
7479
5621
586
8519
Query: 76
Nearest Neighbor-1: 8884
distanceHypercube: 312.749101
distanceTrue: 212.061312
Nearest Neighbor-2: 9822
distanceHypercube: 342.282047
distanceTrue: 254.768522
Nearest Neighbor-3: 4813
distanceHypercube: 355.851092
distanceTrue: 294.258390
Nearest Neighbor-4: 1376
distanceHypercube: 364.895876
distanceTrue: 297.791874
Nearest Neighbor-5: 3882
distanceHypercube: 365.524281
distanceTrue: 299.314216
tHypercube:  0.002594
tTrue: 0.020292
R-near neighbors:
8884
9822
Query: 77
Nearest Neighbor-1: 2568
distanceHypercube: 324.282284
distanceTrue: 251.256841
Nearest Neighbor-2: 6370
distanceHypercube: 327.534731
distanceTrue: 255.996094
Nearest Neighbor-3: 2374
distanceHypercube: 330.853442
distanceTrue: 280.836251
Nearest Neighbor-4: 7558
distanceHypercube: 332.628922
distanceTrue: 282.426982
Nearest Neighbor-5: 2070
distanceHypercube: 335.398271
distanceTrue: 285.184151
tHypercube:  0.002554
tTrue: 0.019925
R-near neighbors:
2568
6370
2374
7558
2070
3461
4007
6064
8166
Query: 78
Nearest Neighbor-1: 8579
distanceHypercube: 293.715849
distanceTrue: 293.715849
Nearest Neighbor-2: 2950
distanceHypercube: 334.052391
distanceTrue: 298.879574
Nearest Neighbor-3: 906
distanceHypercube: 355.730235
distanceTrue: 306.737673
Nearest Neighbor-4: 7288
distanceHypercube: 356.289208
distanceTrue: 317.762490
Nearest Neighbor-5: 4676
distanceHypercube: 358.477335
distanceTrue: 317.908792
tHypercube:  0.002767
tTrue: 0.020307
R-near neighbors:
8579
2950
Query: 79
Nearest Neighbor-1: 9793
distanceHypercube: 245.515784
distanceTrue: 226.867803
Nearest Neighbor-2: 4624
distanceHypercube: 254.876441
distanceTrue: 245.515784
Nearest Neighbor-3: 4658
distanceHypercube: 273.320325
distanceTrue: 254.876441
Nearest Neighbor-4: 7784
distanceHypercube: 277.634652
distanceTrue: 258.880281
Nearest Neighbor-5: 5303
distanceHypercube: 285.462782
distanceTrue: 260.929109
tHypercube:  0.002515
tTrue: 0.020053
R-near neighbors:
9793
4624
4658
7784
5303
5355
2468
2918
1099
2195
9257
9416
5862
5633
5556
4080
6702
4586
6241
7268
92
6609
4509
855
1648
3468
2059
2482
9697
6923
6828
733
2211
5432
3823
5003
374
11
5138
9900
5071
203
4314
877
7146
135
3378
2996
Query: 80
Nearest Neighbor-1: 5987
distanceHypercube: 241.149331
distanceTrue: 148.165448
Nearest Neighbor-2: 6721
distanceHypercube: 248.384782
distanceTrue: 160.415087
Nearest Neighbor-3: 6686
distanceHypercube: 259.071419
distanceTrue: 161.369142
Nearest Neighbor-4: 9930
distanceHypercube: 262.160256
distanceTrue: 171.192874
Nearest Neighbor-5: 2169
distanceHypercube: 262.659475
distanceTrue: 180.222085
tHypercube:  0.002507
tTrue: 0.020202
R-near neighbors:
5987
6721
6686
9930
2169
6541
1906
4564
8483
6333
440
7683
5291
6195
916
7810
6317
8740
3902
2449
9454
8510
8925
6775
2220
4276
9638
8998
469
Query: 81
Nearest Neighbor-1: 7452
distanceHypercube: 146.311312
distanceTrue: 146.311312
Nearest Neighbor-2: 9251
distanceHypercube: 304.180867
distanceTrue: 230.893915
Nearest Neighbor-3: 6253
distanceHypercube: 320.399750
distanceTrue: 281.067608
Nearest Neighbor-4: 3541
distanceHypercube: 328.726330
distanceTrue: 296.905709
Nearest Neighbor-5: 6966
distanceHypercube: 334.228963
distanceTrue: 299.285817
tHypercube:  0.002659
tTrue: 0.019904
R-near neighbors:
7452
9251
6253
3541
6966
8351
7229
7776
3774
2617
Query: 82
Nearest Neighbor-1: 3087
distanceHypercube: 276.819436
distanceTrue: 276.819436
Nearest Neighbor-2: 1221
distanceHypercube: 311.478731
distanceTrue: 295.409885
Nearest Neighbor-3: 7256
distanceHypercube: 312.443595
distanceTrue: 297.302876
Nearest Neighbor-4: 3939
distanceHypercube: 333.908670
distanceTrue: 298.705541
Nearest Neighbor-5: 86
distanceHypercube: 337.832799
distanceTrue: 302.365673
tHypercube:  0.003047
tTrue: 0.019855
R-near neighbors:
3087
1221
7256
3939
86
6987
838
1509
4195
443
9231
4216
Query: 83
Nearest Neighbor-1: 274
distanceHypercube: 283.853836
distanceTrue: 271.981617
Nearest Neighbor-2: 458
distanceHypercube: 307.951295
distanceTrue: 273.892315
Nearest Neighbor-3: 7664
distanceHypercube: 320.674290
distanceTrue: 278.718496
Nearest Neighbor-4: 9366
distanceHypercube: 326.669558
distanceTrue: 280.237399
Nearest Neighbor-5: 2471
distanceHypercube: 332.325142
distanceTrue: 280.360482
tHypercube:  0.003043
tTrue: 0.019741
R-near neighbors:
274
458
7664
9366
2471
467
9052
7024
1285
4463
4589
80
636
118
5939
5176
6476
9525
4077
Query: 84
Nearest Neighbor-1: 6006
distanceHypercube: 181.606718
distanceTrue: 181.606718
Nearest Neighbor-2: 2257
distanceHypercube: 287.102769
distanceTrue: 196.987309
Nearest Neighbor-3: 5674
distanceHypercube: 289.644610
distanceTrue: 237.667835
Nearest Neighbor-4: 5294
distanceHypercube: 295.069483
distanceTrue: 249.389254
Nearest Neighbor-5: 5732
distanceHypercube: 296.236392
distanceTrue: 252.513366
tHypercube:  0.002658
tTrue: 0.020129
R-near neighbors:
6006
2257
5674
5294
5732
4725
4368
1145
4864
1289
7997
7518
4308
5904
1903
2715
6321
5712
9266
9800
7060
5235
9103
8981
905
7262
6479
1719
7543
2658
5851
9232
Query: 85
Nearest Neighbor-1: 550
distanceHypercube: 278.983871
distanceTrue: 192.678489
Nearest Neighbor-2: 8950
distanceHypercube: 283.813319
distanceTrue: 233.846103
Nearest Neighbor-3: 5380
distanceHypercube: 287.869762
distanceTrue: 248.362638
Nearest Neighbor-4: 7118
distanceHypercube: 294.682880
distanceTrue: 249.661771
Nearest Neighbor-5: 1089
distanceHypercube: 299.594726
distanceTrue: 250.465566
tHypercube:  0.002676
tTrue: 0.020399
R-near neighbors:
550
8950
5380
7118
1089
7840
3601
4981
8959
8003
7981
353
5065
3034
6817
6354
9793
9185
5273
6447
3577
8190
4777
9697
141
332
690
8920
7029
9561
537
3642
6336
9186
8482
9842
9885
6827
3520
6680
3000
3756
59
7345
723
5971
9701
6923
935
4854
4694
7135
5178
4814
7423
7990
562
4731
7822
2387
8899
4114
3218
888
9265
4754
8828
8600
1909
Query: 86
Nearest Neighbor-1: 5888
distanceHypercube: 358.157786
distanceTrue: 285.106997
Nearest Neighbor-2: 7109
distanceHypercube: 412.367554
distanceTrue: 305.612500
Nearest Neighbor-3: 7961
distanceHypercube: 415.900228
distanceTrue: 330.969787
Nearest Neighbor-4: 3341
distanceHypercube: 425.775763
distanceTrue: 339.972058
Nearest Neighbor-5: 7138
distanceHypercube: 438.930518
distanceTrue: 346.297560
tHypercube:  0.002640
tTrue: 0.020760
R-near neighbors:
Query: 87
Nearest Neighbor-1: 5691
distanceHypercube: 282.400425
distanceTrue: 224.906647
Nearest Neighbor-2: 5204
distanceHypercube: 326.689455
distanceTrue: 255.282197
Nearest Neighbor-3: 7723
distanceHypercube: 335.365472
distanceTrue: 265.054711
Nearest Neighbor-4: 9028
distanceHypercube: 343.444319
distanceTrue: 277.784089
Nearest Neighbor-5: 8491
distanceHypercube: 345.609606
distanceTrue: 281.778282
tHypercube:  0.003087
tTrue: 0.020072
R-near neighbors:
5691
5204
7723
9028
8491
4944
Query: 88
Nearest Neighbor-1: 6588
distanceHypercube: 231.207699
distanceTrue: 123.559702
Nearest Neighbor-2: 8388
distanceHypercube: 291.946913
distanceTrue: 216.025461
Nearest Neighbor-3: 6750
distanceHypercube: 305.493044
distanceTrue: 217.935770
Nearest Neighbor-4: 7804
distanceHypercube: 311.963139
distanceTrue: 231.207699
Nearest Neighbor-5: 6375
distanceHypercube: 332.577810
distanceTrue: 234.113220
tHypercube:  0.003113
tTrue: 0.020188
R-near neighbors:
6588
8388
6750
7804
6375
8587
Query: 89
Nearest Neighbor-1: 7066
distanceHypercube: 155.515273
distanceTrue: 75.079957
Nearest Neighbor-2: 9225
distanceHypercube: 163.410526
distanceTrue: 135.051842
Nearest Neighbor-3: 7793
distanceHypercube: 281.556389
distanceTrue: 154.418263
Nearest Neighbor-4: 6966
distanceHypercube: 293.942171
distanceTrue: 155.515273
Nearest Neighbor-5: 7283
distanceHypercube: 297.984899
distanceTrue: 163.410526
tHypercube:  0.002582
tTrue: 0.020604
R-near neighbors:
7066
9225
7793
6966
7283
7988
5857
9057
7368
8473
886
331
6468
6286
6834
1206
6406
50
2205
8694
665
6253
6083
9803
Query: 90
Nearest Neighbor-1: 6832
distanceHypercube: 212.682862
distanceTrue: 114.533838
Nearest Neighbor-2: 5765
distanceHypercube: 217.811845
distanceTrue: 157.340395
Nearest Neighbor-3: 81
distanceHypercube: 232.477956
distanceTrue: 191.522845
Nearest Neighbor-4: 9982
distanceHypercube: 239.630966
distanceTrue: 206.421898
Nearest Neighbor-5: 2022
distanceHypercube: 246.681982
distanceTrue: 208.031248
tHypercube:  0.002680
tTrue: 0.020156
R-near neighbors:
6832
5765
81
9982
2022
7341
6971
37
7179
6220
5359
6676
6337
9733
4159
6881
2975
3269
4816
4234
5661
8616
8993
1236
2373
9344
49
5473
2295
5656
9706
9163
897
9454
438
8228
7752
9653
1843
4525
9704
3534
316
8371
818
4619
5793
666
7322
5035
5603
3841
9954
9662
Query: 91
Nearest Neighbor-1: 5087
distanceHypercube: 196.814634
distanceTrue: 50.457903
Nearest Neighbor-2: 4740
distanceHypercube: 197.380343
distanceTrue: 60.663004
Nearest Neighbor-3: 6490
distanceHypercube: 197.974746
distanceTrue: 156.233799
Nearest Neighbor-4: 4926
distanceHypercube: 199.153207
distanceTrue: 157.629312
Nearest Neighbor-5: 4595
distanceHypercube: 216.778689
distanceTrue: 163.141043
tHypercube:  0.002834
tTrue: 0.020276
R-near neighbors:
5087
4740
6490
4926
4595
4727
4701
8442
4821
2917
4508
4464
162
1659
106
1546
1359
4798
181
8673
62
689
158
7008
7183
8590
3546
208
6604
4917
3045
5167
3545
7589
5083
5357
251
1651
9624
1726
1358
4496
6031
3668
5209
5379
8540
5322
654
873
1735
4715
30
5731
4879
9513
7292
6415
3326
5571
4927
8840
4549
9707
9342
1015
180
1343
3600
1208
9108
2983
3051
8662
75
4795
8665
1781
8418
4673
5418
2460
8786
1226
1672
2662
4558
5166
378
8855
810
9919
269
3330
9623
7844
937
5597
902
548
5297
270
1414
2558
3327
6107
366
900
555
234
4501
1330
8778
5859
259
2258
4535
2548
1135
9346
387
187
5279
857
8787
17
5032
9948
5965
3787
9528
2430
5381
5022
Query: 92
Nearest Neighbor-1: 8576
distanceHypercube: 366.443720
distanceTrue: 298.026844
Nearest Neighbor-2: 385
distanceHypercube: 379.233437
distanceTrue: 308.970872
Nearest Neighbor-3: 1441
distanceHypercube: 387.766682
distanceTrue: 314.189433
Nearest Neighbor-4: 3818
distanceHypercube: 391.617160
distanceTrue: 317.480708
Nearest Neighbor-5: 4693
distanceHypercube: 396.114882
distanceTrue: 318.824403
tHypercube:  0.003050
tTrue: 0.019828
R-near neighbors:
Query: 93
Nearest Neighbor-1: 909
distanceHypercube: 305.942805
distanceTrue: 141.463776
Nearest Neighbor-2: 2803
distanceHypercube: 338.493722
distanceTrue: 245.210114
Nearest Neighbor-3: 7515
distanceHypercube: 360.310977
distanceTrue: 293.625612
Nearest Neighbor-4: 1682
distanceHypercube: 361.577101
distanceTrue: 305.942805
Nearest Neighbor-5: 187
distanceHypercube: 372.454024
distanceTrue: 307.982142
tHypercube:  0.003160
tTrue: 0.019840
R-near neighbors:
909
2803
Query: 94
Nearest Neighbor-1: 7219
distanceHypercube: 265.734830
distanceTrue: 234.774360
Nearest Neighbor-2: 7003
distanceHypercube: 275.156319
distanceTrue: 258.338925
Nearest Neighbor-3: 7421
distanceHypercube: 277.631050
distanceTrue: 259.917295
Nearest Neighbor-4: 5713
distanceHypercube: 282.439374
distanceTrue: 265.734830
Nearest Neighbor-5: 5258
distanceHypercube: 286.118856
distanceTrue: 268.717324
tHypercube:  0.002718
tTrue: 0.019939
R-near neighbors:
7219
7003
7421
5713
5258
5755
3107
5992
6916
5128
6596
9875
6047
1304
8053
5439
5557
9869
5338
1181
1915
297
31
9947
9146
6356
7763
4693
9994
2258
6826
7258
1718
4667
9309
6489
5236
Query: 95
Nearest Neighbor-1: 8609
distanceHypercube: 260.470728
distanceTrue: 160.570857
Nearest Neighbor-2: 8493
distanceHypercube: 262.505238
distanceTrue: 236.376818
Nearest Neighbor-3: 8055
distanceHypercube: 283.148371
distanceTrue: 245.981707
Nearest Neighbor-4: 7766
distanceHypercube: 295.797228
distanceTrue: 256.515107
Nearest Neighbor-5: 3169
distanceHypercube: 302.413624
distanceTrue: 260.470728
tHypercube:  0.002585
tTrue: 0.020010
R-near neighbors:
8609
8493
8055
7766
3169
8661
5045
2049
2133
9855
5488
9297
6050
7739
Query: 96
Nearest Neighbor-1: 8154
distanceHypercube: 338.038459
distanceTrue: 305.391552
Nearest Neighbor-2: 1598
distanceHypercube: 340.517254
distanceTrue: 313.359219
Nearest Neighbor-3: 2526
distanceHypercube: 352.476950
distanceTrue: 313.738745
Nearest Neighbor-4: 4069
distanceHypercube: 361.038779
distanceTrue: 318.987461
Nearest Neighbor-5: 2798
distanceHypercube: 363.168005
distanceTrue: 320.947036
tHypercube:  0.002630
tTrue: 0.020212
R-near neighbors:
8154
1598
Query: 97
Nearest Neighbor-1: 5333
distanceHypercube: 303.557243
distanceTrue: 285.790133
Nearest Neighbor-2: 2950
distanceHypercube: 330.000000
distanceTrue: 303.557243
Nearest Neighbor-3: 8308
distanceHypercube: 330.230223
distanceTrue: 318.366141
Nearest Neighbor-4: 4044
distanceHypercube: 345.228910
distanceTrue: 320.209307
Nearest Neighbor-5: 8349
distanceHypercube: 350.789110
distanceTrue: 322.956653
tHypercube:  0.002622
tTrue: 0.020253
R-near neighbors:
5333
2950
8308
4044
Query: 98
Nearest Neighbor-1: 8826
distanceHypercube: 233.531582
distanceTrue: 233.531582
Nearest Neighbor-2: 3341
distanceHypercube: 322.883880
distanceTrue: 303.744959
Nearest Neighbor-3: 8112
distanceHypercube: 333.177130
distanceTrue: 304.041116
Nearest Neighbor-4: 8819
distanceHypercube: 342.280587
distanceTrue: 311.303710
Nearest Neighbor-5: 1008
distanceHypercube: 343.629161
distanceTrue: 315.434621
tHypercube:  0.002519
tTrue: 0.022313
R-near neighbors:
8826
3341
8112
8819
1008
3845
3632
5529
Query: 99
Nearest Neighbor-1: 5761
distanceHypercube: 174.473494
distanceTrue: 137.429982
Nearest Neighbor-2: 5436
distanceHypercube: 180.385698
distanceTrue: 138.899244
Nearest Neighbor-3: 5950
distanceHypercube: 186.574382
distanceTrue: 138.964024
Nearest Neighbor-4: 9841
distanceHypercube: 199.516917
distanceTrue: 142.506140
Nearest Neighbor-5: 6738
distanceHypercube: 203.740030
distanceTrue: 143.457311
tHypercube:  0.002630
tTrue: 0.020599
R-near neighbors:
5761
5436
5950
9841
6738
9910
5237
7078
5074
6806
5233
5615
6049
5747
6331
7338
3191
2167
8638
7877
3505
7820
2196
1090
8597
1003
1479
8978
6162
3213
7101
4666
4541
1947
8481
8142
4959
4492
1702
931
5640
4813
7041
6132
6136
604
71
9157
7469
1781
3077
8610
2610
5107
8101
6987
7165
8262
3643
4734
3607
7427
6781
6109
1378
7551
4489
1248
2432
Query: 100
Nearest Neighbor-1: 9943
distanceHypercube: 318.940433
distanceTrue: 184.613109
Nearest Neighbor-2: 8897
distanceHypercube: 347.966952
distanceTrue: 234.885078
Nearest Neighbor-3: 1662
distanceHypercube: 368.757373
distanceTrue: 308.608166
Nearest Neighbor-4: 8977
distanceHypercube: 369.492896
distanceTrue: 310.402964
Nearest Neighbor-5: 1275
distanceHypercube: 377.396343
distanceTrue: 318.940433
tHypercube:  0.003709
tTrue: 0.020099
R-near neighbors:
9943
8897
