Query: 1
Nearest Neighbor-1: 817
distanceHypercube: 311.032153
distanceTrue: 276.781502
Nearest Neighbor-2: 1046
distanceHypercube: 311.361526
distanceTrue: 277.495946
Nearest Neighbor-3: 1885
distanceHypercube: 313.076668
distanceTrue: 282.315426
Nearest Neighbor-4: 1296
distanceHypercube: 319.164534
distanceTrue: 283.637092
Nearest Neighbor-5: 493
distanceHypercube: 321.854004
distanceTrue: 284.596205
tHypercube:  0.002357
tTrue: 0.019347
R-near neighbors:
817
1046
1885
1296
493
1255
1293
147
1318
1757
1896
697
1690
925
1039
124
1917
150
349
107
1371
Query: 2
Nearest Neighbor-1: 926
distanceHypercube: 277.167819
distanceTrue: 256.852098
Nearest Neighbor-2: 146
distanceHypercube: 278.204960
distanceTrue: 259.913447
Nearest Neighbor-3: 1151
distanceHypercube: 279.969641
distanceTrue: 262.895416
Nearest Neighbor-4: 910
distanceHypercube: 288.620859
distanceTrue: 262.925845
Nearest Neighbor-5: 98
distanceHypercube: 296.738943
distanceTrue: 264.932067
tHypercube:  0.002786
tTrue: 0.019448
R-near neighbors:
926
146
1151
910
98
1544
1117
801
463
350
1152
155
950
272
125
1787
466
526
504
483
1784
1964
1796
1626
1118
464
1806
1668
156
1825
126
108
1808
643
1444
23
371
642
813
1294
508
273
489
498
684
1379
1677
954
123
696
1940
200
488
288
858
610
599
1683
1100
1127
132
27
863
757
286
1983
1988
806
1038
1989
1480
758
611
688
172
319
1754
1464
618
792
277
1699
1620
122
271
674
348
Query: 3
Nearest Neighbor-1: 1180
distanceHypercube: 269.165377
distanceTrue: 206.736547
Nearest Neighbor-2: 1289
distanceHypercube: 269.206241
distanceTrue: 219.460703
Nearest Neighbor-3: 58
distanceHypercube: 271.260023
distanceTrue: 222.551118
Nearest Neighbor-4: 1822
distanceHypercube: 271.722285
distanceTrue: 227.725712
Nearest Neighbor-5: 1891
distanceHypercube: 274.127707
distanceTrue: 241.754007
tHypercube:  0.002969
tTrue: 0.019481
R-near neighbors:
1180
1289
58
1822
1891
72
1274
13
604
1343
705
1767
821
634
1336
1271
654
1479
1838
1947
1450
1529
5
1209
552
1663
1129
1090
426
2012
1003
1539
1561
1398
1702
1719
11
1613
1525
658
1889
563
1636
1930
1692
21
159
1697
1196
928
1225
61
113
444
1234
1012
555
384
359
994
457
Query: 4
Nearest Neighbor-1: 273
distanceHypercube: 260.702896
distanceTrue: 215.176672
Nearest Neighbor-2: 108
distanceHypercube: 265.633206
distanceTrue: 216.843261
Nearest Neighbor-3: 125
distanceHypercube: 272.033086
distanceTrue: 236.137672
Nearest Neighbor-4: 126
distanceHypercube: 273.115360
distanceTrue: 242.206523
Nearest Neighbor-5: 483
distanceHypercube: 278.601866
distanceTrue: 249.621714
tHypercube:  0.002779
tTrue: 0.019254
R-near neighbors:
273
108
125
126
483
146
271
98
684
1100
1294
1832
122
155
156
756
1808
1151
132
696
1626
950
504
1038
123
508
1699
1152
371
1988
610
926
412
943
611
1620
282
801
272
954
490
27
758
1510
1616
599
910
839
642
287
463
806
403
613
1033
1369
472
1796
1157
1458
757
1813
1182
134
1788
1728
23
997
1899
663
466
1267
578
1444
Query: 5
Nearest Neighbor-1: 1672
distanceHypercube: 265.067916
distanceTrue: 250.509481
Nearest Neighbor-2: 1539
distanceHypercube: 267.277010
distanceTrue: 257.538347
Nearest Neighbor-3: 359
distanceHypercube: 284.487258
distanceTrue: 265.067916
Nearest Neighbor-4: 918
distanceHypercube: 295.276142
distanceTrue: 267.277010
Nearest Neighbor-5: 1675
distanceHypercube: 302.782100
distanceTrue: 279.383249
tHypercube:  0.002872
tTrue: 0.019531
R-near neighbors:
1672
1539
359
918
1675
705
1056
418
1587
890
732
1824
247
166
784
928
1420
1047
725
1343
159
1779
1392
1227
86
802
1450
1657
1298
654
1351
113
652
Query: 6
Nearest Neighbor-1: 1098
distanceHypercube: 275.150868
distanceTrue: 275.150868
Nearest Neighbor-2: 805
distanceHypercube: 304.816338
distanceTrue: 287.503043
Nearest Neighbor-3: 1708
distanceHypercube: 325.768323
distanceTrue: 293.819673
Nearest Neighbor-4: 1897
distanceHypercube: 327.562208
distanceTrue: 300.524541
Nearest Neighbor-5: 1627
distanceHypercube: 329.604308
distanceTrue: 304.816338
tHypercube:  0.002942
tTrue: 0.020051
R-near neighbors:
1098
805
1708
1897
1627
1069
289
1446
1206
1242
704
1864
Query: 7
Nearest Neighbor-1: 925
distanceHypercube: 266.724577
distanceTrue: 246.609002
Nearest Neighbor-2: 1917
distanceHypercube: 269.001859
distanceTrue: 252.816139
Nearest Neighbor-3: 1037
distanceHypercube: 274.051090
distanceTrue: 255.804613
Nearest Neighbor-4: 1175
distanceHypercube: 279.864253
distanceTrue: 256.105447
Nearest Neighbor-5: 1469
distanceHypercube: 288.626056
distanceTrue: 258.336989
tHypercube:  0.002873
tTrue: 0.019615
R-near neighbors:
925
1917
1037
1175
1469
1324
695
1039
422
1919
109
1323
1468
1667
1296
1455
404
496
612
1238
982
220
791
1757
1318
580
1463
1519
147
495
1532
834
1581
145
383
503
1293
121
1753
697
211
673
363
525
107
1255
1087
923
662
1518
996
1164
1854
1759
148
1935
1896
1853
812
276
349
1370
1200
1150
680
1371
566
1130
127
398
616
1046
151
1857
543
1189
844
545
1885
1514
1272
1445
239
1494
1943
1557
1013
1355
587
1617
484
958
485
1054
1690
736
289
1070
990
152
991
97
1295
318
1489
Query: 8
Nearest Neighbor-1: 1236
distanceHypercube: 227.002203
distanceTrue: 173.948268
Nearest Neighbor-2: 885
distanceHypercube: 248.967869
distanceTrue: 177.727319
Nearest Neighbor-3: 560
distanceHypercube: 258.321505
distanceTrue: 196.402648
Nearest Neighbor-4: 45
distanceHypercube: 262.162164
distanceTrue: 197.560117
Nearest Neighbor-5: 2022
distanceHypercube: 269.362210
distanceTrue: 205.092662
tHypercube:  0.002943
tTrue: 0.019587
R-near neighbors:
1236
885
560
45
2022
49
1906
81
440
1390
1205
897
1520
819
740
1565
978
629
965
1848
171
1335
1281
1665
1464
1125
Query: 9
Nearest Neighbor-1: 550
distanceHypercube: 274.721677
distanceTrue: 248.473339
Nearest Neighbor-2: 708
distanceHypercube: 276.828467
distanceTrue: 256.214754
Nearest Neighbor-3: 1657
distanceHypercube: 278.643141
distanceTrue: 259.011583
Nearest Neighbor-4: 1563
distanceHypercube: 280.617177
distanceTrue: 259.137029
Nearest Neighbor-5: 1547
distanceHypercube: 282.347304
distanceTrue: 263.945070
tHypercube:  0.002890
tTrue: 0.019831
R-near neighbors:
550
708
1657
1563
1547
1660
1526
1068
515
784
1589
1525
938
1693
767
336
1015
180
745
1671
167
595
113
725
448
1056
473
359
447
80
1873
1351
418
166
61
918
586
1889
1692
654
206
1622
86
1271
1809
1591
814
1569
492
1377
58
1450
1289
893
154
1049
726
556
1546
204
1392
159
500
158
355
205
1691
101
534
308
1745
208
1749
709
1123
604
1180
432
7
164
585
1587
360
202
1623
268
828
945
234
153
1915
516
1336
551
1373
10
1960
258
333
1398
1136
690
67
1824
1596
Query: 10
Nearest Neighbor-1: 689
distanceHypercube: 265.399699
distanceTrue: 250.014000
Nearest Neighbor-2: 74
distanceHypercube: 298.363872
distanceTrue: 251.722069
Nearest Neighbor-3: 93
distanceHypercube: 306.367426
distanceTrue: 254.680192
Nearest Neighbor-4: 1640
distanceHypercube: 308.591964
distanceTrue: 262.716577
Nearest Neighbor-5: 1358
distanceHypercube: 310.591371
distanceTrue: 263.374258
tHypercube:  0.002951
tTrue: 0.019569
R-near neighbors:
689
74
93
1640
1358
731
1959
1145
810
1912
1424
1731
608
660
576
168
434
55
367
352
1331
1301
1276
1079
89
1601
291
1170
52
1466
1014
1248
327
1067
637
79
115
381
1442
1208
1260
475
521
410
353
1770
1815
593
636
1473
1918
874
754
1178
1154
1730
65
63
1682
1348
253
1179
356
1199
1
766
562
1956
Query: 11
Nearest Neighbor-1: 646
distanceHypercube: 308.914228
distanceTrue: 293.882630
Nearest Neighbor-2: 805
distanceHypercube: 311.014469
distanceTrue: 308.914228
Nearest Neighbor-3: 497
distanceHypercube: 312.784271
distanceTrue: 309.307291
Nearest Neighbor-4: 250
distanceHypercube: 325.395144
distanceTrue: 311.014469
Nearest Neighbor-5: 850
distanceHypercube: 327.417165
distanceTrue: 312.784271
tHypercube:  0.002875
tTrue: 0.019294
R-near neighbors:
646
805
497
250
850
289
1864
1695
1446
372
1168
1296
1627
1897
495
1489
1098
294
Query: 12
Nearest Neighbor-1: 1360
distanceHypercube: 227.398329
distanceTrue: 172.162714
Nearest Neighbor-2: 1661
distanceHypercube: 236.146141
distanceTrue: 206.608325
Nearest Neighbor-3: 62
distanceHypercube: 241.646436
distanceTrue: 224.483852
Nearest Neighbor-4: 119
distanceHypercube: 246.584671
distanceTrue: 225.108863
Nearest Neighbor-5: 1845
distanceHypercube: 253.820803
distanceTrue: 227.336755
tHypercube:  0.002842
tTrue: 0.019544
R-near neighbors:
1360
1661
62
119
1845
162
60
182
79
1301
78
120
1659
357
253
1359
105
1014
9
104
3
653
30
19
1277
8
1248
63
609
106
475
1178
1208
1332
307
881
961
874
76
352
116
1466
590
163
491
1872
1916
54
888
75
1965
332
1827
1067
880
1314
59
549
168
811
31
1252
1179
1048
367
576
335
689
1276
1641
190
1473
1781
1421
1226
521
731
1640
1169
251
142
1488
235
278
746
141
1
188
1024
2
4
381
1440
114
183
1122
1912
93
1154
1084
161
1734
1637
1010
1826
115
766
1442
1658
1330
861
89
1099
1441
353
1233
51
1424
1682
1215
197
554
279
1509
18
810
964
1746
1023
1792
608
936
474
1138
1181
1079
1769
1467
1124
454
635
889
462
1435
1344
1170
1810
1004
476
986
1352
514
903
637
1819
1358
501
290
1348
1322
558
12
1966
577
719
257
1959
559
1443
1221
1337
730
562
1602
443
70
356
1160
1911
1019
993
74
1601
1135
1908
752
1171
1905
1586
1400
973
222
203
1270
1217
6
975
1570
622
1648
1750
1145
460
160
425
Query: 13
Nearest Neighbor-1: 131
distanceHypercube: 250.071990
distanceTrue: 238.549785
Nearest Neighbor-2: 171
distanceHypercube: 264.331232
distanceTrue: 250.071990
Nearest Neighbor-3: 1538
distanceHypercube: 267.690119
distanceTrue: 251.238930
Nearest Neighbor-4: 1833
distanceHypercube: 271.396389
distanceTrue: 252.566823
Nearest Neighbor-5: 282
distanceHypercube: 272.967031
distanceTrue: 252.737017
tHypercube:  0.003124
tTrue: 0.019746
R-near neighbors:
131
171
1538
1833
282
172
806
155
490
126
1626
25
950
1689
413
508
483
504
1148
1505
618
108
1699
1785
684
123
870
955
1156
1038
629
1294
1981
666
301
156
1963
1806
271
1796
1458
611
140
942
1850
1621
1100
1738
134
1459
841
98
132
1807
672
219
1151
95
1950
1126
610
758
1812
1788
470
1665
1535
978
122
273
198
146
1266
287
1808
819
1817
233
488
774
314
1787
926
1729
757
1533
1313
1900
1477
884
265
1983
2026
328
910
303
1288
423
272
286
1379
412
494
1875
826
192
Query: 14
Nearest Neighbor-1: 1565
distanceHypercube: 262.133554
distanceTrue: 244.677339
Nearest Neighbor-2: 1683
distanceHypercube: 278.118680
distanceTrue: 256.739167
Nearest Neighbor-3: 1364
distanceHypercube: 284.232299
distanceTrue: 259.674797
Nearest Neighbor-4: 910
distanceHypercube: 293.059721
distanceTrue: 262.133554
Nearest Neighbor-5: 1806
distanceHypercube: 295.259208
distanceTrue: 268.372875
tHypercube:  0.002866
tTrue: 0.019853
R-near neighbors:
1565
1683
1364
910
1806
1152
1151
618
172
801
488
1499
684
674
350
1554
631
464
1117
1825
1458
643
526
1464
1716
1875
774
1981
1785
364
863
1621
1325
1133
156
1850
490
735
1433
382
1624
504
1796
795
686
319
826
1053
126
1538
950
262
955
1211
642
1634
123
200
494
1118
301
286
806
146
1841
272
198
1192
2029
1754
926
819
1220
1941
98
1788
858
1520
1544
1379
134
1254
277
1537
498
1513
599
265
1018
Query: 15
Nearest Neighbor-1: 798
distanceHypercube: 273.316666
distanceTrue: 273.316666
Nearest Neighbor-2: 715
distanceHypercube: 278.307384
distanceTrue: 278.307384
Nearest Neighbor-3: 70
distanceHypercube: 282.740163
distanceTrue: 282.740163
Nearest Neighbor-4: 1020
distanceHypercube: 288.399029
distanceTrue: 288.399029
Nearest Neighbor-5: 1882
distanceHypercube: 291.307398
distanceTrue: 291.307398
tHypercube:  0.003489
tTrue: 0.020451
R-near neighbors:
798
715
70
1020
1882
907
1265
1344
553
1411
1612
514
1876
1279
425
1957
811
1676
1780
635
1551
1501
197
298
374
1703
577
1253
855
1645
1509
59
1637
417
Query: 16
Nearest Neighbor-1: 234
distanceHypercube: 264.077640
distanceTrue: 253.682873
Nearest Neighbor-2: 732
distanceHypercube: 274.956360
distanceTrue: 254.823468
Nearest Neighbor-3: 1420
distanceHypercube: 276.425397
distanceTrue: 256.752799
Nearest Neighbor-4: 1663
distanceHypercube: 276.842916
distanceTrue: 257.421833
Nearest Neighbor-5: 705
distanceHypercube: 280.074990
distanceTrue: 259.079138
tHypercube:  0.003034
tTrue: 0.020709
R-near neighbors:
234
732
1420
1663
705
71
890
21
1484
1003
960
1675
1479
1090
1047
985
963
359
11
1450
418
604
1672
802
1947
7
725
113
206
1271
655
1012
708
1539
1289
1636
544
1822
1960
1824
905
166
586
784
1527
1227
1180
534
1591
57
1901
1691
1085
1343
1129
1392
938
325
1196
552
1779
Query: 17
Nearest Neighbor-1: 471
distanceHypercube: 264.561902
distanceTrue: 248.199517
Nearest Neighbor-2: 1288
distanceHypercube: 266.249883
distanceTrue: 248.324385
Nearest Neighbor-3: 1100
distanceHypercube: 267.061791
distanceTrue: 250.667110
Nearest Neighbor-4: 1273
distanceHypercube: 274.448538
distanceTrue: 255.190125
Nearest Neighbor-5: 287
distanceHypercube: 275.158136
distanceTrue: 255.317449
tHypercube:  0.002975
tTrue: 0.020617
R-near neighbors:
471
1288
1100
1273
287
1874
1294
177
540
1796
661
1156
132
672
1379
413
943
758
1038
1812
1369
1313
1626
301
1126
1533
1459
942
155
25
371
2027
1808
504
1157
508
1065
1666
997
1900
122
663
839
699
1950
108
783
1998
1729
282
847
1689
156
684
1282
610
757
233
126
941
1817
924
125
194
1620
273
303
1464
490
578
483
1036
599
1148
423
1699
870
428
421
1963
1155
611
134
171
564
123
403
1033
131
412
1813
1281
806
1807
600
1517
1245
1833
756
792
130
629
1538
186
1291
331
1763
1240
470
884
1404
328
98
955
1683
429
192
1510
886
Query: 18
Nearest Neighbor-1: 1293
distanceHypercube: 263.279319
distanceTrue: 254.635033
Nearest Neighbor-2: 1371
distanceHypercube: 269.219242
distanceTrue: 260.852449
Nearest Neighbor-3: 1324
distanceHypercube: 269.343647
distanceTrue: 263.279319
Nearest Neighbor-4: 422
distanceHypercube: 269.751738
distanceTrue: 263.431205
Nearest Neighbor-5: 1296
distanceHypercube: 271.965071
distanceTrue: 263.675937
tHypercube:  0.003036
tTrue: 0.020282
R-near neighbors:
1293
1371
1324
422
1296
220
26
173
485
150
1189
349
1917
1700
1469
157
925
1363
807
211
1046
1037
1070
1323
834
107
145
1536
110
505
97
147
127
390
1794
294
175
1370
320
148
996
1888
791
1519
614
484
1463
612
342
687
1468
1599
580
1801
1455
673
1069
579
1579
1690
533
263
981
1460
1575
862
1897
1175
805
1054
1919
1896
1032
662
1521
152
1489
1193
129
1627
465
1685
124
1087
887
493
697
503
1518
817
1757
1695
543
532
949
685
1853
982
1262
1880
185
958
133
1708
1202
1753
284
566
1707
525
1166
452
289
736
128
121
1835
1287
404
1446
1864
317
1206
842
318
1201
1514
1310
567
1295
218
850
450
1086
363
Query: 19
Nearest Neighbor-1: 904
distanceHypercube: 266.889490
distanceTrue: 266.889490
Nearest Neighbor-2: 873
distanceHypercube: 268.527466
distanceTrue: 268.527466
Nearest Neighbor-3: 1422
distanceHypercube: 276.920566
distanceTrue: 274.341029
Nearest Neighbor-4: 308
distanceHypercube: 277.706680
distanceTrue: 275.601161
Nearest Neighbor-5: 143
distanceHypercube: 278.239106
distanceTrue: 276.523055
tHypercube:  0.002746
tTrue: 0.020891
R-near neighbors:
904
873
1422
308
143
117
1399
1049
165
1890
1718
268
164
246
158
355
1380
945
1526
482
1673
208
67
207
87
726
1809
619
516
80
1021
1651
882
10
1650
1915
1660
334
473
33
1527
727
893
1015
180
20
447
1951
112
2028
1820
1860
1465
1547
767
1285
708
557
1692
1799
1614
1958
1508
1771
1137
435
22
1735
461
938
1425
154
1290
1055
1474
1656
379
53
1782
Query: 20
Nearest Neighbor-1: 1700
distanceHypercube: 224.750973
distanceTrue: 224.750973
Nearest Neighbor-2: 145
distanceHypercube: 239.551665
distanceTrue: 230.212945
Nearest Neighbor-3: 127
distanceHypercube: 246.367612
distanceTrue: 233.495182
Nearest Neighbor-4: 485
distanceHypercube: 254.399292
distanceTrue: 236.900823
Nearest Neighbor-5: 1070
distanceHypercube: 259.254701
distanceTrue: 239.551665
tHypercube:  0.004936
tTrue: 0.020945
R-near neighbors:
1700
145
127
485
1070
1469
1917
1324
505
1600
1489
97
1069
1296
1293
484
107
1579
1575
1189
173
996
1690
1037
124
982
991
1514
1896
1039
1581
807
1753
148
110
1460
129
1370
925
1255
147
220
1032
580
673
1708
1262
685
1149
1468
507
349
805
1519
1175
1371
1046
211
133
503
1326
150
1202
1318
1625
817
422
1557
1679
1695
1853
103
390
152
157
1323
949
1943
734
1897
834
791
1835
26
175
887
1098
1757
121
533
1130
612
1801
1789
668
545
1776
1627
1542
1241
947
1885
1619
404
842
703
812
128
495
1355
1447
1707
109
736
1752
1670
1445
281
1816
1567
680
276
1558
958
981
1762
632
285
453
862
587
697
566
1200
397
1287
1834
493
1710
531
990
450
449
1382
318
342
695
310
1449
1864
1794
1086
1363
1696
579
299
1463
1054
1188
218
1857
980
669
316
452
1295
1664
1498
151
1685
1603
289
372
1919
1194
1455
195
496
1536
1786
662
497
1849
1599
Query: 21
Nearest Neighbor-1: 1090
distanceHypercube: 251.161303
distanceTrue: 192.984455
Nearest Neighbor-2: 1209
distanceHypercube: 259.590061
distanceTrue: 193.248545
Nearest Neighbor-3: 1697
distanceHypercube: 260.837114
distanceTrue: 196.007653
Nearest Neighbor-4: 1003
distanceHypercube: 266.232981
distanceTrue: 198.841646
Nearest Neighbor-5: 1479
distanceHypercube: 272.664629
distanceTrue: 199.839936
tHypercube:  0.002964
tTrue: 0.021801
R-near neighbors:
1090
1209
1697
1003
1479
1663
1652
71
960
604
1947
1289
1702
1012
1196
2012
705
1180
1767
552
1636
1822
1227
1675
234
732
931
426
1343
1952
1129
1450
1529
21
1838
890
1000
1779
654
1225
905
1336
1420
1672
24
Query: 22
Nearest Neighbor-1: 725
distanceHypercube: 251.660486
distanceTrue: 80.845532
Nearest Neighbor-2: 457
distanceHypercube: 260.990421
distanceTrue: 87.732548
Nearest Neighbor-3: 86
distanceHypercube: 261.921744
distanceTrue: 207.301712
Nearest Neighbor-4: 196
distanceHypercube: 262.625208
distanceTrue: 218.577217
Nearest Neighbor-5: 58
distanceHypercube: 263.252730
distanceTrue: 220.420054
tHypercube:  0.002913
tTrue: 0.022626
R-near neighbors:
725
457
86
196
58
733
555
550
167
1450
654
1547
61
1903
360
1791
169
1289
1526
1563
604
706
1180
1719
1660
80
872
118
22
10
336
1068
113
928
1123
1525
1129
92
1891
206
821
803
1261
1793
534
905
181
1015
1479
1225
709
254
595
586
784
204
535
159
1089
519
1726
205
1003
1649
67
1090
1011
1546
1393
1009
207
32
1693
20
13
1587
1790
690
1508
515
1822
5
959
1663
1474
963
1234
1671
1861
745
935
1589
675
15
153
621
1377
1745
1733
500
946
83
492
1214
166
785
1398
1271
1136
359
1915
723
1749
1662
209
1862
354
306
333
1336
551
1748
563
852
1161
305
1056
633
977
384
1207
877
1814
1889
266
1343
708
7
Query: 23
Nearest Neighbor-1: 207
distanceHypercube: 212.344060
distanceTrue: 173.052015
Nearest Neighbor-2: 32
distanceHypercube: 231.646282
distanceTrue: 175.641681
Nearest Neighbor-3: 206
distanceHypercube: 241.809843
distanceTrue: 182.641726
Nearest Neighbor-4: 551
distanceHypercube: 247.097147
distanceTrue: 199.426678
Nearest Neighbor-5: 118
distanceHypercube: 249.947995
distanceTrue: 199.582063
tHypercube:  0.002956
tTrue: 0.020456
R-near neighbors:
207
32
206
551
118
358
308
254
1527
1526
935
1548
67
1755
516
209
546
785
623
15
334
1656
557
1650
873
80
378
1136
904
1525
435
619
1546
169
181
591
333
492
205
1078
1425
92
167
1660
1793
461
1474
87
1456
187
1649
86
893
690
360
1508
58
313
556
620
1234
1450
1726
1547
1915
905
1673
1727
1015
57
354
22
1958
1137
1718
14
20
882
1748
902
11
1123
727
10
1009
1791
164
1290
563
1225
1749
586
117
1614
938
153
520
113
1782
900
1047
7
159
519
61
165
1960
708
1693
1735
379
180
555
53
135
355
821
1733
654
946
1021
971
1860
723
500
1180
656
1289
1413
1563
33
268
269
945
1271
1089
726
814
522
595
1871
515
1588
994
872
633
725
1823
1056
29
482
767
1264
1824
963
655
196
1613
968
650
745
305
706
621
143
1393
934
236
1336
448
1129
Query: 24
Nearest Neighbor-1: 166
distanceHypercube: 266.446993
distanceTrue: 253.940938
Nearest Neighbor-2: 247
distanceHypercube: 272.084546
distanceTrue: 254.876441
Nearest Neighbor-3: 1343
distanceHypercube: 276.944038
distanceTrue: 256.676840
Nearest Neighbor-4: 1745
distanceHypercube: 284.745500
distanceTrue: 260.042304
Nearest Neighbor-5: 159
distanceHypercube: 285.525831
distanceTrue: 261.575993
tHypercube:  0.003823
tTrue: 0.021024
R-near neighbors:
166
247
1343
1745
159
552
705
359
1479
113
654
1012
1596
58
1450
1539
1675
1264
1663
61
1672
144
725
1822
1003
1289
1947
1180
604
732
985
1779
1451
1351
1547
1748
1129
1090
457
970
1234
Query: 25
Nearest Neighbor-1: 1011
distanceHypercube: 247.267062
distanceTrue: 154.227105
Nearest Neighbor-2: 706
distanceHypercube: 251.085643
distanceTrue: 156.547118
Nearest Neighbor-3: 555
distanceHypercube: 265.269674
distanceTrue: 191.185774
Nearest Neighbor-4: 206
distanceHypercube: 265.653910
distanceTrue: 232.079728
Nearest Neighbor-5: 1563
distanceHypercube: 269.668315
distanceTrue: 239.459809
tHypercube:  0.002808
tTrue: 0.021610
R-near neighbors:
1011
706
555
206
1563
167
586
1526
733
519
1903
963
80
58
1791
32
872
1915
633
1123
384
935
1901
1450
725
1234
1043
360
169
1547
534
709
1723
1009
196
1660
86
135
655
1958
1180
1525
1289
528
959
1719
113
254
1861
1793
1649
204
207
1822
1474
378
5
905
821
354
22
308
1290
1821
1398
10
1960
1393
358
1891
20
306
92
968
1798
1015
1546
118
1271
1726
313
87
1089
1946
1889
500
803
1261
623
656
557
1456
336
1837
1478
1782
785
516
11
934
891
13
499
1749
15
550
591
1146
1129
153
67
61
1419
604
448
708
1068
1259
595
325
928
457
893
280
1693
334
1090
405
946
1496
1733
1136
1839
535
1656
723
305
1671
551
690
522
187
654
21
1947
1613
236
7
Query: 26
Nearest Neighbor-1: 1233
distanceHypercube: 317.943391
distanceTrue: 271.610015
Nearest Neighbor-2: 775
distanceHypercube: 319.084628
distanceTrue: 286.567619
Nearest Neighbor-3: 1590
distanceHypercube: 320.154650
distanceTrue: 288.806163
Nearest Neighbor-4: 576
distanceHypercube: 338.690124
distanceTrue: 292.817349
Nearest Neighbor-5: 966
distanceHypercube: 338.926246
distanceTrue: 294.994915
tHypercube:  0.002915
tTrue: 0.021877
R-near neighbors:
1233
775
1590
576
966
443
874
973
Query: 27
Nearest Neighbor-1: 58
distanceHypercube: 265.887194
distanceTrue: 183.442089
Nearest Neighbor-2: 1450
distanceHypercube: 266.232981
distanceTrue: 199.702278
Nearest Neighbor-3: 519
distanceHypercube: 274.233477
distanceTrue: 220.018181
Nearest Neighbor-4: 32
distanceHypercube: 277.196681
distanceTrue: 223.098633
Nearest Neighbor-5: 1861
distanceHypercube: 278.930099
distanceTrue: 224.325656
tHypercube:  0.002937
tTrue: 0.020507
R-near neighbors:
58
1450
519
32
1861
1525
207
1546
1719
872
1791
92
1526
690
1234
1478
706
360
935
22
405
444
557
1915
169
563
733
1456
919
1089
1009
167
1161
334
10
551
358
206
61
785
654
20
546
1136
1225
80
86
1903
1015
1437
313
196
308
457
1123
1068
1821
1693
254
1946
1871
591
623
959
1891
1290
1137
1660
516
1790
204
946
135
1782
268
1398
1727
113
586
1336
1547
67
767
492
1304
11
1011
633
1662
658
1889
1563
1749
550
1261
555
1649
236
2028
723
595
535
333
621
7
830
1768
1425
1289
821
515
14
873
378
1146
309
1271
435
963
1613
153
1733
904
893
1180
928
1837
905
354
1958
221
1692
83
945
977
1235
1129
1589
745
Query: 28
Nearest Neighbor-1: 1640
distanceHypercube: 256.649567
distanceTrue: 175.516381
Nearest Neighbor-2: 874
distanceHypercube: 257.854610
distanceTrue: 200.888029
Nearest Neighbor-3: 1601
distanceHypercube: 270.521718
distanceTrue: 212.548818
Nearest Neighbor-4: 410
distanceHypercube: 271.797719
distanceTrue: 220.474488
Nearest Neighbor-5: 1916
distanceHypercube: 276.291513
distanceTrue: 227.468679
tHypercube:  0.003066
tTrue: 0.021550
R-near neighbors:
1640
874
1601
410
1916
89
1918
367
1248
93
1905
1956
395
307
810
1145
104
775
689
1233
78
1378
1770
1208
1079
1661
1359
1781
63
1424
443
74
608
1301
1893
162
1160
259
576
253
1925
1331
381
475
474
1959
921
964
1221
291
1826
30
966
936
731
1965
51
161
636
1179
327
462
838
1509
1912
3
1362
75
182
356
1658
593
179
637
660
406
9
1276
352
1590
279
1654
537
765
434
974
1845
Query: 29
Nearest Neighbor-1: 766
distanceHypercube: 275.791588
distanceTrue: 224.859956
Nearest Neighbor-2: 353
distanceHypercube: 283.876734
distanceTrue: 229.828197
Nearest Neighbor-3: 60
distanceHypercube: 286.562384
distanceTrue: 230.377950
Nearest Neighbor-4: 416
distanceHypercube: 291.898955
distanceTrue: 235.860128
Nearest Neighbor-5: 1659
distanceHypercube: 295.475887
distanceTrue: 235.932194
tHypercube:  0.002819
tTrue: 0.021822
R-near neighbors:
766
353
60
416
1659
63
1467
62
815
1966
689
79
1014
114
1827
352
1756
1226
1321
1067
160
1815
1826
1358
106
608
881
573
1360
1424
751
1792
163
312
1810
1466
1682
66
1337
183
577
1641
1232
1452
1376
731
105
768
1020
222
514
332
1602
575
356
562
1084
1912
396
679
243
855
548
119
1780
433
637
248
238
1153
242
1322
434
1734
1004
411
120
Query: 30
Nearest Neighbor-1: 1767
distanceHypercube: 257.885634
distanceTrue: 125.379424
Nearest Neighbor-2: 1209
distanceHypercube: 276.228167
distanceTrue: 167.821334
Nearest Neighbor-3: 1697
distanceHypercube: 289.894809
distanceTrue: 170.868370
Nearest Neighbor-4: 1529
distanceHypercube: 292.364499
distanceTrue: 184.089652
Nearest Neighbor-5: 1822
distanceHypercube: 323.374396
distanceTrue: 185.369900
tHypercube:  0.002766
tTrue: 0.021909
R-near neighbors:
1767
1209
1697
1529
1822
1947
1180
1289
705
1479
1196
1702
426
Query: 31
Nearest Neighbor-1: 290
distanceHypercube: 287.911445
distanceTrue: 265.377090
Nearest Neighbor-2: 554
distanceHypercube: 291.158033
distanceTrue: 267.007491
Nearest Neighbor-3: 1904
distanceHypercube: 299.426118
distanceTrue: 272.205804
Nearest Neighbor-4: 927
distanceHypercube: 305.911752
distanceTrue: 273.959851
Nearest Neighbor-5: 1750
distanceHypercube: 306.811017
distanceTrue: 275.341606
tHypercube:  0.003303
tTrue: 0.020514
R-near neighbors:
290
554
1904
927
1750
881
59
1661
119
1330
106
1232
1819
609
357
592
1010
547
1912
1792
590
1358
62
576
1124
731
1659
120
1827
1359
720
1509
775
78
1337
60
1216
1586
895
1394
1067
278
1179
55
501
161
1253
352
1178
549
476
1226
51
1467
1414
1350
558
889
335
608
Query: 32
Nearest Neighbor-1: 1925
distanceHypercube: 318.262470
distanceTrue: 109.192491
Nearest Neighbor-2: 1570
distanceHypercube: 319.990625
distanceTrue: 126.952747
Nearest Neighbor-3: 927
distanceHypercube: 329.469270
distanceTrue: 175.772580
Nearest Neighbor-4: 1826
distanceHypercube: 337.582582
distanceTrue: 231.650599
Nearest Neighbor-5: 880
distanceHypercube: 338.595629
distanceTrue: 240.449579
tHypercube:  0.003001
tTrue: 0.021390
R-near neighbors:
1925
1570
927
1826
880
93
1248
1482
1208
1270
1301
214
1661
353
1586
Query: 33
Nearest Neighbor-1: 901
distanceHypercube: 280.308758
distanceTrue: 187.563323
Nearest Neighbor-2: 1233
distanceHypercube: 287.735990
distanceTrue: 232.768125
Nearest Neighbor-3: 51
distanceHypercube: 302.943889
distanceTrue: 236.243518
Nearest Neighbor-4: 775
distanceHypercube: 306.964167
distanceTrue: 246.604947
Nearest Neighbor-5: 966
distanceHypercube: 308.306666
distanceTrue: 250.519460
tHypercube:  0.003011
tTrue: 0.022184
R-near neighbors:
901
1233
51
775
966
899
251
1916
649
104
1248
936
874
434
608
89
1359
184
1424
1509
1208
278
179
636
74
1179
1845
547
259
1263
8
1061
476
1473
1911
576
Query: 34
Nearest Neighbor-1: 688
distanceHypercube: 359.630366
distanceTrue: 328.278845
Nearest Neighbor-2: 670
distanceHypercube: 370.687200
distanceTrue: 340.102926
Nearest Neighbor-3: 1342
distanceHypercube: 372.671437
distanceTrue: 348.505380
Nearest Neighbor-4: 1103
distanceHypercube: 373.796736
distanceTrue: 351.408594
Nearest Neighbor-5: 1132
distanceHypercube: 374.159057
distanceTrue: 353.065150
tHypercube:  0.003184
tTrue: 0.021914
R-near neighbors:
Query: 35
Nearest Neighbor-1: 650
distanceHypercube: 308.489870
distanceTrue: 248.553817
Nearest Neighbor-2: 22
distanceHypercube: 310.048383
distanceTrue: 262.463331
Nearest Neighbor-3: 20
distanceHypercube: 314.712567
distanceTrue: 272.189272
Nearest Neighbor-4: 1693
distanceHypercube: 317.179760
distanceTrue: 274.829038
Nearest Neighbor-5: 546
distanceHypercube: 319.261648
distanceTrue: 274.936356
tHypercube:  0.003391
tTrue: 0.020646
R-near neighbors:
650
22
20
1693
546
14
557
32
207
1562
10
1623
563
1673
873
1137
1923
1546
1060
1650
1057
904
767
308
935
447
435
1407
945
516
499
953
1021
11
1015
1456
268
204
1526
1782
938
313
80
589
1790
1614
1718
Query: 36
Nearest Neighbor-1: 1885
distanceHypercube: 288.083321
distanceTrue: 120.975204
Nearest Neighbor-2: 1606
distanceHypercube: 303.646176
distanceTrue: 140.353126
Nearest Neighbor-3: 1758
distanceHypercube: 317.911937
distanceTrue: 179.596771
Nearest Neighbor-4: 1603
distanceHypercube: 326.363295
distanceTrue: 263.564034
Nearest Neighbor-5: 1789
distanceHypercube: 327.134529
distanceTrue: 288.083321
tHypercube:  0.004741
tTrue: 0.022515
R-near neighbors:
1885
1606
1758
1603
1789
923
991
1578
644
587
1581
1943
Query: 37
Nearest Neighbor-1: 1255
distanceHypercube: 298.663690
distanceTrue: 111.458512
Nearest Neighbor-2: 1759
distanceHypercube: 317.411405
distanceTrue: 140.135649
Nearest Neighbor-3: 1942
distanceHypercube: 317.439758
distanceTrue: 159.909349
Nearest Neighbor-4: 812
distanceHypercube: 321.596020
distanceTrue: 282.729553
Nearest Neighbor-5: 1917
distanceHypercube: 329.790843
distanceTrue: 284.761304
tHypercube:  0.002756
tTrue: 0.021357
R-near neighbors:
1255
1759
1942
812
1917
645
1469
981
1069
1463
1318
404
1579
791
781
289
1690
1700
1175
97
250
422
1262
990
173
1340
Query: 38
Nearest Neighbor-1: 1942
distanceHypercube: 341.193493
distanceTrue: 166.856226
Nearest Neighbor-2: 569
distanceHypercube: 343.621885
distanceTrue: 247.868917
Nearest Neighbor-3: 796
distanceHypercube: 346.186366
distanceTrue: 298.412466
Nearest Neighbor-4: 1598
distanceHypercube: 350.739219
distanceTrue: 302.373941
Nearest Neighbor-5: 571
distanceHypercube: 377.796241
distanceTrue: 304.752358
tHypercube:  0.002816
tTrue: 0.021608
R-near neighbors:
1942
569
796
Query: 39
Nearest Neighbor-1: 221
distanceHypercube: 305.440665
distanceTrue: 156.358562
Nearest Neighbor-2: 753
distanceHypercube: 318.373994
distanceTrue: 159.245094
Nearest Neighbor-3: 1623
distanceHypercube: 332.359745
distanceTrue: 162.033947
Nearest Neighbor-4: 1060
distanceHypercube: 348.196783
distanceTrue: 177.302002
Nearest Neighbor-5: 1569
distanceHypercube: 349.037247
distanceTrue: 214.532049
tHypercube:  0.003226
tTrue: 0.020778
R-near neighbors:
221
753
1623
1060
1569
308
659
Query: 40
Nearest Neighbor-1: 683
distanceHypercube: 224.915540
distanceTrue: 193.976803
Nearest Neighbor-2: 1290
distanceHypercube: 233.186621
distanceTrue: 202.262206
Nearest Neighbor-3: 1782
distanceHypercube: 237.632069
distanceTrue: 207.537948
Nearest Neighbor-4: 2028
distanceHypercube: 245.297778
distanceTrue: 210.767645
Nearest Neighbor-5: 1089
distanceHypercube: 263.127346
distanceTrue: 210.788994
tHypercube:  0.003094
tTrue: 0.021542
R-near neighbors:
683
1290
1782
2028
1089
1478
1146
866
879
932
236
231
14
1222
2013
1662
1593
1718
1915
1653
1821
1946
1723
2014
945
1210
405
297
971
256
1275
1304
1962
22
1377
10
20
313
969
1399
1407
690
1008
Query: 41
Nearest Neighbor-1: 1421
distanceHypercube: 272.427972
distanceTrue: 153.564319
Nearest Neighbor-2: 1423
distanceHypercube: 296.799596
distanceTrue: 185.372598
Nearest Neighbor-3: 481
distanceHypercube: 296.802965
distanceTrue: 188.196706
Nearest Neighbor-4: 1400
distanceHypercube: 297.623924
distanceTrue: 193.938134
Nearest Neighbor-5: 1746
distanceHypercube: 298.325326
distanceTrue: 194.414506
tHypercube:  0.003044
tTrue: 0.021905
R-near neighbors:
1421
1423
481
1400
1746
1277
1062
255
1344
1924
1154
903
8
1725
1781
235
75
1381
1252
1641
2
653
257
307
1332
9
861
1048
30
1361
460
1602
577
Query: 42
Nearest Neighbor-1: 100
distanceHypercube: 238.021007
distanceTrue: 200.494389
Nearest Neighbor-2: 1036
distanceHypercube: 244.511758
distanceTrue: 202.667215
Nearest Neighbor-3: 511
distanceHypercube: 254.505403
distanceTrue: 203.605010
Nearest Neighbor-4: 331
distanceHypercube: 255.099980
distanceTrue: 206.649462
Nearest Neighbor-5: 82
distanceHypercube: 256.341569
distanceTrue: 213.269782
tHypercube:  0.002783
tTrue: 0.021502
R-near neighbors:
100
1036
511
331
82
1092
1282
170
1404
665
46
1777
130
471
886
1302
607
340
322
917
2023
138
1553
137
477
194
657
1998
1666
264
924
699
1273
943
85
979
1244
1379
1334
329
1389
1231
663
1686
1898
293
1176
1706
1240
783
225
1157
1855
1065
1480
1964
Query: 43
Nearest Neighbor-1: 1465
distanceHypercube: 258.843582
distanceTrue: 236.772042
Nearest Neighbor-2: 1718
distanceHypercube: 296.170559
distanceTrue: 245.409861
Nearest Neighbor-3: 80
distanceHypercube: 297.156524
distanceTrue: 247.911274
Nearest Neighbor-4: 1496
distanceHypercube: 298.457702
distanceTrue: 255.350739
Nearest Neighbor-5: 1782
distanceHypercube: 299.516277
distanceTrue: 258.843582
tHypercube:  0.003342
tTrue: 0.020090
R-near neighbors:
1465
1718
80
1496
1782
1290
1366
1901
945
1915
354
522
934
1399
937
1146
313
1890
872
1960
164
1791
1275
971
1656
1809
935
1858
1474
904
117
2028
448
308
207
1526
1650
143
873
1422
619
20
Query: 44
Nearest Neighbor-1: 928
distanceHypercube: 294.820284
distanceTrue: 165.339046
Nearest Neighbor-2: 767
distanceHypercube: 302.678047
distanceTrue: 193.633675
Nearest Neighbor-3: 1525
distanceHypercube: 303.240828
distanceTrue: 272.383920
Nearest Neighbor-4: 814
distanceHypercube: 303.484761
distanceTrue: 282.317197
Nearest Neighbor-5: 432
distanceHypercube: 307.871727
distanceTrue: 283.058298
tHypercube:  0.002909
tTrue: 0.022493
R-near neighbors:
928
767
1525
814
432
1622
1589
204
1587
86
1693
1136
555
61
1261
1546
1814
1692
1561
650
1161
447
994
658
1920
1540
101
557
551
556
360
92
919
358
1214
591
1198
1649
1588
1691
1336
852
308
1123
499
1056
457
595
785
1548
1225
634
444
690
113
Query: 45
Nearest Neighbor-1: 449
distanceHypercube: 277.472521
distanceTrue: 256.353272
Nearest Neighbor-2: 151
distanceHypercube: 310.053221
distanceTrue: 257.079754
Nearest Neighbor-3: 330
distanceHypercube: 311.457862
distanceTrue: 260.084602
Nearest Neighbor-4: 1687
distanceHypercube: 319.047018
distanceTrue: 260.614658
Nearest Neighbor-5: 210
distanceHypercube: 319.552813
distanceTrue: 260.898448
tHypercube:  0.002786
tTrue: 0.021875
R-near neighbors:
449
151
330
1687
210
1035
1429
1507
602
1347
916
47
316
920
241
339
478
1110
1113
139
1238
1013
1514
1857
948
707
Query: 46
Nearest Neighbor-1: 1767
distanceHypercube: 282.072686
distanceTrue: 261.361818
Nearest Neighbor-2: 1697
distanceHypercube: 287.013937
distanceTrue: 265.663321
Nearest Neighbor-3: 750
distanceHypercube: 290.043100
distanceTrue: 266.150333
Nearest Neighbor-4: 1209
distanceHypercube: 300.246565
distanceTrue: 269.401188
Nearest Neighbor-5: 918
distanceHypercube: 302.187028
distanceTrue: 271.199189
tHypercube:  0.002759
tTrue: 0.022209
R-near neighbors:
1767
1697
750
1209
918
359
634
1779
1196
1529
658
1336
57
61
1587
1225
1451
101
652
1104
1450
1525
Query: 47
Nearest Neighbor-1: 859
distanceHypercube: 310.058059
distanceTrue: 99.629313
Nearest Neighbor-2: 818
distanceHypercube: 313.842317
distanceTrue: 215.715090
Nearest Neighbor-3: 99
distanceHypercube: 320.110918
distanceTrue: 224.006696
Nearest Neighbor-4: 1704
distanceHypercube: 321.480948
distanceTrue: 226.070785
Nearest Neighbor-5: 37
distanceHypercube: 324.789162
distanceTrue: 234.140983
tHypercube:  0.003198
tTrue: 0.021325
R-near neighbors:
859
818
99
1704
37
1795
1309
1603
376
401
1887
438
920
68
1035
339
1091
1110
1843
Query: 48
Nearest Neighbor-1: 1847
distanceHypercube: 357.126028
distanceTrue: 294.394293
Nearest Neighbor-2: 1256
distanceHypercube: 360.800499
distanceTrue: 312.920118
Nearest Neighbor-3: 403
distanceHypercube: 362.975206
distanceTrue: 314.474164
Nearest Neighbor-4: 413
distanceHypercube: 367.396244
distanceTrue: 321.330048
Nearest Neighbor-5: 1715
distanceHypercube: 372.119604
distanceTrue: 324.140402
tHypercube:  0.002814
tTrue: 0.022648
R-near neighbors:
Query: 49
Nearest Neighbor-1: 977
distanceHypercube: 288.638182
distanceTrue: 155.762640
Nearest Neighbor-2: 513
distanceHypercube: 300.477953
distanceTrue: 215.633949
Nearest Neighbor-3: 1580
distanceHypercube: 319.568459
distanceTrue: 265.311138
Nearest Neighbor-4: 1638
distanceHypercube: 331.870457
distanceTrue: 275.192660
Nearest Neighbor-5: 405
distanceHypercube: 333.186134
distanceTrue: 288.638182
tHypercube:  0.002781
tTrue: 0.022084
R-near neighbors:
977
513
1580
1638
405
1198
Query: 50
Nearest Neighbor-1: 169
distanceHypercube: 217.170440
distanceTrue: 128.782763
Nearest Neighbor-2: 32
distanceHypercube: 243.006173
distanceTrue: 172.397796
Nearest Neighbor-3: 360
distanceHypercube: 254.497544
distanceTrue: 215.016278
Nearest Neighbor-4: 551
distanceHypercube: 270.309082
distanceTrue: 217.170440
Nearest Neighbor-5: 167
distanceHypercube: 271.276612
distanceTrue: 219.783985
tHypercube:  0.002776
tTrue: 0.021625
R-near neighbors:
169
32
360
551
167
80
690
555
313
334
1860
92
935
546
1015
563
206
254
821
207
873
354
1526
153
785
1474
1649
904
87
619
86
1693
623
22
181
15
519
725
1478
1546
633
1129
118
1755
515
1089
499
709
1791
1793
10
745
209
1214
648
204
1727
1009
1749
706
1660
1547
180
164
159
67
336
1290
1525
1508
650
1656
1718
61
1078
1123
919
654
971
856
1782
1901
333
934
1161
1726
14
727
535
266
1903
Query: 51
Nearest Neighbor-1: 582
distanceHypercube: 300.778989
distanceTrue: 181.140829
Nearest Neighbor-2: 432
distanceHypercube: 322.902462
distanceTrue: 199.604609
Nearest Neighbor-3: 658
distanceHypercube: 333.818813
distanceTrue: 219.815832
Nearest Neighbor-4: 589
distanceHypercube: 356.745007
distanceTrue: 256.591114
Nearest Neighbor-5: 1587
distanceHypercube: 358.110318
distanceTrue: 267.159129
tHypercube:  0.003088
tTrue: 0.020771
R-near neighbors:
582
432
658
Query: 52
Nearest Neighbor-1: 1946
distanceHypercube: 301.531093
distanceTrue: 130.812843
Nearest Neighbor-2: 1210
distanceHypercube: 307.071653
distanceTrue: 200.399601
Nearest Neighbor-3: 1089
distanceHypercube: 308.964399
distanceTrue: 219.824930
Nearest Neighbor-4: 1821
distanceHypercube: 322.564722
distanceTrue: 248.328412
Nearest Neighbor-5: 1290
distanceHypercube: 323.643322
distanceTrue: 254.123985
tHypercube:  0.002853
tTrue: 0.021546
R-near neighbors:
1946
1210
1089
1821
1290
932
683
1782
2014
1478
866
236
231
1222
405
297
1614
268
1662
945
1653
1304
14
Query: 53
Nearest Neighbor-1: 1003
distanceHypercube: 230.110843
distanceTrue: 198.776256
Nearest Neighbor-2: 1090
distanceHypercube: 238.102919
distanceTrue: 220.748726
Nearest Neighbor-3: 654
distanceHypercube: 246.440662
distanceTrue: 221.670927
Nearest Neighbor-4: 1450
distanceHypercube: 249.242853
distanceTrue: 225.716637
Nearest Neighbor-5: 58
distanceHypercube: 250.391693
distanceTrue: 227.074878
tHypercube:  0.002811
tTrue: 0.021620
R-near neighbors:
1003
1090
654
1450
58
1012
604
61
1225
1479
1289
1891
1180
457
16
928
1129
24
1663
1822
1525
1343
872
1947
86
1726
1719
1748
1274
113
552
196
705
492
1636
905
333
1546
1209
1791
1336
1234
946
595
1889
1105
1930
11
733
159
1838
1106
550
1451
2012
732
821
359
1264
71
1672
658
1437
1903
13
21
784
675
67
1587
336
1652
1547
1733
555
1398
1649
1539
1068
1660
101
1793
534
1767
890
1271
1526
166
515
1161
7
877
1671
379
960
1040
1745
1136
426
1472
102
234
1952
690
1697
1123
118
621
931
205
959
725
1692
591
963
634
1814
5
1064
1418
1009
384
167
206
1420
1871
92
745
360
970
Query: 54
Nearest Neighbor-1: 634
distanceHypercube: 262.404268
distanceTrue: 194.177754
Nearest Neighbor-2: 61
distanceHypercube: 284.279792
distanceTrue: 227.820104
Nearest Neighbor-3: 1209
distanceHypercube: 288.613929
distanceTrue: 233.122286
Nearest Neighbor-4: 1090
distanceHypercube: 290.821251
distanceTrue: 241.149331
Nearest Neighbor-5: 1225
distanceHypercube: 294.440147
distanceTrue: 251.529322
tHypercube:  0.002793
tTrue: 0.020100
R-near neighbors:
634
61
1209
1090
1225
359
1450
1336
1525
1697
86
101
1068
1003
918
1767
1587
928
550
604
654
379
1289
658
1663
1702
1814
58
24
16
1196
166
1889
432
1546
1343
426
1952
705
905
53
1779
750
1451
492
1180
784
57
1838
1672
595
1691
21
333
71
1012
1413
159
585
515
2012
205
Query: 55
Nearest Neighbor-1: 561
distanceHypercube: 199.784884
distanceTrue: 159.307878
Nearest Neighbor-2: 1907
distanceHypercube: 202.200396
distanceTrue: 164.240677
Nearest Neighbor-3: 441
distanceHypercube: 204.943895
distanceTrue: 164.626851
Nearest Neighbor-4: 377
distanceHypercube: 213.211163
distanceTrue: 164.784708
Nearest Neighbor-5: 860
distanceHypercube: 221.235169
distanceTrue: 166.631330
tHypercube:  0.003928
tTrue: 0.021161
R-near neighbors:
561
1907
441
377
860
439
1310
722
898
50
799
468
38
1237
48
1536
175
1382
69
639
947
1111
1430
817
240
211
150
668
862
1391
1681
315
1800
1206
1888
1143
Query: 56
Nearest Neighbor-1: 947
distanceHypercube: 299.040131
distanceTrue: 184.043473
Nearest Neighbor-2: 1382
distanceHypercube: 301.453147
distanceTrue: 197.474049
Nearest Neighbor-3: 561
distanceHypercube: 303.763066
distanceTrue: 197.914123
Nearest Neighbor-4: 860
distanceHypercube: 305.998366
distanceTrue: 207.810009
Nearest Neighbor-5: 468
distanceHypercube: 316.281520
distanceTrue: 212.169743
tHypercube:  0.002806
tTrue: 0.022800
R-near neighbors:
947
1382
561
860
468
211
450
441
439
1111
1430
48
817
50
Query: 57
Nearest Neighbor-1: 1525
distanceHypercube: 216.254480
distanceTrue: 190.735419
Nearest Neighbor-2: 516
distanceHypercube: 233.670708
distanceTrue: 209.062192
Nearest Neighbor-3: 1546
distanceHypercube: 235.344428
distanceTrue: 210.713075
Nearest Neighbor-4: 61
distanceHypercube: 252.158680
distanceTrue: 210.793738
Nearest Neighbor-5: 1660
distanceHypercube: 253.079039
distanceTrue: 211.605766
tHypercube:  0.002835
tTrue: 0.021741
R-near neighbors:
1525
516
1546
61
1660
1526
206
113
1123
67
308
1547
621
872
1450
1009
492
118
726
1136
58
1234
1068
1527
207
1548
1692
1748
334
654
1915
268
784
945
550
904
873
80
379
522
946
785
205
1413
814
159
557
556
1055
1622
158
690
1225
1726
336
767
333
33
166
10
11
1809
86
1727
595
92
1613
358
1791
359
360
1960
167
586
1889
1719
473
1290
1823
1649
623
1015
591
935
551
1718
418
708
448
1393
87
1662
1089
165
937
1539
444
1563
378
102
20
650
1425
905
21
1782
555
164
1871
355
1651
254
1614
53
305
619
1749
1903
32
620
236
520
1137
447
534
1289
1958
1623
202
435
57
1673
535
1049
22
1890
313
221
1180
135
893
882
1691
1861
706
1793
1873
83
1146
1377
1587
1643
1693
309
1859
928
204
101
515
1271
461
180
181
733
1090
963
354
1656
208
144
15
187
544
1056
1336
90
1057
258
1508
585
169
1398
209
1733
117
891
1585
830
659
1465
1568
655
1671
196
745
1003
1838
1060
1129
1399
938
1392
500
875
1901
709
563
1555
247
1040
604
1650
1474
675
1657
1436
705
1456
1569
1422
1914
7
852
2010
1214
725
723
1343
2028
457
1824
994
1561
1085
1672
633
432
387
16
1274
1930
985
143
1484
652
1496
24
971
Query: 58
Nearest Neighbor-1: 823
distanceHypercube: 253.065209
distanceTrue: 167.146642
Nearest Neighbor-2: 1842
distanceHypercube: 269.553334
distanceTrue: 211.688450
Nearest Neighbor-3: 979
distanceHypercube: 271.895200
distanceTrue: 220.517573
Nearest Neighbor-4: 134
distanceHypercube: 271.928299
distanceTrue: 227.294963
Nearest Neighbor-5: 1459
distanceHypercube: 274.268117
distanceTrue: 237.709907
tHypercube:  0.002785
tTrue: 0.019727
R-near neighbors:
823
1842
979
134
1459
758
226
271
436
123
757
329
171
445
666
1938
137
1689
988
192
1404
774
1065
1615
126
884
1313
1102
131
955
1505
172
601
1480
364
198
483
1311
610
155
408
598
1850
293
611
1383
1554
1273
841
98
469
1699
130
756
1841
739
108
140
1294
629
225
1618
699
265
527
412
191
504
663
1538
1281
323
1133
943
910
684
282
630
186
1950
273
429
146
1312
1988
1807
883
1963
1868
260
950
132
508
1497
1796
1157
1239
156
1240
170
287
538
95
801
583
122
1665
1607
1981
1785
871
471
1626
490
194
Query: 59
Nearest Neighbor-1: 972
distanceHypercube: 334.861165
distanceTrue: 65.741920
Nearest Neighbor-2: 1421
distanceHypercube: 342.249909
distanceTrue: 281.767635
Nearest Neighbor-3: 312
distanceHypercube: 354.389616
distanceTrue: 302.607006
Nearest Neighbor-4: 176
distanceHypercube: 362.546549
distanceTrue: 316.142373
Nearest Neighbor-5: 903
distanceHypercube: 364.708102
distanceTrue: 319.785866
tHypercube:  0.003814
tTrue: 0.020927
R-near neighbors:
972
1421
Query: 60
Nearest Neighbor-1: 560
distanceHypercube: 192.369436
distanceTrue: 114.415908
Nearest Neighbor-2: 1906
distanceHypercube: 213.686687
distanceTrue: 117.149477
Nearest Neighbor-3: 440
distanceHypercube: 231.767125
distanceTrue: 125.179871
Nearest Neighbor-4: 81
distanceHypercube: 247.208414
distanceTrue: 140.182025
Nearest Neighbor-5: 1236
distanceHypercube: 249.090345
distanceTrue: 140.459959
tHypercube:  0.003016
tTrue: 0.021919
R-near neighbors:
560
1906
440
81
1236
49
45
897
606
1390
1535
469
885
1830
1125
666
638
171
131
2022
618
1281
819
Query: 61
Nearest Neighbor-1: 1790
distanceHypercube: 297.055550
distanceTrue: 170.308544
Nearest Neighbor-2: 457
distanceHypercube: 301.365227
distanceTrue: 264.022726
Nearest Neighbor-3: 872
distanceHypercube: 306.978827
distanceTrue: 265.339405
Nearest Neighbor-4: 1009
distanceHypercube: 312.725119
distanceTrue: 268.350517
Nearest Neighbor-5: 1089
distanceHypercube: 313.663833
distanceTrue: 270.628897
tHypercube:  0.002864
tTrue: 0.022808
R-near neighbors:
1790
457
872
1009
1089
1123
1903
1693
621
10
268
550
22
58
92
1409
753
360
1589
1563
1525
86
1304
254
1791
1450
1526
1234
1861
654
83
1692
80
767
61
1546
1547
1068
1377
1727
1210
196
1660
169
167
1161
1662
1862
1719
1214
852
535
1890
1261
207
551
555
204
875
1749
1026
959
Query: 62
Nearest Neighbor-1: 1197
distanceHypercube: 277.598631
distanceTrue: 140.356688
Nearest Neighbor-2: 1277
distanceHypercube: 296.072626
distanceTrue: 151.993421
Nearest Neighbor-3: 1961
distanceHypercube: 297.763329
distanceTrue: 242.295274
Nearest Neighbor-4: 1252
distanceHypercube: 298.668713
distanceTrue: 249.188684
Nearest Neighbor-5: 1641
distanceHypercube: 317.383049
distanceTrue: 249.795917
tHypercube:  0.002849
tTrue: 0.021650
R-near neighbors:
1197
1277
1961
1252
1641
1781
1322
222
1703
1725
573
1957
679
1257
Query: 63
Nearest Neighbor-1: 683
distanceHypercube: 295.071178
distanceTrue: 131.651054
Nearest Neighbor-2: 879
distanceHypercube: 319.715499
distanceTrue: 182.057683
Nearest Neighbor-3: 866
distanceHypercube: 334.964177
distanceTrue: 193.220082
Nearest Neighbor-4: 2028
distanceHypercube: 341.568441
distanceTrue: 203.580451
Nearest Neighbor-5: 1146
distanceHypercube: 356.883735
distanceTrue: 207.016908
tHypercube:  0.004254
tTrue: 0.021183
R-near neighbors:
683
879
866
2028
Query: 64
Nearest Neighbor-1: 297
distanceHypercube: 244.470857
distanceTrue: 94.915752
Nearest Neighbor-2: 1478
distanceHypercube: 259.819168
distanceTrue: 124.225601
Nearest Neighbor-3: 1089
distanceHypercube: 272.097409
distanceTrue: 133.502809
Nearest Neighbor-4: 1304
distanceHypercube: 276.649598
distanceTrue: 152.417191
Nearest Neighbor-5: 987
distanceHypercube: 281.636290
distanceTrue: 207.766696
tHypercube:  0.002896
tTrue: 0.023452
R-near neighbors:
297
1478
1089
1304
987
1782
1290
1662
1718
1275
2028
1723
683
236
597
1407
1210
1146
14
971
1821
1946
1915
945
866
2013
1643
326
633
231
1727
313
935
872
623
879
1115
309
1593
1653
Query: 65
Nearest Neighbor-1: 1876
distanceHypercube: 292.270423
distanceTrue: 138.275088
Nearest Neighbor-2: 1528
distanceHypercube: 319.144168
distanceTrue: 226.823720
Nearest Neighbor-3: 1766
distanceHypercube: 319.516823
distanceTrue: 240.696905
Nearest Neighbor-4: 1851
distanceHypercube: 346.378406
distanceTrue: 243.963112
Nearest Neighbor-5: 1357
distanceHypercube: 350.499643
distanceTrue: 247.390380
tHypercube:  0.002988
tTrue: 0.023392
R-near neighbors:
1876
1528
1766
1851
Query: 66
Nearest Neighbor-1: 799
distanceHypercube: 234.469614
distanceTrue: 173.381083
Nearest Neighbor-2: 1907
distanceHypercube: 254.104309
distanceTrue: 219.861320
Nearest Neighbor-3: 377
distanceHypercube: 254.501473
distanceTrue: 224.194112
Nearest Neighbor-4: 817
distanceHypercube: 258.795286
distanceTrue: 233.008584
Nearest Neighbor-5: 1237
distanceHypercube: 260.351685
distanceTrue: 234.469614
tHypercube:  0.002761
tTrue: 0.022424
R-near neighbors:
799
1907
377
817
1237
50
561
1310
441
1391
439
860
1681
38
1670
48
1800
468
1111
1579
1430
697
539
1896
1778
722
898
1460
1757
1772
628
1888
94
Query: 67
Nearest Neighbor-1: 932
distanceHypercube: 354.775986
distanceTrue: 200.865627
Nearest Neighbor-2: 953
distanceHypercube: 356.057580
distanceTrue: 225.698914
Nearest Neighbor-3: 1222
distanceHypercube: 358.607027
distanceTrue: 230.047821
Nearest Neighbor-4: 343
distanceHypercube: 372.578851
distanceTrue: 241.447717
Nearest Neighbor-5: 866
distanceHypercube: 374.751918
distanceTrue: 247.917325
tHypercube:  0.003122
tTrue: 0.020643
R-near neighbors:
Query: 68
Nearest Neighbor-1: 1681
distanceHypercube: 310.359469
distanceTrue: 224.225333
Nearest Neighbor-2: 1439
distanceHypercube: 317.055200
distanceTrue: 244.237589
Nearest Neighbor-3: 1391
distanceHypercube: 330.617604
distanceTrue: 251.035854
Nearest Neighbor-4: 755
distanceHypercube: 332.634935
distanceTrue: 253.379163
Nearest Neighbor-5: 1237
distanceHypercube: 335.580095
distanceTrue: 260.224903
tHypercube:  0.002839
tTrue: 0.019918
R-near neighbors:
1681
1439
1391
755
1237
1772
1778
805
1521
1800
1385
1093
1141
Query: 69
Nearest Neighbor-1: 1362
distanceHypercube: 257.536405
distanceTrue: 201.310705
Nearest Neighbor-2: 1781
distanceHypercube: 269.022304
distanceTrue: 201.335541
Nearest Neighbor-3: 537
distanceHypercube: 285.982517
distanceTrue: 202.770807
Nearest Neighbor-4: 1724
distanceHypercube: 291.559599
distanceTrue: 203.179723
Nearest Neighbor-5: 1145
distanceHypercube: 295.215176
distanceTrue: 206.893693
tHypercube:  0.002930
tTrue: 0.020060
R-near neighbors:
1362
1781
537
1724
1145
296
972
1154
406
1961
1916
765
375
3
1918
1905
312
1160
810
395
1893
141
1654
115
1594
414
1301
874
1299
410
1908
253
1400
327
596
235
1601
19
1303
502
190
1956
593
168
1925
1
255
1248
1190
1332
9
Query: 70
Nearest Neighbor-1: 1682
distanceHypercube: 298.306889
distanceTrue: 266.812668
Nearest Neighbor-2: 815
distanceHypercube: 303.163322
distanceTrue: 268.536776
Nearest Neighbor-3: 1819
distanceHypercube: 310.020967
distanceTrue: 276.108674
Nearest Neighbor-4: 710
distanceHypercube: 315.797403
distanceTrue: 276.219116
Nearest Neighbor-5: 1467
distanceHypercube: 317.631862
distanceTrue: 283.869688
tHypercube:  0.002728
tTrue: 0.020048
R-near neighbors:
1682
815
1819
710
1467
576
1124
1337
1010
1442
1314
1067
1904
1268
1872
881
Query: 71
Nearest Neighbor-1: 683
distanceHypercube: 245.248853
distanceTrue: 46.818800
Nearest Neighbor-2: 1210
distanceHypercube: 259.009652
distanceTrue: 80.367904
Nearest Neighbor-3: 866
distanceHypercube: 267.464016
distanceTrue: 100.772020
Nearest Neighbor-4: 879
distanceHypercube: 289.340630
distanceTrue: 112.049096
Nearest Neighbor-5: 2028
distanceHypercube: 306.899006
distanceTrue: 132.280006
tHypercube:  0.003017
tTrue: 0.019934
R-near neighbors:
683
1210
866
879
2028
1377
2013
1478
1146
1089
14
Query: 72
Nearest Neighbor-1: 1278
distanceHypercube: 311.708197
distanceTrue: 193.674985
Nearest Neighbor-2: 854
distanceHypercube: 321.372059
distanceTrue: 205.701240
Nearest Neighbor-3: 1356
distanceHypercube: 322.894720
distanceTrue: 222.800359
Nearest Neighbor-4: 1877
distanceHypercube: 330.445154
distanceTrue: 252.331132
Nearest Neighbor-5: 1550
distanceHypercube: 348.110615
distanceTrue: 253.369296
tHypercube:  0.002770
tTrue: 0.020107
R-near neighbors:
1278
854
1356
1877
1550
Query: 73
Nearest Neighbor-1: 934
distanceHypercube: 320.128099
distanceTrue: 303.211148
Nearest Neighbor-2: 153
distanceHypercube: 341.364907
distanceTrue: 320.128099
Nearest Neighbor-3: 727
distanceHypercube: 345.396873
distanceTrue: 320.728857
Nearest Neighbor-4: 167
distanceHypercube: 349.448136
distanceTrue: 322.632918
Nearest Neighbor-5: 619
distanceHypercube: 352.136337
distanceTrue: 322.722791
tHypercube:  0.002997
tTrue: 0.020426
R-near neighbors:
934
153
727
167
Query: 74
Nearest Neighbor-1: 1041
distanceHypercube: 326.070545
distanceTrue: 230.458239
Nearest Neighbor-2: 1214
distanceHypercube: 338.949849
distanceTrue: 289.490933
Nearest Neighbor-3: 280
distanceHypercube: 339.661596
distanceTrue: 289.594544
Nearest Neighbor-4: 760
distanceHypercube: 352.520921
distanceTrue: 291.890390
Nearest Neighbor-5: 1862
distanceHypercube: 367.320024
distanceTrue: 295.585859
tHypercube:  0.002914
tTrue: 0.020362
R-near neighbors:
1041
1214
280
Query: 75
Nearest Neighbor-1: 60
distanceHypercube: 251.926577
distanceTrue: 131.095385
Nearest Neighbor-2: 106
distanceHypercube: 258.046507
distanceTrue: 220.020454
Nearest Neighbor-3: 163
distanceHypercube: 258.750845
distanceTrue: 220.503968
Nearest Neighbor-4: 62
distanceHypercube: 262.705158
distanceTrue: 222.186858
Nearest Neighbor-5: 353
distanceHypercube: 262.958172
distanceTrue: 223.597853
tHypercube:  0.002771
tTrue: 0.019933
R-near neighbors:
60
106
163
62
353
114
1358
562
766
1659
1792
183
1360
63
1226
120
59
18
554
1827
1084
1466
332
881
1734
1270
1014
352
1953
31
1966
1067
1375
1424
608
491
889
1467
689
374
1682
1232
105
237
274
79
1020
1024
1321
1153
609
55
335
104
907
160
1639
476
197
1452
590
242
1010
119
1191
832
1337
637
91
12
549
1826
416
168
514
577
1253
6
1099
1661
1414
54
270
357
356
880
1904
1483
501
855
1208
433
894
1473
1912
888
746
1810
575
892
521
815
798
253
1178
78
425
1845
776
434
1314
142
731
116
1872
4
1135
1330
162
1815
811
442
93
52
76
1750
279
8
1394
576
715
1181
1124
1315
553
865
1265
903
1818
768
874
1586
1179
111
1442
1435
1655
2
635
366
1457
636
1577
957
74
899
548
475
182
1756
1959
70
327
1359
1926
1079
1301
179
427
385
1004
248
1769
1248
869
396
1892
1441
115
66
1279
1215
927
1332
1376
1122
1488
1911
411
710
417
967
1019
184
Query: 76
Nearest Neighbor-1: 1235
distanceHypercube: 294.258390
distanceTrue: 212.061312
Nearest Neighbor-2: 1861
distanceHypercube: 352.200227
distanceTrue: 254.768522
Nearest Neighbor-3: 959
distanceHypercube: 353.084976
distanceTrue: 294.258390
Nearest Neighbor-4: 1837
distanceHypercube: 355.411030
distanceTrue: 297.791874
Nearest Neighbor-5: 1437
distanceHypercube: 362.249914
distanceTrue: 299.314216
tHypercube:  0.002823
tTrue: 0.019758
R-near neighbors:
1235
Query: 77
Nearest Neighbor-1: 1237
distanceHypercube: 282.426982
distanceTrue: 251.256841
Nearest Neighbor-2: 1391
distanceHypercube: 292.042805
distanceTrue: 255.996094
Nearest Neighbor-3: 1430
distanceHypercube: 297.917774
distanceTrue: 280.836251
Nearest Neighbor-4: 1111
distanceHypercube: 298.214688
distanceTrue: 282.426982
Nearest Neighbor-5: 1888
distanceHypercube: 310.085472
distanceTrue: 285.184151
tHypercube:  0.002787
tTrue: 0.020403
R-near neighbors:
1237
1391
1430
1111
1888
1566
1143
1521
1800
1280
539
1681
628
402
Query: 78
Nearest Neighbor-1: 1722
distanceHypercube: 337.265474
distanceTrue: 293.715849
Nearest Neighbor-2: 1076
distanceHypercube: 338.252864
distanceTrue: 298.879574
Nearest Neighbor-3: 622
distanceHypercube: 355.115474
distanceTrue: 306.737673
Nearest Neighbor-4: 906
distanceHypercube: 355.730235
distanceTrue: 317.762490
Nearest Neighbor-5: 1924
distanceHypercube: 360.613366
distanceTrue: 317.908792
tHypercube:  0.002749
tTrue: 0.020707
R-near neighbors:
1722
1076
Query: 79
Nearest Neighbor-1: 1563
distanceHypercube: 261.612309
distanceTrue: 226.867803
Nearest Neighbor-2: 1903
distanceHypercube: 278.082722
distanceTrue: 245.515784
Nearest Neighbor-3: 58
distanceHypercube: 299.426118
distanceTrue: 254.876441
Nearest Neighbor-4: 872
distanceHypercube: 308.442863
distanceTrue: 258.880281
Nearest Neighbor-5: 785
distanceHypercube: 308.838145
distanceTrue: 260.929109
tHypercube:  0.002754
tTrue: 0.020145
R-near neighbors:
1563
1903
58
872
785
1526
1649
206
963
1234
1011
1271
1891
92
946
1180
1274
1450
655
7
13
1547
1660
935
1289
113
516
725
1525
555
604
1749
1822
534
586
5
1791
733
1136
11
1123
457
522
313
1733
1719
595
706
654
877
1726
1657
1693
135
Query: 80
Nearest Neighbor-1: 99
distanceHypercube: 253.132376
distanceTrue: 148.165448
Nearest Neighbor-2: 1347
distanceHypercube: 264.160936
distanceTrue: 160.415087
Nearest Neighbor-3: 859
distanceHypercube: 273.274587
distanceTrue: 161.369142
Nearest Neighbor-4: 37
distanceHypercube: 275.541285
distanceTrue: 171.192874
Nearest Neighbor-5: 721
distanceHypercube: 285.980769
distanceTrue: 180.222085
tHypercube:  0.002750
tTrue: 0.020308
R-near neighbors:
99
1347
859
37
721
916
510
1035
1091
1309
68
1431
47
438
210
816
174
376
1429
1144
939
1403
Query: 81
Nearest Neighbor-1: 42
distanceHypercube: 334.501121
distanceTrue: 146.311312
Nearest Neighbor-2: 48
distanceHypercube: 339.218219
distanceTrue: 230.893915
Nearest Neighbor-3: 1121
distanceHypercube: 342.749179
distanceTrue: 281.067608
Nearest Neighbor-4: 1430
distanceHypercube: 350.202798
distanceTrue: 296.905709
Nearest Neighbor-5: 1111
distanceHypercube: 351.105397
distanceTrue: 299.285817
tHypercube:  0.002970
tTrue: 0.019950
R-near neighbors:
42
48
1121
Query: 82
Nearest Neighbor-1: 367
distanceHypercube: 309.896757
distanceTrue: 276.819436
Nearest Neighbor-2: 1378
distanceHypercube: 311.414515
distanceTrue: 295.409885
Nearest Neighbor-3: 1221
distanceHypercube: 311.478731
distanceTrue: 297.302876
Nearest Neighbor-4: 381
distanceHypercube: 313.800892
distanceTrue: 298.705541
Nearest Neighbor-5: 921
distanceHypercube: 320.929899
distanceTrue: 302.365673
tHypercube:  0.002925
tTrue: 0.019792
R-near neighbors:
367
1378
1221
381
921
1770
874
474
307
75
184
1160
838
1509
1905
1248
443
964
Query: 83
Nearest Neighbor-1: 1134
distanceHypercube: 297.642403
distanceTrue: 271.981617
Nearest Neighbor-2: 1508
distanceHypercube: 308.037335
distanceTrue: 273.892315
Nearest Neighbor-3: 857
distanceHypercube: 309.441432
distanceTrue: 278.718496
Nearest Neighbor-4: 181
distanceHypercube: 310.467390
distanceTrue: 280.237399
Nearest Neighbor-5: 1976
distanceHypercube: 316.232509
distanceTrue: 280.360482
tHypercube:  0.002765
tTrue: 0.019671
R-near neighbors:
1134
1508
857
181
1976
500
1589
208
154
648
902
900
112
1436
708
67
1890
1366
1860
828
893
904
1285
619
80
1901
205
1732
873
118
86
1623
461
1546
1693
378
Query: 84
Nearest Neighbor-1: 1479
distanceHypercube: 252.778559
distanceTrue: 181.606718
Nearest Neighbor-2: 604
distanceHypercube: 273.748059
distanceTrue: 196.987309
Nearest Neighbor-3: 552
distanceHypercube: 283.501323
distanceTrue: 237.667835
Nearest Neighbor-4: 1090
distanceHypercube: 283.860881
distanceTrue: 249.389254
Nearest Neighbor-5: 1003
distanceHypercube: 291.967464
distanceTrue: 252.513366
tHypercube:  0.002942
tTrue: 0.019712
R-near neighbors:
1479
604
552
1090
1003
1106
1012
457
61
1822
1289
1180
877
13
1903
1947
1274
654
1450
928
1652
113
1891
86
58
905
1225
970
1663
1719
1105
872
1129
16
Query: 85
Nearest Neighbor-1: 1563
distanceHypercube: 253.389029
distanceTrue: 192.678489
Nearest Neighbor-2: 595
distanceHypercube: 278.485188
distanceTrue: 233.846103
Nearest Neighbor-3: 550
distanceHypercube: 278.983871
distanceTrue: 248.362638
Nearest Neighbor-4: 360
distanceHypercube: 290.754192
distanceTrue: 249.661771
Nearest Neighbor-5: 785
distanceHypercube: 292.984641
distanceTrue: 250.465566
tHypercube:  0.002765
tTrue: 0.020221
R-near neighbors:
1563
595
550
360
785
1903
167
92
1089
448
1891
1377
1719
1889
586
872
534
258
336
1068
58
1123
1525
1649
1526
80
354
1398
1547
1660
706
733
206
113
1693
621
1692
457
690
1915
555
10
767
1450
1009
604
1749
102
1809
1596
13
1393
723
654
204
1210
1234
935
1546
22
945
1146
61
254
522
1290
1920
659
1261
1662
830
1026
725
309
591
473
1726
236
5
444
1723
516
1745
1568
814
86
1015
1657
20
334
1614
90
Query: 86
Nearest Neighbor-1: 1041
distanceHypercube: 450.065551
distanceTrue: 285.106997
Nearest Neighbor-2: 280
distanceHypercube: 451.387860
distanceTrue: 305.612500
Nearest Neighbor-3: 760
distanceHypercube: 452.517403
distanceTrue: 330.969787
Nearest Neighbor-4: 1405
distanceHypercube: 456.115117
distanceTrue: 339.972058
Nearest Neighbor-5: 1409
distanceHypercube: 456.761426
distanceTrue: 346.297560
tHypercube:  0.002765
tTrue: 0.020044
R-near neighbors:
Query: 87
Nearest Neighbor-1: 717
distanceHypercube: 337.434438
distanceTrue: 224.906647
Nearest Neighbor-2: 1931
distanceHypercube: 354.904212
distanceTrue: 255.282197
Nearest Neighbor-3: 1628
distanceHypercube: 356.268157
distanceTrue: 265.054711
Nearest Neighbor-4: 1949
distanceHypercube: 364.889024
distanceTrue: 277.784089
Nearest Neighbor-5: 227
distanceHypercube: 372.772048
distanceTrue: 281.778282
tHypercube:  0.002888
tTrue: 0.019755
R-near neighbors:
717
Query: 88
Nearest Neighbor-1: 781
distanceHypercube: 359.292360
distanceTrue: 123.559702
Nearest Neighbor-2: 1385
distanceHypercube: 362.607226
distanceTrue: 216.025461
Nearest Neighbor-3: 645
distanceHypercube: 377.663872
distanceTrue: 217.935770
Nearest Neighbor-4: 1141
distanceHypercube: 389.960254
distanceTrue: 231.207699
Nearest Neighbor-5: 571
distanceHypercube: 394.242311
distanceTrue: 234.113220
tHypercube:  0.002712
tTrue: 0.020491
R-near neighbors:
Query: 89
Nearest Neighbor-1: 886
distanceHypercube: 325.445848
distanceTrue: 75.079957
Nearest Neighbor-2: 331
distanceHypercube: 325.567197
distanceTrue: 135.051842
Nearest Neighbor-3: 1036
distanceHypercube: 330.608530
distanceTrue: 154.418263
Nearest Neighbor-4: 1092
distanceHypercube: 336.469910
distanceTrue: 155.515273
Nearest Neighbor-5: 340
distanceHypercube: 338.110929
distanceTrue: 163.410526
tHypercube:  0.003004
tTrue: 0.019845
R-near neighbors:
886
331
1036
1092
340
477
665
1666
100
Query: 90
Nearest Neighbor-1: 81
distanceHypercube: 232.477956
distanceTrue: 114.533838
Nearest Neighbor-2: 2022
distanceHypercube: 246.681982
distanceTrue: 157.340395
Nearest Neighbor-3: 45
distanceHypercube: 270.383062
distanceTrue: 191.522845
Nearest Neighbor-4: 885
distanceHypercube: 271.689161
distanceTrue: 206.421898
Nearest Neighbor-5: 560
distanceHypercube: 278.366665
distanceTrue: 208.031248
tHypercube:  0.002793
tTrue: 0.019831
R-near neighbors:
81
2022
45
885
560
1906
1236
49
1830
440
1383
1552
469
897
1125
323
1848
1390
978
1335
606
1281
819
965
666
171
1665
782
740
1788
629
131
451
1535
Query: 91
Nearest Neighbor-1: 205
distanceHypercube: 171.295067
distanceTrue: 50.457903
Nearest Neighbor-2: 118
distanceHypercube: 180.174915
distanceTrue: 60.663004
Nearest Neighbor-3: 67
distanceHypercube: 200.648947
distanceTrue: 156.233799
Nearest Neighbor-4: 1525
distanceHypercube: 207.021738
distanceTrue: 157.629312
Nearest Neighbor-5: 33
distanceHypercube: 207.576492
distanceTrue: 163.141043
tHypercube:  0.002738
tTrue: 0.020031
R-near neighbors:
205
118
67
1525
33
144
1527
1748
61
57
1450
1548
113
206
58
1546
207
1526
905
516
726
1660
181
359
158
1547
166
708
86
492
159
208
586
1793
165
53
1436
591
1413
358
305
333
784
1651
1726
1123
1823
1392
80
1225
556
379
654
873
655
1009
1234
1735
135
904
946
1749
585
705
164
620
1289
308
732
1136
1539
32
1915
1040
1733
619
1960
254
893
985
1015
180
1425
1343
621
1958
500
1824
882
209
938
1090
1049
1003
154
520
1180
1657
202
550
1727
551
1508
1068
10
334
1474
733
1393
101
534
1672
1890
7
1613
21
1614
515
1134
378
336
1692
355
725
247
87
1456
1465
872
15
269
418
1047
557
1663
522
275
71
709
745
1671
937
11
902
1662
112
1286
268
1673
246
900
555
234
117
1351
963
1587
814
1137
1636
1871
690
1649
92
1691
785
1264
1745
1901
928
1129
656
169
935
387
187
706
1791
857
196
716
1563
1432
535
797
1861
22
Query: 92
Nearest Neighbor-1: 764
distanceHypercube: 317.480708
distanceTrue: 298.026844
Nearest Neighbor-2: 1119
distanceHypercube: 353.427503
distanceTrue: 308.970872
Nearest Neighbor-3: 592
distanceHypercube: 357.068621
distanceTrue: 314.189433
Nearest Neighbor-4: 529
distanceHypercube: 359.507997
distanceTrue: 317.480708
Nearest Neighbor-5: 1892
distanceHypercube: 374.450264
distanceTrue: 318.824403
tHypercube:  0.002841
tTrue: 0.020123
R-near neighbors:
764
Query: 93
Nearest Neighbor-1: 1568
distanceHypercube: 311.932685
distanceTrue: 141.463776
Nearest Neighbor-2: 1060
distanceHypercube: 313.220370
distanceTrue: 245.210114
Nearest Neighbor-3: 1914
distanceHypercube: 337.478888
distanceTrue: 293.625612
Nearest Neighbor-4: 1057
distanceHypercube: 346.223916
distanceTrue: 305.942805
Nearest Neighbor-5: 1585
distanceHypercube: 353.298740
distanceTrue: 307.982142
tHypercube:  0.002901
tTrue: 0.020509
R-near neighbors:
1568
1060
1914
1057
Query: 94
Nearest Neighbor-1: 1655
distanceHypercube: 283.367253
distanceTrue: 234.774360
Nearest Neighbor-2: 1676
distanceHypercube: 310.716913
distanceTrue: 258.338925
Nearest Neighbor-3: 70
distanceHypercube: 322.374006
distanceTrue: 259.917295
Nearest Neighbor-4: 1181
distanceHypercube: 325.811295
distanceTrue: 265.734830
Nearest Neighbor-5: 1892
distanceHypercube: 326.279022
distanceTrue: 268.717324
tHypercube:  0.002944
tTrue: 0.021134
R-near neighbors:
1655
1676
70
1181
1892
12
1543
1375
1501
1263
415
1253
31
4
1876
6
605
76
798
Query: 95
Nearest Neighbor-1: 1060
distanceHypercube: 338.124238
distanceTrue: 160.570857
Nearest Neighbor-2: 1210
distanceHypercube: 347.709649
distanceTrue: 236.376818
Nearest Neighbor-3: 683
distanceHypercube: 362.718899
distanceTrue: 245.981707
Nearest Neighbor-4: 866
distanceHypercube: 367.696886
distanceTrue: 256.515107
Nearest Neighbor-5: 879
distanceHypercube: 378.515521
distanceTrue: 260.470728
tHypercube:  0.003317
tTrue: 0.019982
R-near neighbors:
1060
1210
Query: 96
Nearest Neighbor-1: 1186
distanceHypercube: 313.359219
distanceTrue: 305.391552
Nearest Neighbor-2: 350
distanceHypercube: 331.461913
distanceTrue: 313.359219
Nearest Neighbor-3: 926
distanceHypercube: 334.548950
distanceTrue: 313.738745
Nearest Neighbor-4: 488
distanceHypercube: 355.254838
distanceTrue: 318.987461
Nearest Neighbor-5: 999
distanceHypercube: 357.449297
distanceTrue: 320.947036
tHypercube:  0.003363
tTrue: 0.019922
R-near neighbors:
1186
350
926
Query: 97
Nearest Neighbor-1: 196
distanceHypercube: 333.640525
distanceTrue: 285.790133
Nearest Neighbor-2: 872
distanceHypercube: 343.512736
distanceTrue: 303.557243
Nearest Neighbor-3: 891
distanceHypercube: 350.854671
distanceTrue: 318.366141
Nearest Neighbor-4: 1207
distanceHypercube: 355.070416
distanceTrue: 320.209307
Nearest Neighbor-5: 21
distanceHypercube: 355.910101
distanceTrue: 322.956653
tHypercube:  0.002915
tTrue: 0.020051
R-near neighbors:
196
872
Query: 98
Nearest Neighbor-1: 760
distanceHypercube: 335.650115
distanceTrue: 233.531582
Nearest Neighbor-2: 1008
distanceHypercube: 343.629161
distanceTrue: 303.744959
Nearest Neighbor-3: 945
distanceHypercube: 345.466351
distanceTrue: 304.041116
Nearest Neighbor-4: 1399
distanceHypercube: 361.307348
distanceTrue: 311.303710
Nearest Neighbor-5: 2014
distanceHypercube: 363.201046
distanceTrue: 315.434621
tHypercube:  0.002870
tTrue: 0.020488
R-near neighbors:
760
1008
945
Query: 99
Nearest Neighbor-1: 1209
distanceHypercube: 234.226386
distanceTrue: 137.429982
Nearest Neighbor-2: 1697
distanceHypercube: 237.147633
distanceTrue: 138.899244
Nearest Neighbor-3: 1767
distanceHypercube: 252.980236
distanceTrue: 138.964024
Nearest Neighbor-4: 1090
distanceHypercube: 269.152373
distanceTrue: 142.506140
Nearest Neighbor-5: 1003
distanceHypercube: 276.255317
distanceTrue: 143.457311
tHypercube:  0.002978
tTrue: 0.020367
R-near neighbors:
1209
1697
1767
1090
1003
1479
705
1663
1822
1652
1947
1529
1702
931
1289
960
604
71
732
1343
1180
1012
552
1196
1952
1636
1227
1450
1672
Query: 100
Nearest Neighbor-1: 856
distanceHypercube: 348.374798
distanceTrue: 184.613109
Nearest Neighbor-2: 1951
distanceHypercube: 365.321776
distanceTrue: 234.885078
Nearest Neighbor-3: 236
distanceHypercube: 365.952183
distanceTrue: 308.608166
Nearest Neighbor-4: 1747
distanceHypercube: 366.983651
distanceTrue: 310.402964
Nearest Neighbor-5: 648
distanceHypercube: 368.156217
distanceTrue: 318.940433
tHypercube:  0.003279
tTrue: 0.020514
R-near neighbors:
856
