Query: 1
Nearest Neighbor-1: 3014
distanceLSH: 313.955411
distanceTrue: 276.781502
Nearest Neighbor-2: 124
distanceLSH: 343.374431
distanceTrue: 277.495946
Nearest Neighbor-3: 1849
distanceLSH: 351.901975
distanceTrue: 282.315426
Nearest Neighbor-4: 3920
distanceLSH: 356.310258
distanceTrue: 283.637092
Nearest Neighbor-5: 1813
distanceLSH: 361.005540
distanceTrue: 284.596205
tLSH : 0.000151
tTrue: 0.019705
R-near neighbors:
3014
124
Query: 2
Nearest Neighbor-1: 1118
distanceLSH: 316.818560
distanceTrue: 256.852098
Nearest Neighbor-2: 3754
distanceLSH: 322.505814
distanceTrue: 259.913447
Nearest Neighbor-3: 9760
distanceLSH: 325.831245
distanceTrue: 262.895416
Nearest Neighbor-4: 2514
distanceLSH: 329.921203
distanceTrue: 262.925845
Nearest Neighbor-5: 9652
distanceLSH: 331.950297
distanceTrue: 264.932067
tLSH : 0.000977
tTrue: 0.020162
R-near neighbors:
1118
3754
9760
2514
9652
1128
319
Query: 3
Nearest Neighbor-1: 9973
distanceLSH: 227.725712
distanceTrue: 206.736547
Nearest Neighbor-2: 6996
distanceLSH: 241.754007
distanceTrue: 219.460703
Nearest Neighbor-3: 5454
distanceLSH: 258.313763
distanceTrue: 222.551118
Nearest Neighbor-4: 1961
distanceLSH: 274.683454
distanceTrue: 227.725712
Nearest Neighbor-5: 5761
distanceLSH: 300.148297
distanceTrue: 241.754007
tLSH : 0.000454
tTrue: 0.022894
R-near neighbors:
9973
6996
5454
1961
5761
4408
1299
4274
2789
2524
Query: 4
Nearest Neighbor-1: 148
distanceLSH: 266.052626
distanceTrue: 215.176672
Nearest Neighbor-2: 3753
distanceLSH: 270.314631
distanceTrue: 216.843261
Nearest Neighbor-3: 126
distanceLSH: 273.115360
distanceTrue: 236.137672
Nearest Neighbor-4: 9541
distanceLSH: 274.879974
distanceTrue: 242.206523
Nearest Neighbor-5: 2309
distanceLSH: 277.315705
distanceTrue: 249.621714
tLSH : 0.000721
tTrue: 0.018987
R-near neighbors:
148
3753
126
9541
2309
3212
4096
9554
4009
834
3299
950
9545
3814
3855
4249
2307
3955
4103
Query: 5
Nearest Neighbor-1: 4720
distanceLSH: 250.509481
distanceTrue: 250.509481
Nearest Neighbor-2: 5898
distanceLSH: 279.383249
distanceTrue: 257.538347
Nearest Neighbor-3: 4784
distanceLSH: 325.926372
distanceTrue: 265.067916
Nearest Neighbor-4: 4957
distanceLSH: 331.347250
distanceTrue: 267.277010
Nearest Neighbor-5: 5408
distanceLSH: 338.890838
distanceTrue: 279.383249
tLSH : 0.000788
tTrue: 0.020655
R-near neighbors:
4720
5898
4784
4957
5408
Query: 6
Nearest Neighbor-1: 5416
distanceLSH: 440.758437
distanceTrue: 275.150868
Nearest Neighbor-2: 513
distanceLSH: 509.732283
distanceTrue: 287.503043
tLSH : 0.000424
tTrue: 0.020399
R-near neighbors:
Query: 7
Nearest Neighbor-1: 1108
distanceLSH: 383.242743
distanceTrue: 246.609002
Nearest Neighbor-2: 7011
distanceLSH: 395.933075
distanceTrue: 252.816139
Nearest Neighbor-3: 1220
distanceLSH: 416.155019
distanceTrue: 255.804613
Nearest Neighbor-4: 9292
distanceLSH: 465.443874
distanceTrue: 256.105447
Nearest Neighbor-5: 2951
distanceLSH: 556.694710
distanceTrue: 258.336989
tLSH : 0.000432
tTrue: 0.019637
R-near neighbors:
Query: 8
Nearest Neighbor-1: 4598
distanceLSH: 205.092662
distanceTrue: 173.948268
Nearest Neighbor-2: 4579
distanceLSH: 221.393315
distanceTrue: 177.727319
Nearest Neighbor-3: 6832
distanceLSH: 258.801082
distanceTrue: 196.402648
Nearest Neighbor-4: 4649
distanceLSH: 258.874487
distanceTrue: 197.560117
Nearest Neighbor-5: 6971
distanceLSH: 259.399306
distanceTrue: 205.092662
tLSH : 0.000562
tTrue: 0.019954
R-near neighbors:
4598
4579
6832
4649
6971
6688
6522
6377
6480
7196
6678
6835
7179
6613
6649
6647
6317
7284
6112
6721
3634
8910
6247
6983
8425
9730
7172
6458
6821
6999
4955
6799
7824
6693
5881
7635
9978
4816
9276
4276
5291
4800
3269
6297
6659
9491
9435
6314
2361
978
3472
8107
Query: 9
Nearest Neighbor-1: 550
distanceLSH: 274.721677
distanceTrue: 248.473339
Nearest Neighbor-2: 784
distanceLSH: 294.516553
distanceTrue: 256.214754
Nearest Neighbor-3: 4560
distanceLSH: 298.271688
distanceTrue: 259.011583
Nearest Neighbor-4: 5162
distanceLSH: 311.786786
distanceTrue: 259.137029
Nearest Neighbor-5: 3164
distanceLSH: 312.857795
distanceTrue: 263.945070
tLSH : 0.000500
tTrue: 0.020253
R-near neighbors:
550
784
4560
5162
3164
93
61
4981
4477
4260
2769
4592
158
4597
3666
4764
462
9523
234
4729
Query: 10
Nearest Neighbor-1: 4765
distanceLSH: 250.014000
distanceTrue: 250.014000
Nearest Neighbor-2: 159
distanceLSH: 298.867864
distanceTrue: 251.722069
Nearest Neighbor-3: 3358
distanceLSH: 303.430387
distanceTrue: 254.680192
Nearest Neighbor-4: 9308
distanceLSH: 318.020440
distanceTrue: 262.716577
Nearest Neighbor-5: 4216
distanceLSH: 330.190854
distanceTrue: 263.374258
tLSH : 0.000841
tTrue: 0.018990
R-near neighbors:
4765
159
3358
9308
4216
2231
52
7741
1588
1260
3439
5007
65
1682
1179
Query: 11
Nearest Neighbor-1: 3117
distanceLSH: 434.595214
distanceTrue: 293.882630
Nearest Neighbor-2: 9371
distanceLSH: 436.353068
distanceTrue: 308.914228
Nearest Neighbor-3: 9123
distanceLSH: 490.542557
distanceTrue: 309.307291
tLSH : 0.000414
tTrue: 0.020195
R-near neighbors:
Query: 12
Nearest Neighbor-1: 2269
distanceLSH: 242.820922
distanceTrue: 172.162714
Nearest Neighbor-2: 4496
distanceLSH: 259.268201
distanceTrue: 206.608325
Nearest Neighbor-3: 3545
distanceLSH: 260.654944
distanceTrue: 224.483852
Nearest Neighbor-4: 1301
distanceLSH: 262.568086
distanceTrue: 225.108863
Nearest Neighbor-5: 4780
distanceLSH: 272.736136
distanceTrue: 227.336755
tLSH : 0.000634
tTrue: 0.020481
R-near neighbors:
2269
4496
3545
1301
4780
1425
4507
63
1136
4594
7850
4806
8215
59
335
1781
8919
5667
3485
5542
5130
165
4305
4797
8458
5206
1084
2258
3520
1442
3962
2502
6216
4862
101
4822
1068
7183
4481
5879
3330
8189
719
2984
4689
5381
5571
3581
6263
7328
4558
Query: 13
Nearest Neighbor-1: 2129
distanceLSH: 259.160182
distanceTrue: 238.549785
Nearest Neighbor-2: 289
distanceLSH: 267.656496
distanceTrue: 250.071990
Nearest Neighbor-3: 282
distanceLSH: 272.967031
distanceTrue: 251.238930
Nearest Neighbor-4: 4302
distanceLSH: 277.158799
distanceTrue: 252.566823
Nearest Neighbor-5: 9596
distanceLSH: 281.408955
distanceTrue: 252.737017
tLSH : 0.000740
tTrue: 0.019053
R-near neighbors:
2129
289
282
4302
9596
9714
3649
9569
25
3887
2706
3553
9583
483
4097
2175
684
3116
4326
1621
4301
3950
3527
9212
146
7862
6949
8583
9457
Query: 14
Nearest Neighbor-1: 3568
distanceLSH: 339.954409
distanceTrue: 244.677339
Nearest Neighbor-2: 1156
distanceLSH: 377.524834
distanceTrue: 256.739167
Nearest Neighbor-3: 7650
distanceLSH: 383.452735
distanceTrue: 259.674797
Nearest Neighbor-4: 4144
distanceLSH: 397.651858
distanceTrue: 262.133554
Nearest Neighbor-5: 152
distanceLSH: 400.694397
distanceTrue: 268.372875
tLSH : 0.000772
tTrue: 0.022582
R-near neighbors:
3568
Query: 15
Nearest Neighbor-1: 1146
distanceLSH: 314.953965
distanceTrue: 273.316666
Nearest Neighbor-2: 8123
distanceLSH: 357.267407
distanceTrue: 278.307384
Nearest Neighbor-3: 7421
distanceLSH: 369.545667
distanceTrue: 282.740163
Nearest Neighbor-4: 6060
distanceLSH: 393.559398
distanceTrue: 288.399029
Nearest Neighbor-5: 1851
distanceLSH: 395.016455
distanceTrue: 291.307398
tLSH : 0.000493
tTrue: 0.019626
R-near neighbors:
1146
Query: 16
Nearest Neighbor-1: 414
distanceLSH: 289.323349
distanceTrue: 253.682873
Nearest Neighbor-2: 4910
distanceLSH: 319.731137
distanceTrue: 254.823468
Nearest Neighbor-3: 1271
distanceLSH: 328.782603
distanceTrue: 256.752799
Nearest Neighbor-4: 5089
distanceLSH: 331.668509
distanceTrue: 257.421833
Nearest Neighbor-5: 8177
distanceLSH: 339.899985
distanceTrue: 259.079138
tLSH : 0.000625
tTrue: 0.019366
R-near neighbors:
414
4910
1271
5089
8177
4389
9884
3493
325
Query: 17
Nearest Neighbor-1: 3830
distanceLSH: 248.199517
distanceTrue: 248.199517
Nearest Neighbor-2: 3936
distanceLSH: 265.260250
distanceTrue: 248.324385
Nearest Neighbor-3: 1599
distanceLSH: 276.086943
distanceTrue: 250.667110
Nearest Neighbor-4: 3516
distanceLSH: 277.409445
distanceTrue: 255.190125
Nearest Neighbor-5: 2743
distanceLSH: 279.304493
distanceTrue: 255.317449
tLSH : 0.000676
tTrue: 0.020418
R-near neighbors:
3830
3936
1599
3516
2743
758
2701
3793
1126
2114
2027
997
8830
2274
108
8775
8668
2697
524
2113
2797
3079
4124
3211
8213
3646
4010
4287
2977
8888
Query: 18
Nearest Neighbor-1: 4097
distanceLSH: 254.635033
distanceTrue: 254.635033
Nearest Neighbor-2: 1371
distanceLSH: 269.219242
distanceTrue: 260.852449
Nearest Neighbor-3: 9569
distanceLSH: 284.726184
distanceTrue: 263.279319
Nearest Neighbor-4: 4302
distanceLSH: 285.812876
distanceTrue: 263.431205
Nearest Neighbor-5: 9212
distanceLSH: 287.212465
distanceTrue: 263.675937
tLSH : 0.000726
tTrue: 0.019141
R-near neighbors:
4097
1371
9569
4302
9212
3688
9714
5894
9596
211
684
9583
943
8583
9457
8774
483
823
2251
1282
858
146
1213
3614
543
3395
2175
3013
1610
1707
289
736
3527
4301
4264
3875
6831
Query: 19
Nearest Neighbor-1: 1457
distanceLSH: 297.476049
distanceTrue: 266.889490
Nearest Neighbor-2: 6701
distanceLSH: 322.856005
distanceTrue: 268.527466
Nearest Neighbor-3: 3960
distanceLSH: 324.285368
distanceTrue: 274.341029
Nearest Neighbor-4: 4695
distanceLSH: 326.424570
distanceTrue: 275.601161
Nearest Neighbor-5: 1178
distanceLSH: 329.411597
distanceTrue: 276.523055
tLSH : 0.000989
tTrue: 0.020770
R-near neighbors:
1457
6701
3960
4695
1178
4303
4700
1015
4878
3051
2854
Query: 20
Nearest Neighbor-1: 4097
distanceLSH: 245.424123
distanceTrue: 224.750973
Nearest Neighbor-2: 9583
distanceLSH: 247.893122
distanceTrue: 230.212945
Nearest Neighbor-3: 3013
distanceLSH: 267.632210
distanceTrue: 233.495182
Nearest Neighbor-4: 146
distanceLSH: 273.453835
distanceTrue: 236.900823
Nearest Neighbor-5: 3688
distanceLSH: 274.078456
distanceTrue: 239.551665
tLSH : 0.000748
tTrue: 0.021709
R-near neighbors:
4097
9583
3013
146
3688
483
8774
9212
4302
9569
3614
684
943
1282
2251
4939
1371
211
3553
5894
858
1318
2823
823
1943
8583
734
3976
9596
2808
3527
4301
9714
3712
5376
2175
6831
489
4483
1707
736
4264
4137
3478
990
25
3810
3293
511
9691
3887
2129
1621
6949
289
643
3878
3660
Query: 21
Nearest Neighbor-1: 4910
distanceLSH: 257.565526
distanceTrue: 192.984455
Nearest Neighbor-2: 414
distanceLSH: 294.034012
distanceTrue: 193.248545
Nearest Neighbor-3: 2015
distanceLSH: 309.202199
distanceTrue: 196.007653
Nearest Neighbor-4: 6132
distanceLSH: 311.652050
distanceTrue: 198.841646
Nearest Neighbor-5: 5089
distanceLSH: 312.393982
distanceTrue: 199.839936
tLSH : 0.000580
tTrue: 0.019895
R-near neighbors:
4910
414
2015
6132
5089
6404
4389
1611
Query: 22
Nearest Neighbor-1: 5734
distanceLSH: 257.458735
distanceTrue: 80.845532
Nearest Neighbor-2: 457
distanceLSH: 260.990421
distanceTrue: 87.732548
Nearest Neighbor-3: 5674
distanceLSH: 261.407728
distanceTrue: 207.301712
Nearest Neighbor-4: 7840
distanceLSH: 267.764822
distanceTrue: 218.577217
Nearest Neighbor-5: 7118
distanceLSH: 270.161063
distanceTrue: 220.420054
tLSH : 0.000588
tTrue: 0.019916
R-near neighbors:
5734
457
5674
7840
7118
8231
8795
2941
9356
9434
8363
4854
604
4586
105
5556
141
6490
5977
4855
861
5086
9458
251
4604
5555
4885
4918
1
9210
4681
4392
Query: 23
Nearest Neighbor-1: 4785
distanceLSH: 175.641681
distanceTrue: 173.052015
Nearest Neighbor-2: 4562
distanceLSH: 219.392343
distanceTrue: 175.641681
Nearest Neighbor-3: 5720
distanceLSH: 239.296887
distanceTrue: 182.641726
Nearest Neighbor-4: 4711
distanceLSH: 262.946763
distanceTrue: 199.426678
Nearest Neighbor-5: 6518
distanceLSH: 265.073575
distanceTrue: 199.582063
tLSH : 0.000541
tTrue: 0.019785
R-near neighbors:
4785
4562
5720
4711
6518
1360
7310
6402
7008
8003
620
9346
5167
9171
4890
2552
4906
9095
2989
522
7764
Query: 24
Nearest Neighbor-1: 2430
distanceLSH: 286.820501
distanceTrue: 253.940938
Nearest Neighbor-2: 5737
distanceLSH: 311.295679
distanceTrue: 254.876441
Nearest Neighbor-3: 4988
distanceLSH: 332.338683
distanceTrue: 256.676840
Nearest Neighbor-4: 4677
distanceLSH: 338.954274
distanceTrue: 260.042304
Nearest Neighbor-5: 9512
distanceLSH: 342.954808
distanceTrue: 261.575993
tLSH : 0.000464
tTrue: 0.019322
R-near neighbors:
2430
5737
4988
4677
9512
Query: 25
Nearest Neighbor-1: 6507
distanceLSH: 261.946559
distanceTrue: 154.227105
Nearest Neighbor-2: 9040
distanceLSH: 266.801424
distanceTrue: 156.547118
Nearest Neighbor-3: 9465
distanceLSH: 267.856305
distanceTrue: 191.185774
Nearest Neighbor-4: 6657
distanceLSH: 273.108037
distanceTrue: 232.079728
Nearest Neighbor-5: 4587
distanceLSH: 278.199569
distanceTrue: 239.459809
tLSH : 0.000491
tTrue: 0.022279
R-near neighbors:
6507
9040
9465
6657
4587
5235
4830
1791
5019
5071
655
7478
6920
591
9215
305
187
8301
Query: 26
Nearest Neighbor-1: 1019
distanceLSH: 442.111977
distanceTrue: 271.610015
Nearest Neighbor-2: 7640
distanceLSH: 522.146531
distanceTrue: 286.567619
Nearest Neighbor-3: 9424
distanceLSH: 597.733218
distanceTrue: 288.806163
tLSH : 0.000403
tTrue: 0.021299
R-near neighbors:
Query: 27
Nearest Neighbor-1: 7264
distanceLSH: 243.135765
distanceTrue: 183.442089
Nearest Neighbor-2: 60
distanceLSH: 260.155723
distanceTrue: 199.702278
Nearest Neighbor-3: 5133
distanceLSH: 260.255644
distanceTrue: 220.018181
Nearest Neighbor-4: 5109
distanceLSH: 263.427409
distanceTrue: 223.098633
Nearest Neighbor-5: 5526
distanceLSH: 266.407582
distanceTrue: 224.325656
tLSH : 0.000739
tTrue: 0.019481
R-near neighbors:
7264
60
5133
5109
5526
6336
8651
5862
8700
7422
5090
4715
4458
9384
5184
1277
4795
3327
1002
7191
1226
9096
5653
5634
206
4958
4730
7807
2423
1903
5431
5568
6042
308
6990
623
4778
7643
586
4952
4661
9217
1270
4553
501
5118
7
8959
2535
3054
190
810
575
637
6656
Query: 28
Nearest Neighbor-1: 5304
distanceLSH: 266.343763
distanceTrue: 175.516381
Nearest Neighbor-2: 5301
distanceLSH: 269.849958
distanceTrue: 200.888029
Nearest Neighbor-3: 3012
distanceLSH: 273.526964
distanceTrue: 212.548818
Nearest Neighbor-4: 7479
distanceLSH: 285.035086
distanceTrue: 220.474488
Nearest Neighbor-5: 89
distanceLSH: 285.177138
distanceTrue: 227.468679
tLSH : 0.000534
tTrue: 0.023140
R-near neighbors:
5304
5301
3012
7479
89
8974
359
4917
4568
1424
2191
154
4982
166
161
4346
8418
1658
3035
434
5580
Query: 29
Nearest Neighbor-1: 6828
distanceLSH: 235.860128
distanceTrue: 224.859956
Nearest Neighbor-2: 4493
distanceLSH: 247.953625
distanceTrue: 229.828197
Nearest Neighbor-3: 4704
distanceLSH: 258.739251
distanceTrue: 230.377950
Nearest Neighbor-4: 4684
distanceLSH: 267.510747
distanceTrue: 235.860128
Nearest Neighbor-5: 7444
distanceLSH: 267.776026
distanceTrue: 235.932194
tLSH : 0.000711
tTrue: 0.021026
R-near neighbors:
6828
4493
4704
4684
7444
4943
9900
8191
4626
4651
4861
4549
8105
4480
4584
92
5629
5380
4509
2468
6021
5541
7844
6479
4807
86
334
5303
6680
167
7146
5966
4081
7477
6275
9549
160
4348
9611
1649
9333
8502
6424
7145
6415
6932
6096
4828
5122
2147
3963
8541
706
8950
4771
8899
5997
4900
2520
1719
2658
248
6260
3376
Query: 30
Nearest Neighbor-1: 5477
distanceLSH: 549.590757
distanceTrue: 125.379424
tLSH : 0.000405
tTrue: 0.019251
R-near neighbors:
Query: 31
Nearest Neighbor-1: 3462
distanceLSH: 336.037200
distanceTrue: 265.377090
Nearest Neighbor-2: 3294
distanceLSH: 346.223916
distanceTrue: 267.007491
Nearest Neighbor-3: 9872
distanceLSH: 355.905886
distanceTrue: 272.205804
Nearest Neighbor-4: 3676
distanceLSH: 378.450789
distanceTrue: 273.959851
Nearest Neighbor-5: 2146
distanceLSH: 380.490473
distanceTrue: 275.341606
tLSH : 0.000457
tTrue: 0.021848
R-near neighbors:
3462
3294
Query: 32
Nearest Neighbor-1: 1373
distanceLSH: 398.189653
distanceTrue: 109.192491
Nearest Neighbor-2: 6529
distanceLSH: 419.601001
distanceTrue: 126.952747
Nearest Neighbor-3: 2623
distanceLSH: 437.667682
distanceTrue: 175.772580
Nearest Neighbor-4: 6548
distanceLSH: 442.021493
distanceTrue: 231.650599
Nearest Neighbor-5: 2713
distanceLSH: 452.369318
distanceTrue: 240.449579
tLSH : 0.000461
tTrue: 0.018870
R-near neighbors:
Query: 33
Nearest Neighbor-1: 5707
distanceLSH: 265.798796
distanceTrue: 187.563323
Nearest Neighbor-2: 275
distanceLSH: 269.399332
distanceTrue: 232.768125
Nearest Neighbor-3: 5007
distanceLSH: 300.256557
distanceTrue: 236.243518
Nearest Neighbor-4: 899
distanceLSH: 309.470516
distanceTrue: 246.604947
Nearest Neighbor-5: 4216
distanceLSH: 316.181910
distanceTrue: 250.519460
tLSH : 0.000636
tTrue: 0.019780
R-near neighbors:
5707
275
5007
899
4216
5602
1179
Query: 34
tLSH : 0.000394
tTrue: 0.019900
R-near neighbors:
Query: 35
Nearest Neighbor-1: 3339
distanceLSH: 311.473915
distanceTrue: 248.553817
Nearest Neighbor-2: 1926
distanceLSH: 313.694119
distanceTrue: 262.463331
Nearest Neighbor-3: 2298
distanceLSH: 314.515500
distanceTrue: 272.189272
Nearest Neighbor-4: 815
distanceLSH: 315.922459
distanceTrue: 274.829038
Nearest Neighbor-5: 1693
distanceLSH: 317.179760
distanceTrue: 274.936356
tLSH : 0.000661
tTrue: 0.018783
R-near neighbors:
3339
1926
2298
815
1693
5597
563
1067
4744
945
3055
6563
Query: 36
Nearest Neighbor-1: 3815
distanceLSH: 320.616593
distanceTrue: 120.975204
Nearest Neighbor-2: 7826
distanceLSH: 331.884016
distanceTrue: 140.353126
Nearest Neighbor-3: 2891
distanceLSH: 332.478571
distanceTrue: 179.596771
Nearest Neighbor-4: 4356
distanceLSH: 341.976607
distanceTrue: 263.564034
Nearest Neighbor-5: 2629
distanceLSH: 343.214219
distanceTrue: 288.083321
tLSH : 0.000627
tTrue: 0.020188
R-near neighbors:
3815
7826
2891
4356
2629
1581
Query: 37
Nearest Neighbor-1: 5843
distanceLSH: 111.458512
distanceTrue: 111.458512
Nearest Neighbor-2: 6709
distanceLSH: 159.909349
distanceTrue: 140.135649
Nearest Neighbor-3: 2516
distanceLSH: 304.667031
distanceTrue: 159.909349
Nearest Neighbor-4: 4414
distanceLSH: 307.304409
distanceTrue: 282.729553
Nearest Neighbor-5: 8657
distanceLSH: 320.636866
distanceTrue: 284.761304
tLSH : 0.000628
tTrue: 0.020798
R-near neighbors:
5843
6709
2516
4414
8657
2108
1302
9695
Query: 38
Nearest Neighbor-1: 5185
distanceLSH: 166.856226
distanceTrue: 166.856226
Nearest Neighbor-2: 7214
distanceLSH: 319.818699
distanceTrue: 247.868917
Nearest Neighbor-3: 1598
distanceLSH: 350.739219
distanceTrue: 298.412466
Nearest Neighbor-4: 5100
distanceLSH: 396.740469
distanceTrue: 302.373941
Nearest Neighbor-5: 8694
distanceLSH: 410.925784
distanceTrue: 304.752358
tLSH : 0.000492
tTrue: 0.019839
R-near neighbors:
5185
7214
Query: 39
Nearest Neighbor-1: 5501
distanceLSH: 159.245094
distanceTrue: 156.358562
Nearest Neighbor-2: 5342
distanceLSH: 214.532049
distanceTrue: 159.245094
Nearest Neighbor-3: 3566
distanceLSH: 300.274874
distanceTrue: 162.033947
Nearest Neighbor-4: 9185
distanceLSH: 319.266346
distanceTrue: 177.302002
Nearest Neighbor-5: 832
distanceLSH: 373.229152
distanceTrue: 214.532049
tLSH : 0.000458
tTrue: 0.020710
R-near neighbors:
5501
5342
3566
9185
Query: 40
Nearest Neighbor-1: 9842
distanceLSH: 210.767645
distanceTrue: 193.976803
Nearest Neighbor-2: 9722
distanceLSH: 211.097134
distanceTrue: 202.262206
Nearest Neighbor-3: 9156
distanceLSH: 220.177201
distanceTrue: 207.537948
Nearest Neighbor-4: 9869
distanceLSH: 220.236237
distanceTrue: 210.767645
Nearest Neighbor-5: 683
distanceLSH: 224.915540
distanceTrue: 210.788994
tLSH : 0.000745
tTrue: 0.019255
R-near neighbors:
9842
9722
9156
9869
683
9998
6757
6076
9060
5913
5218
5455
6125
879
3632
8343
5557
8964
8704
2133
4960
3192
7819
5521
971
2894
4852
3925
3086
4961
514
5267
1703
1044
4994
8414
Query: 41
Nearest Neighbor-1: 519
distanceLSH: 354.790079
distanceTrue: 153.564319
Nearest Neighbor-2: 9956
distanceLSH: 355.298466
distanceTrue: 185.372598
Nearest Neighbor-3: 8556
distanceLSH: 356.906150
distanceTrue: 188.196706
Nearest Neighbor-4: 2594
distanceLSH: 368.188810
distanceTrue: 193.938134
Nearest Neighbor-5: 2781
distanceLSH: 369.771551
distanceTrue: 194.414506
tLSH : 0.000822
tTrue: 0.020105
R-near neighbors:
Query: 42
Nearest Neighbor-1: 4421
distanceLSH: 276.186531
distanceTrue: 200.494389
Nearest Neighbor-2: 1334
distanceLSH: 338.948374
distanceTrue: 202.667215
Nearest Neighbor-3: 5228
distanceLSH: 351.621956
distanceTrue: 203.605010
Nearest Neighbor-4: 6517
distanceLSH: 364.009615
distanceTrue: 206.649462
Nearest Neighbor-5: 239
distanceLSH: 368.776355
distanceTrue: 213.269782
tLSH : 0.000421
tTrue: 0.021552
R-near neighbors:
4421
1334
Query: 43
Nearest Neighbor-1: 5587
distanceLSH: 294.416372
distanceTrue: 236.772042
Nearest Neighbor-2: 4669
distanceLSH: 302.811823
distanceTrue: 245.409861
Nearest Neighbor-3: 558
distanceLSH: 334.513079
distanceTrue: 247.911274
Nearest Neighbor-4: 882
distanceLSH: 362.305120
distanceTrue: 255.350739
Nearest Neighbor-5: 9086
distanceLSH: 363.536793
distanceTrue: 258.843582
tLSH : 0.000480
tTrue: 0.019016
R-near neighbors:
5587
4669
558
Query: 44
tLSH : 0.000722
tTrue: 0.021783
R-near neighbors:
Query: 45
tLSH : 0.000399
tTrue: 0.020000
R-near neighbors:
Query: 46
Nearest Neighbor-1: 6086
distanceLSH: 266.150333
distanceTrue: 261.361818
Nearest Neighbor-2: 6271
distanceLSH: 348.429333
distanceTrue: 265.663321
Nearest Neighbor-3: 2511
distanceLSH: 383.425351
distanceTrue: 266.150333
Nearest Neighbor-4: 1622
distanceLSH: 388.255071
distanceTrue: 269.401188
Nearest Neighbor-5: 2809
distanceLSH: 392.651245
distanceTrue: 271.199189
tLSH : 0.000487
tTrue: 0.019499
R-near neighbors:
6086
6271
Query: 47
Nearest Neighbor-1: 9670
distanceLSH: 215.715090
distanceTrue: 99.629313
Nearest Neighbor-2: 9001
distanceLSH: 236.182133
distanceTrue: 215.715090
Nearest Neighbor-3: 5767
distanceLSH: 248.781028
distanceTrue: 224.006696
Nearest Neighbor-4: 5491
distanceLSH: 291.557884
distanceTrue: 226.070785
Nearest Neighbor-5: 3449
distanceLSH: 294.560690
distanceTrue: 234.140983
tLSH : 0.000491
tTrue: 0.020511
R-near neighbors:
9670
9001
5767
5491
3449
7325
4921
5563
4564
6881
6010
9285
6161
3082
9472
4643
5480
99
2373
6499
7683
9193
9982
5508
8627
81
6208
3495
5050
9080
1843
6246
5661
Query: 48
Nearest Neighbor-1: 3949
distanceLSH: 312.920118
distanceTrue: 294.394293
Nearest Neighbor-2: 3010
distanceLSH: 331.255189
distanceTrue: 312.920118
Nearest Neighbor-3: 3718
distanceLSH: 352.180352
distanceTrue: 314.474164
Nearest Neighbor-4: 4045
distanceLSH: 369.054197
distanceTrue: 321.330048
Nearest Neighbor-5: 4528
distanceLSH: 379.809163
distanceTrue: 324.140402
tLSH : 0.000830
tTrue: 0.019239
R-near neighbors:
3949
3010
Query: 49
Nearest Neighbor-1: 1339
distanceLSH: 344.429964
distanceTrue: 155.762640
Nearest Neighbor-2: 9768
distanceLSH: 345.254978
distanceTrue: 215.633949
Nearest Neighbor-3: 4844
distanceLSH: 352.998584
distanceTrue: 265.311138
Nearest Neighbor-4: 7512
distanceLSH: 355.512306
distanceTrue: 275.192660
Nearest Neighbor-5: 6610
distanceLSH: 379.237393
distanceTrue: 288.638182
tLSH : 0.000842
tTrue: 0.019868
R-near neighbors:
1339
9768
Query: 50
Nearest Neighbor-1: 4674
distanceLSH: 253.592192
distanceTrue: 128.782763
Nearest Neighbor-2: 8147
distanceLSH: 260.505278
distanceTrue: 172.397796
Nearest Neighbor-3: 1467
distanceLSH: 271.127276
distanceTrue: 215.016278
Nearest Neighbor-4: 7550
distanceLSH: 271.950363
distanceTrue: 217.170440
Nearest Neighbor-5: 3824
distanceLSH: 277.027074
distanceTrue: 219.783985
tLSH : 0.000673
tTrue: 0.021817
R-near neighbors:
4674
8147
1467
7550
3824
8972
7843
3542
4983
5403
7887
4497
4621
4702
6347
1478
4511
577
4779
5715
2085
6801
3189
Query: 51
Nearest Neighbor-1: 8061
distanceLSH: 256.591114
distanceTrue: 181.140829
Nearest Neighbor-2: 8340
distanceLSH: 291.154598
distanceTrue: 199.604609
Nearest Neighbor-3: 4871
distanceLSH: 311.592683
distanceTrue: 219.815832
Nearest Neighbor-4: 5331
distanceLSH: 320.087488
distanceTrue: 256.591114
Nearest Neighbor-5: 3709
distanceLSH: 347.916657
distanceTrue: 267.159129
tLSH : 0.000731
tTrue: 0.020068
R-near neighbors:
8061
8340
4871
5331
3709
8035
Query: 52
Nearest Neighbor-1: 8396
distanceLSH: 293.134781
distanceTrue: 130.812843
Nearest Neighbor-2: 6332
distanceLSH: 393.817216
distanceTrue: 200.399601
Nearest Neighbor-3: 7867
distanceLSH: 403.987624
distanceTrue: 219.824930
Nearest Neighbor-4: 1641
distanceLSH: 405.673514
distanceTrue: 248.328412
Nearest Neighbor-5: 7674
distanceLSH: 407.180550
distanceTrue: 254.123985
tLSH : 0.000814
tTrue: 0.020109
R-near neighbors:
8396
Query: 53
Nearest Neighbor-1: 2386
distanceLSH: 221.670927
distanceTrue: 198.776256
Nearest Neighbor-2: 1090
distanceLSH: 238.102919
distanceTrue: 220.748726
Nearest Neighbor-3: 2167
distanceLSH: 248.223689
distanceTrue: 221.670927
Nearest Neighbor-4: 1826
distanceLSH: 251.207086
distanceTrue: 225.716637
Nearest Neighbor-5: 1225
distanceLSH: 257.427660
distanceTrue: 227.074878
tLSH : 0.000574
tTrue: 0.021435
R-near neighbors:
2386
1090
2167
1826
1225
1479
8048
7423
6827
872
9398
7400
5880
5407
7818
6267
5132
8895
8722
5731
9821
4731
4473
416
5776
4401
379
9097
1421
6150
3
2994
4709
4817
621
3468
1009
6866
8590
62
Query: 54
Nearest Neighbor-1: 7910
distanceLSH: 258.669674
distanceTrue: 194.177754
Nearest Neighbor-2: 5046
distanceLSH: 271.838187
distanceTrue: 227.820104
Nearest Neighbor-3: 7050
distanceLSH: 291.497856
distanceTrue: 233.122286
Nearest Neighbor-4: 9890
distanceLSH: 297.744857
distanceTrue: 241.149331
Nearest Neighbor-5: 6753
distanceLSH: 299.282475
distanceTrue: 251.529322
tLSH : 0.000832
tTrue: 0.018760
R-near neighbors:
7910
5046
7050
9890
6753
5196
5006
8052
4796
6266
5247
5180
6348
8327
6126
549
1587
7002
5914
9951
5885
9868
6361
7167
3052
1889
5468
5137
3446
2980
5784
8898
5224
8862
3825
Query: 55
Nearest Neighbor-1: 4896
distanceLSH: 185.078362
distanceTrue: 159.307878
Nearest Neighbor-2: 3225
distanceLSH: 278.614429
distanceTrue: 164.240677
Nearest Neighbor-3: 7460
distanceLSH: 342.312723
distanceTrue: 164.626851
Nearest Neighbor-4: 1855
distanceLSH: 361.391754
distanceTrue: 164.784708
Nearest Neighbor-5: 4364
distanceLSH: 369.243822
distanceTrue: 166.631330
tLSH : 0.000637
tTrue: 0.022120
R-near neighbors:
4896
3225
7460
Query: 56
Nearest Neighbor-1: 2748
distanceLSH: 281.099626
distanceTrue: 184.043473
Nearest Neighbor-2: 5518
distanceLSH: 284.251649
distanceTrue: 197.474049
Nearest Neighbor-3: 7340
distanceLSH: 288.638182
distanceTrue: 197.914123
Nearest Neighbor-4: 8117
distanceLSH: 299.071898
distanceTrue: 207.810009
Nearest Neighbor-5: 7151
distanceLSH: 301.356931
distanceTrue: 212.169743
tLSH : 0.000530
tTrue: 0.021664
R-near neighbors:
2748
5518
7340
8117
7151
5509
5269
7984
5472
4746
6679
6411
5763
5049
5393
5891
7369
9230
6571
7841
5105
Query: 57
Nearest Neighbor-1: 4904
distanceLSH: 190.735419
distanceTrue: 190.735419
Nearest Neighbor-2: 4731
distanceLSH: 210.713075
distanceTrue: 209.062192
Nearest Neighbor-3: 9097
distanceLSH: 220.812137
distanceTrue: 210.713075
Nearest Neighbor-4: 3468
distanceLSH: 233.287376
distanceTrue: 210.793738
Nearest Neighbor-5: 4709
distanceLSH: 234.183689
distanceTrue: 211.605766
tLSH : 0.000617
tTrue: 0.019088
R-near neighbors:
4904
4731
9097
3468
4709
4593
5407
4642
8895
5731
8722
7573
5132
62
4728
6501
4699
7423
621
5880
2994
872
1009
6827
7400
9398
9020
8590
4743
6267
379
4648
4903
2270
1225
1826
1727
889
5588
4401
6150
3011
357
729
5177
3601
9209
4979
5030
1421
6866
1090
3
8048
Query: 58
Nearest Neighbor-1: 9373
distanceLSH: 254.228244
distanceTrue: 167.146642
Nearest Neighbor-2: 1573
distanceLSH: 334.776045
distanceTrue: 211.688450
Nearest Neighbor-3: 1575
distanceLSH: 352.028408
distanceTrue: 220.517573
Nearest Neighbor-4: 5574
distanceLSH: 412.232944
distanceTrue: 227.294963
tLSH : 0.000417
tTrue: 0.020322
R-near neighbors:
9373
1573
Query: 59
Nearest Neighbor-1: 7025
distanceLSH: 281.767635
distanceTrue: 65.741920
Nearest Neighbor-2: 4389
distanceLSH: 350.421175
distanceTrue: 281.767635
Nearest Neighbor-3: 3278
distanceLSH: 353.220894
distanceTrue: 302.607006
Nearest Neighbor-4: 4750
distanceLSH: 362.535516
distanceTrue: 316.142373
Nearest Neighbor-5: 8265
distanceLSH: 375.803140
distanceTrue: 319.785866
tLSH : 0.000580
tTrue: 0.019133
R-near neighbors:
7025
Query: 60
Nearest Neighbor-1: 2337
distanceLSH: 197.765012
distanceTrue: 114.415908
Nearest Neighbor-2: 9835
distanceLSH: 211.045019
distanceTrue: 117.149477
Nearest Neighbor-3: 6712
distanceLSH: 216.937779
distanceTrue: 125.179871
Nearest Neighbor-4: 5901
distanceLSH: 220.875531
distanceTrue: 140.182025
Nearest Neighbor-5: 5672
distanceLSH: 222.157602
distanceTrue: 140.459959
tLSH : 0.000618
tTrue: 0.019618
R-near neighbors:
2337
9835
6712
5901
5672
5448
1236
721
897
9852
3354
2491
638
3367
5706
4159
9690
Query: 61
Nearest Neighbor-1: 5207
distanceLSH: 288.414632
distanceTrue: 170.308544
Nearest Neighbor-2: 5048
distanceLSH: 298.867864
distanceTrue: 264.022726
Nearest Neighbor-3: 4794
distanceLSH: 311.664884
distanceTrue: 265.339405
Nearest Neighbor-4: 4673
distanceLSH: 314.842818
distanceTrue: 268.350517
Nearest Neighbor-5: 5511
distanceLSH: 315.242764
distanceTrue: 270.628897
tLSH : 0.000470
tTrue: 0.020243
R-near neighbors:
5207
5048
4794
4673
5511
4583
5357
1409
3667
9560
Query: 62
Nearest Neighbor-1: 7726
distanceLSH: 296.548478
distanceTrue: 140.356688
Nearest Neighbor-2: 8943
distanceLSH: 301.942047
distanceTrue: 151.993421
Nearest Neighbor-3: 1641
distanceLSH: 317.383049
distanceTrue: 242.295274
Nearest Neighbor-4: 5925
distanceLSH: 327.188019
distanceTrue: 249.188684
Nearest Neighbor-5: 8225
distanceLSH: 332.819771
distanceTrue: 249.795917
tLSH : 0.000458
tTrue: 0.018798
R-near neighbors:
7726
8943
1641
5925
8225
5217
5074
Query: 63
Nearest Neighbor-1: 7270
distanceLSH: 182.057683
distanceTrue: 131.651054
Nearest Neighbor-2: 6372
distanceLSH: 223.832527
distanceTrue: 182.057683
Nearest Neighbor-3: 5338
distanceLSH: 261.654352
distanceTrue: 193.220082
Nearest Neighbor-4: 5713
distanceLSH: 268.799182
distanceTrue: 203.580451
Nearest Neighbor-5: 6364
distanceLSH: 270.712024
distanceTrue: 207.016908
tLSH : 0.000738
tTrue: 0.021853
R-near neighbors:
7270
6372
5338
5713
6364
5926
6824
6951
Query: 64
Nearest Neighbor-1: 7095
distanceLSH: 152.417191
distanceTrue: 94.915752
Nearest Neighbor-2: 4441
distanceLSH: 361.929551
distanceTrue: 124.225601
Nearest Neighbor-3: 3576
distanceLSH: 410.612956
distanceTrue: 133.502809
Nearest Neighbor-4: 4894
distanceLSH: 423.076825
distanceTrue: 152.417191
Nearest Neighbor-5: 6200
distanceLSH: 423.631916
distanceTrue: 207.766696
tLSH : 0.000456
tTrue: 0.019757
R-near neighbors:
7095
Query: 65
Nearest Neighbor-1: 8746
distanceLSH: 321.283364
distanceTrue: 138.275088
Nearest Neighbor-2: 2240
distanceLSH: 329.736258
distanceTrue: 226.823720
Nearest Neighbor-3: 5330
distanceLSH: 336.455049
distanceTrue: 240.696905
Nearest Neighbor-4: 7593
distanceLSH: 343.851712
distanceTrue: 243.963112
Nearest Neighbor-5: 6430
distanceLSH: 361.890868
distanceTrue: 247.390380
tLSH : 0.000664
tTrue: 0.019427
R-near neighbors:
8746
2240
5330
7593
Query: 66
Nearest Neighbor-1: 2690
distanceLSH: 316.415866
distanceTrue: 173.381083
Nearest Neighbor-2: 3808
distanceLSH: 376.964189
distanceTrue: 219.861320
Nearest Neighbor-3: 3539
distanceLSH: 392.632143
distanceTrue: 224.194112
Nearest Neighbor-4: 756
distanceLSH: 416.960430
distanceTrue: 233.008584
Nearest Neighbor-5: 772
distanceLSH: 444.867396
distanceTrue: 234.469614
tLSH : 0.000408
tTrue: 0.020683
R-near neighbors:
2690
Query: 67
Nearest Neighbor-1: 2689
distanceLSH: 444.833677
distanceTrue: 200.865627
Nearest Neighbor-2: 1332
distanceLSH: 453.473263
distanceTrue: 225.698914
Nearest Neighbor-3: 4087
distanceLSH: 454.389701
distanceTrue: 230.047821
Nearest Neighbor-4: 91
distanceLSH: 460.554014
distanceTrue: 241.447717
Nearest Neighbor-5: 653
distanceLSH: 491.252481
distanceTrue: 247.917325
tLSH : 0.000529
tTrue: 0.019437
R-near neighbors:
Query: 68
Nearest Neighbor-1: 8720
distanceLSH: 397.904511
distanceTrue: 224.225333
tLSH : 0.000428
tTrue: 0.020061
R-near neighbors:
Query: 69
Nearest Neighbor-1: 9894
distanceLSH: 202.770807
distanceTrue: 201.310705
Nearest Neighbor-2: 9876
distanceLSH: 224.873298
distanceTrue: 201.335541
Nearest Neighbor-3: 9800
distanceLSH: 226.187975
distanceTrue: 202.770807
Nearest Neighbor-4: 2351
distanceLSH: 230.956706
distanceTrue: 203.179723
Nearest Neighbor-5: 1822
distanceLSH: 235.834688
distanceTrue: 206.893693
tLSH : 0.000706
tTrue: 0.019874
R-near neighbors:
9894
9876
9800
2351
1822
5257
2560
6758
5169
9721
6077
5312
5
9892
7932
537
1145
9748
8978
5327
5092
1652
4712
810
1594
7262
5289
4952
190
9752
Query: 70
Nearest Neighbor-1: 710
distanceLSH: 315.797403
distanceTrue: 266.812668
Nearest Neighbor-2: 5770
distanceLSH: 319.874976
distanceTrue: 268.536776
Nearest Neighbor-3: 8445
distanceLSH: 336.802613
distanceTrue: 276.108674
Nearest Neighbor-4: 8077
distanceLSH: 339.477540
distanceTrue: 276.219116
Nearest Neighbor-5: 4207
distanceLSH: 344.065401
distanceTrue: 283.869688
tLSH : 0.000829
tTrue: 0.018890
R-near neighbors:
710
5770
8445
8077
4207
Query: 71
Nearest Neighbor-1: 6125
distanceLSH: 46.818800
distanceTrue: 46.818800
Nearest Neighbor-2: 5913
distanceLSH: 100.772020
distanceTrue: 80.367904
Nearest Neighbor-3: 5455
distanceLSH: 158.151826
distanceTrue: 100.772020
Nearest Neighbor-4: 5218
distanceLSH: 173.723919
distanceTrue: 112.049096
Nearest Neighbor-5: 3192
distanceLSH: 195.632308
distanceTrue: 132.280006
tLSH : 0.000749
tTrue: 0.020441
R-near neighbors:
6125
5913
5455
5218
3192
2133
9722
3925
683
9842
6757
6076
9869
4960
879
9998
8964
5557
3086
8343
3632
8704
1703
3766
2894
4852
4961
Query: 72
Nearest Neighbor-1: 4196
distanceLSH: 305.062289
distanceTrue: 193.674985
Nearest Neighbor-2: 7427
distanceLSH: 330.661458
distanceTrue: 205.701240
Nearest Neighbor-3: 9466
distanceLSH: 340.139677
distanceTrue: 222.800359
Nearest Neighbor-4: 8605
distanceLSH: 353.351100
distanceTrue: 252.331132
Nearest Neighbor-5: 8058
distanceLSH: 370.851722
distanceTrue: 253.369296
tLSH : 0.000758
tTrue: 0.020211
R-near neighbors:
4196
7427
9466
Query: 73
tLSH : 0.000410
tTrue: 0.018931
R-near neighbors:
Query: 74
Nearest Neighbor-1: 6854
distanceLSH: 230.458239
distanceTrue: 230.458239
Nearest Neighbor-2: 6330
distanceLSH: 367.586724
distanceTrue: 289.490933
Nearest Neighbor-3: 8089
distanceLSH: 382.399006
distanceTrue: 289.594544
Nearest Neighbor-4: 3236
distanceLSH: 434.904587
distanceTrue: 291.890390
Nearest Neighbor-5: 9085
distanceLSH: 435.182720
distanceTrue: 295.585859
tLSH : 0.000430
tTrue: 0.018613
R-near neighbors:
6854
Query: 75
Nearest Neighbor-1: 5139
distanceLSH: 240.010416
distanceTrue: 131.095385
Nearest Neighbor-2: 5911
distanceLSH: 241.340009
distanceTrue: 220.020454
Nearest Neighbor-3: 4512
distanceLSH: 261.486137
distanceTrue: 220.503968
Nearest Neighbor-4: 353
distanceLSH: 262.958172
distanceTrue: 222.186858
Nearest Neighbor-5: 9561
distanceLSH: 266.795802
distanceTrue: 223.597853
tLSH : 0.000534
tTrue: 0.018743
R-near neighbors:
5139
5911
4512
353
9561
9623
9522
766
8392
3501
9707
7805
852
9871
4490
2208
8482
6840
9619
4949
2831
2424
7040
5108
8737
535
3019
74
1359
5073
Query: 76
Nearest Neighbor-1: 5215
distanceLSH: 336.765497
distanceTrue: 212.061312
Nearest Neighbor-2: 2487
distanceLSH: 347.082123
distanceTrue: 254.768522
Nearest Neighbor-3: 4774
distanceLSH: 357.127428
distanceTrue: 294.258390
Nearest Neighbor-4: 4893
distanceLSH: 362.208503
distanceTrue: 297.791874
Nearest Neighbor-5: 4615
distanceLSH: 363.004132
distanceTrue: 299.314216
tLSH : 0.000515
tTrue: 0.018848
R-near neighbors:
5215
2487
Query: 77
Nearest Neighbor-1: 7275
distanceLSH: 372.798873
distanceTrue: 251.256841
tLSH : 0.000400
tTrue: 0.018882
R-near neighbors:
Query: 78
Nearest Neighbor-1: 8183
distanceLSH: 396.031564
distanceTrue: 293.715849
Nearest Neighbor-2: 3452
distanceLSH: 413.331586
distanceTrue: 298.879574
Nearest Neighbor-3: 7567
distanceLSH: 421.007126
distanceTrue: 306.737673
Nearest Neighbor-4: 2034
distanceLSH: 425.022352
distanceTrue: 317.762490
Nearest Neighbor-5: 28
distanceLSH: 431.464946
distanceTrue: 317.908792
tLSH : 0.000434
tTrue: 0.018806
R-near neighbors:
Query: 79
Nearest Neighbor-1: 4915
distanceLSH: 306.603979
distanceTrue: 226.867803
Nearest Neighbor-2: 9792
distanceLSH: 316.790151
distanceTrue: 245.515784
Nearest Neighbor-3: 4926
distanceLSH: 318.614187
distanceTrue: 254.876441
Nearest Neighbor-4: 4640
distanceLSH: 322.617420
distanceTrue: 258.880281
Nearest Neighbor-5: 5382
distanceLSH: 328.185923
distanceTrue: 260.929109
tLSH : 0.000433
tTrue: 0.018859
R-near neighbors:
4915
9792
4926
4640
5382
1450
2211
6565
5820
4803
Query: 80
Nearest Neighbor-1: 6071
distanceLSH: 148.165448
distanceTrue: 148.165448
Nearest Neighbor-2: 8070
distanceLSH: 160.415087
distanceTrue: 160.415087
Nearest Neighbor-3: 5968
distanceLSH: 161.369142
distanceTrue: 161.369142
Nearest Neighbor-4: 7490
distanceLSH: 180.222085
distanceTrue: 171.192874
Nearest Neighbor-5: 7081
distanceLSH: 183.363028
distanceTrue: 180.222085
tLSH : 0.000526
tTrue: 0.019193
R-near neighbors:
6071
8070
5968
7490
7081
5953
7077
9930
9889
1906
9857
6147
8164
4130
2295
6080
2736
8241
4747
3110
7531
7389
2449
2574
8675
3619
4525
3152
438
9614
885
5764
5892
740
606
7091
7367
3841
Query: 81
Nearest Neighbor-1: 5153
distanceLSH: 341.836218
distanceTrue: 146.311312
Nearest Neighbor-2: 6375
distanceLSH: 350.994302
distanceTrue: 230.893915
Nearest Neighbor-3: 6537
distanceLSH: 427.121762
distanceTrue: 281.067608
tLSH : 0.000403
tTrue: 0.019617
R-near neighbors:
5153
Query: 82
Nearest Neighbor-1: 4117
distanceLSH: 346.280233
distanceTrue: 276.819436
Nearest Neighbor-2: 7187
distanceLSH: 383.726465
distanceTrue: 295.409885
Nearest Neighbor-3: 2249
distanceLSH: 393.230212
distanceTrue: 297.302876
Nearest Neighbor-4: 2146
distanceLSH: 396.209541
distanceTrue: 298.705541
Nearest Neighbor-5: 3294
distanceLSH: 398.665273
distanceTrue: 302.365673
tLSH : 0.000498
tTrue: 0.019618
R-near neighbors:
4117
Query: 83
Nearest Neighbor-1: 7631
distanceLSH: 328.289506
distanceTrue: 271.981617
Nearest Neighbor-2: 6485
distanceLSH: 339.275699
distanceTrue: 273.892315
Nearest Neighbor-3: 5371
distanceLSH: 344.232480
distanceTrue: 278.718496
Nearest Neighbor-4: 6963
distanceLSH: 384.699883
distanceTrue: 280.237399
Nearest Neighbor-5: 6278
distanceLSH: 388.503539
distanceTrue: 280.360482
tLSH : 0.000440
tTrue: 0.018903
R-near neighbors:
7631
6485
5371
Query: 84
Nearest Neighbor-1: 4673
distanceLSH: 273.270928
distanceTrue: 181.606718
Nearest Neighbor-2: 4109
distanceLSH: 291.892103
distanceTrue: 196.987309
Nearest Neighbor-3: 3505
distanceLSH: 299.406079
distanceTrue: 237.667835
Nearest Neighbor-4: 9145
distanceLSH: 308.256387
distanceTrue: 249.389254
Nearest Neighbor-5: 5207
distanceLSH: 323.604697
distanceTrue: 252.513366
tLSH : 0.000431
tTrue: 0.018851
R-near neighbors:
4673
4109
3505
9145
5207
5511
4794
Query: 85
Nearest Neighbor-1: 8895
distanceLSH: 192.678489
distanceTrue: 192.678489
Nearest Neighbor-2: 5880
distanceLSH: 250.465566
distanceTrue: 233.846103
Nearest Neighbor-3: 9209
distanceLSH: 254.896057
distanceTrue: 248.362638
Nearest Neighbor-4: 5731
distanceLSH: 266.602701
distanceTrue: 249.661771
Nearest Neighbor-5: 3468
distanceLSH: 276.533904
distanceTrue: 250.465566
tLSH : 0.000552
tTrue: 0.018575
R-near neighbors:
8895
5880
9209
5731
3468
5407
9097
4473
3601
872
4904
4709
7573
5132
621
729
9398
1009
8048
6827
8590
62
6150
4593
7400
7423
4731
4743
Query: 86
tLSH : 0.000413
tTrue: 0.018885
R-near neighbors:
Query: 87
Nearest Neighbor-1: 7856
distanceLSH: 349.459583
distanceTrue: 224.906647
Nearest Neighbor-2: 1628
distanceLSH: 356.268157
distanceTrue: 255.282197
Nearest Neighbor-3: 2617
distanceLSH: 362.393433
distanceTrue: 265.054711
Nearest Neighbor-4: 6793
distanceLSH: 367.787982
distanceTrue: 277.784089
Nearest Neighbor-5: 1681
distanceLSH: 378.862772
distanceTrue: 281.778282
tLSH : 0.000419
tTrue: 0.018865
R-near neighbors:
7856
Query: 88
Nearest Neighbor-1: 1628
distanceLSH: 405.512022
distanceTrue: 123.559702
Nearest Neighbor-2: 7856
distanceLSH: 428.617545
distanceTrue: 216.025461
Nearest Neighbor-3: 2617
distanceLSH: 432.245301
distanceTrue: 217.935770
Nearest Neighbor-4: 1681
distanceLSH: 449.797732
distanceTrue: 231.207699
Nearest Neighbor-5: 2391
distanceLSH: 449.944441
distanceTrue: 234.113220
tLSH : 0.000430
tTrue: 0.019114
R-near neighbors:
Query: 89
Nearest Neighbor-1: 6537
distanceLSH: 301.396748
distanceTrue: 75.079957
Nearest Neighbor-2: 6375
distanceLSH: 316.404804
distanceTrue: 135.051842
Nearest Neighbor-3: 5153
distanceLSH: 399.751173
distanceTrue: 154.418263
tLSH : 0.000409
tTrue: 0.018774
R-near neighbors:
6537
6375
Query: 90
Nearest Neighbor-1: 6832
distanceLSH: 212.682862
distanceTrue: 114.533838
Nearest Neighbor-2: 5291
distanceLSH: 222.674651
distanceTrue: 157.340395
Nearest Neighbor-3: 4955
distanceLSH: 237.827669
distanceTrue: 191.522845
Nearest Neighbor-4: 7824
distanceLSH: 248.555829
distanceTrue: 206.421898
Nearest Neighbor-5: 6314
distanceLSH: 249.321078
distanceTrue: 208.031248
tLSH : 0.000544
tTrue: 0.018890
R-near neighbors:
6832
5291
4955
7824
6314
7284
6971
6983
9491
7179
6647
6522
4649
4598
8425
6678
6377
6458
6659
4579
4276
4800
9978
3269
4816
6821
6721
3634
6112
7172
7635
6999
2361
7196
6688
6613
6799
9276
6480
8107
9730
9234
210
6835
8247
8910
6247
5223
3472
978
5890
4619
7555
7623
6317
5881
7030
Query: 91
Nearest Neighbor-1: 9259
distanceLSH: 50.457903
distanceTrue: 50.457903
Nearest Neighbor-2: 9418
distanceLSH: 60.663004
distanceTrue: 60.663004
Nearest Neighbor-3: 104
distanceLSH: 163.141043
distanceTrue: 156.233799
Nearest Neighbor-4: 33
distanceLSH: 207.576492
distanceTrue: 157.629312
Nearest Neighbor-5: 5261
distanceLSH: 221.316515
distanceTrue: 163.141043
tLSH : 0.000437
tTrue: 0.018775
R-near neighbors:
9259
9418
104
33
5261
516
4873
746
8901
1040
4688
5004
Query: 92
Nearest Neighbor-1: 7045
distanceLSH: 372.026881
distanceTrue: 298.026844
Nearest Neighbor-2: 5909
distanceLSH: 381.625471
distanceTrue: 308.970872
Nearest Neighbor-3: 9221
distanceLSH: 383.529660
distanceTrue: 314.189433
Nearest Neighbor-4: 3208
distanceLSH: 385.740846
distanceTrue: 317.480708
Nearest Neighbor-5: 3792
distanceLSH: 395.222722
distanceTrue: 318.824403
tLSH : 0.000681
tTrue: 0.018991
R-near neighbors:
Query: 93
Nearest Neighbor-1: 581
distanceLSH: 307.982142
distanceTrue: 141.463776
Nearest Neighbor-2: 8092
distanceLSH: 368.556644
distanceTrue: 245.210114
Nearest Neighbor-3: 5184
distanceLSH: 377.175026
distanceTrue: 293.625612
Nearest Neighbor-4: 1048
distanceLSH: 381.732891
distanceTrue: 305.942805
Nearest Neighbor-5: 7785
distanceLSH: 381.863850
distanceTrue: 307.982142
tLSH : 0.000721
tTrue: 0.018965
R-near neighbors:
581
Query: 94
Nearest Neighbor-1: 7765
distanceLSH: 372.947718
distanceTrue: 234.774360
Nearest Neighbor-2: 7871
distanceLSH: 373.259963
distanceTrue: 258.338925
Nearest Neighbor-3: 6919
distanceLSH: 374.967999
distanceTrue: 259.917295
Nearest Neighbor-4: 6876
distanceLSH: 390.943730
distanceTrue: 265.734830
Nearest Neighbor-5: 1976
distanceLSH: 399.896237
distanceTrue: 268.717324
tLSH : 0.000425
tTrue: 0.018881
R-near neighbors:
Query: 95
Nearest Neighbor-1: 6332
distanceLSH: 423.026004
distanceTrue: 160.570857
Nearest Neighbor-2: 8396
distanceLSH: 430.043021
distanceTrue: 236.376818
Nearest Neighbor-3: 1641
distanceLSH: 443.481679
distanceTrue: 245.981707
Nearest Neighbor-4: 7867
distanceLSH: 460.335747
distanceTrue: 256.515107
Nearest Neighbor-5: 7726
distanceLSH: 462.366738
distanceTrue: 260.470728
tLSH : 0.000446
tTrue: 0.019024
R-near neighbors:
Query: 96
Nearest Neighbor-1: 9200
distanceLSH: 339.123871
distanceTrue: 305.391552
Nearest Neighbor-2: 6973
distanceLSH: 353.936435
distanceTrue: 313.359219
Nearest Neighbor-3: 588
distanceLSH: 391.772893
distanceTrue: 313.738745
Nearest Neighbor-4: 3813
distanceLSH: 424.051884
distanceTrue: 318.987461
Nearest Neighbor-5: 1989
distanceLSH: 427.437715
distanceTrue: 320.947036
tLSH : 0.000467
tTrue: 0.019084
R-near neighbors:
9200
Query: 97
Nearest Neighbor-1: 2127
distanceLSH: 322.956653
distanceTrue: 285.790133
Nearest Neighbor-2: 7025
distanceLSH: 348.822304
distanceTrue: 303.557243
Nearest Neighbor-3: 2015
distanceLSH: 356.761825
distanceTrue: 318.366141
Nearest Neighbor-4: 4389
distanceLSH: 379.437742
distanceTrue: 320.209307
Nearest Neighbor-5: 4236
distanceLSH: 379.652473
distanceTrue: 322.956653
tLSH : 0.000595
tTrue: 0.018986
R-near neighbors:
2127
7025
Query: 98
Nearest Neighbor-1: 2094
distanceLSH: 518.240292
distanceTrue: 233.531582
tLSH : 0.000397
tTrue: 0.019155
R-near neighbors:
Query: 99
Nearest Neighbor-1: 4575
distanceLSH: 245.863783
distanceTrue: 137.429982
Nearest Neighbor-2: 7338
distanceLSH: 246.243782
distanceTrue: 138.899244
Nearest Neighbor-3: 5592
distanceLSH: 246.430518
distanceTrue: 138.964024
Nearest Neighbor-4: 7134
distanceLSH: 250.679078
distanceTrue: 142.506140
Nearest Neighbor-5: 8597
distanceLSH: 272.321501
distanceTrue: 143.457311
tLSH : 0.000458
tTrue: 0.019091
R-near neighbors:
4575
7338
5592
7134
8597
8878
7758
6742
8181
7409
8266
7263
7737
7482
1952
Query: 100
Nearest Neighbor-1: 9164
distanceLSH: 310.402964
distanceTrue: 184.613109
Nearest Neighbor-2: 7751
distanceLSH: 495.589548
distanceTrue: 234.885078
Nearest Neighbor-3: 3739
distanceLSH: 502.840929
distanceTrue: 308.608166
Nearest Neighbor-4: 3247
distanceLSH: 568.044012
distanceTrue: 310.402964
Nearest Neighbor-5: 3713
distanceLSH: 574.231661
distanceTrue: 318.940433
tLSH : 0.000451
tTrue: 0.019088
R-near neighbors:
9164
